=~=~=~=~=~=~=~=~=~=~=~= PuTTY log 2024.12.07 15:49:38 =~=~=~=~=~=~=~=~=~=~=~=
initf
FiRa Session Parameters: {
SESSION_ID: 42,
CHANNEL_NUMBER: 9,
DEVICE_ROLE: INITIATOR,
RANGING_ROUND_USAGE: DS_TWR_DEFERRED,
SLOT_DURATION [rstu]: 2400,
RANGING_DURATION [ms]: 200,
SLOTS_PER_RR: 25,
MULTI_NODE_MODE: UNICAST,
HOPPING_MODE: Disabled,
RFRAME_CONFIG: SP3,
SFD_ID: 2,
PREAMBLE_CODE_INDEX: 10,
STATIC_STS_IV: "01:02:03:04:05:06",
VENDOR_ID: "07:08",
DEVICE_MAC_ADDRESS: 0x0000,
DST_MAC_ADDRESS[0]: 0x0001
}
ok
SESSION_STATUS_NTF: {state="INIT", reason="State change with session management commands"}
SESSION_STATUS_NTF: {state="IDLE", reason="State change with session management commands"}
SESSION_STATUS_NTF: {state="ACTIVE", reason="State change with session management commands"}
SESSION_INFO_NTF: {session_handle=1, sequence_number=0, block_index=0, n_measurements=1

 [mac_address=0x0001, status="SUCCESS", distance[cm]=282]}
SESSION_INFO_NTF: {session_handle=1, sequence_number=1, block_index=1, n_measurements=1

 [mac_address=0x0001, status="SUCCESS", distance[cm]=284]}
SESSION_INFO_NTF: {session_handle=1, sequence_number=2, block_index=2, n_measurements=1

 [mac_address=0x0001, status="SUCCESS", distance[cm]=280]}
SESSION_INFO_NTF: {session_handle=1, sequence_number=3, block_index=3, n_measurements=1

 [mac_address=0x0001, status="SUCCESS", distance[cm]=277]}
SESSION_INFO_NTF: {session_handle=1, sequence_number=4, block_index=4, n_measurements=1

 [mac_address=0x0001, status="SUCCESS", distance[cm]=291]}
SESSION_INFO_NTF: {session_handle=1, sequence_number=5, block_index=5, n_measurements=1

 [mac_address=0x0001, status="SUCCESS", distance[cm]=280]}
SESSION_INFO_NTF: {session_handle=1, sequence_number=6, block_index=6, n_measurements=1

 [mac_address=0x0001, status="SUCCESS", distance[cm]=338]}
SESSION_INFO_NTF: {session_handle=1, sequence_number=7, block_index=7, n_measurements=1

 [mac_address=0x0001, status="SUCCESS", distance[cm]=356]}
SESSION_INFO_NTF: {session_handle=1, sequence_number=8, block_index=8, n_measurements=1

 [mac_address=0x0001, status="SUCCESS", distance[cm]=403]}
SESSION_INFO_NTF: {session_handle=1, sequence_number=9, block_index=9, n_measurements=1

 [mac_address=0x0001, status="SUCCESS", distance[cm]=319]}
SESSION_INFO_NTF: {session_handle=1, sequence_number=10, block_index=10, n_measurements=1

 [mac_address=0x0001, status="SUCCESS", distance[cm]=271]}
SESSION_INFO_NTF: {session_handle=1, sequence_number=11, block_index=11, n_measurements=1

 [mac_address=0x0001, status="SUCCESS", distance[cm]=288]}
SESSION_INFO_NTF: {session_handle=1, sequence_number=12, block_index=12, n_measurements=1

 [mac_address=0x0001, status="SUCCESS", distance[cm]=292]}
SESSION_INFO_NTF: {session_handle=1, sequence_number=13, block_index=13, n_measurements=1

 [mac_address=0x0001, status="SUCCESS", distance[cm]=281]}
SESSION_INFO_NTF: {session_handle=1, sequence_number=14, block_index=14, n_measurements=1

 [mac_address=0x0001, status="SUCCESS", distance[cm]=288]}
SESSION_INFO_NTF: {session_handle=1, sequence_number=15, block_index=15, n_measurements=1

 [mac_address=0x0001, status="SUCCESS", distance[cm]=290]}
SESSION_INFO_NTF: {session_handle=1, sequence_number=16, block_index=16, n_measurements=1

 [mac_address=0x0001, status="SUCCESS", distance[cm]=292]}
SESSION_INFO_NTF: {session_handle=1, sequence_number=17, block_index=17, n_measurements=1

 [mac_address=0x0001, status="SUCCESS", distance[cm]=275]}
SESSION_INFO_NTF: {session_handle=1, sequence_number=18, block_index=18, n_measurements=1

 [mac_address=0x0001, status="SUCCESS", distance[cm]=287]}
SESSION_INFO_NTF: {session_handle=1, sequence_number=19, block_index=19, n_measurements=1

 [mac_address=0x0001, status="SUCCESS", distance[cm]=269]}
SESSION_INFO_NTF: {session_handle=1, sequence_number=20, block_index=20, n_measurements=1

 [mac_address=0x0001, status="SUCCESS", distance[cm]=269]}
SESSION_INFO_NTF: {session_handle=1, sequence_number=21, block_index=21, n_measurements=1

 [mac_address=0x0001, status="SUCCESS", distance[cm]=269]}
SESSION_INFO_NTF: {session_handle=1, sequence_number=22, block_index=22, n_measurements=1

 [mac_address=0x0001, status="SUCCESS", distance[cm]=287]}
SESSION_INFO_NTF: {session_handle=1, sequence_number=23, block_index=23, n_measurements=1

 [mac_address=0x0001, status="SUCCESS", distance[cm]=283]}
SESSION_INFO_NTF: {session_handle=1, sequence_number=24, block_index=24, n_measurements=1

 [mac_address=0x0001, status="SUCCESS", distance[cm]=264]}
SESSION_INFO_NTF: {session_handle=1, sequence_number=25, block_index=25, n_measurements=1

 [mac_address=0x0001, status="SUCCESS", distance[cm]=271]}
SESSION_INFO_NTF: {session_handle=1, sequence_number=26, block_index=26, n_measurements=1

 [mac_address=0x0001, status="SUCCESS", distance[cm]=273]}
SESSION_INFO_NTF: {session_handle=1, sequence_number=27, block_index=27, n_measurements=1

 [mac_address=0x0001, status="SUCCESS", distance[cm]=271]}
SESSION_INFO_NTF: {session_handle=1, sequence_number=28, block_index=28, n_measurements=1

 [mac_address=0x0001, status="SUCCESS", distance[cm]=274]}
SESSION_INFO_NTF: {session_handle=1, sequence_number=29, block_index=29, n_measurements=1

 [mac_address=0x0001, status="SUCCESS", distance[cm]=278]}
SESSION_INFO_NTF: {session_handle=1, sequence_number=30, block_index=30, n_measurements=1

 [mac_address=0x0001, status="SUCCESS", distance[cm]=296]}
SESSION_INFO_NTF: {session_handle=1, sequence_number=31, block_index=31, n_measurements=1

 [mac_address=0x0001, status="SUCCESS", distance[cm]=273]}
SESSION_INFO_NTF: {session_handle=1, sequence_number=32, block_index=32, n_measurements=1

 [mac_address=0x0001, status="SUCCESS", distance[cm]=288]}
SESSION_INFO_NTF: {session_handle=1, sequence_number=33, block_index=33, n_measurements=1

 [mac_address=0x0001, status="SUCCESS", distance[cm]=280]}
SESSION_INFO_NTF: {session_handle=1, sequence_number=34, block_index=34, n_measurements=1

 [mac_address=0x0001, status="SUCCESS", distance[cm]=360]}
SESSION_INFO_NTF: {session_handle=1, sequence_number=35, block_index=35, n_measurements=1

 [mac_address=0x0001, status="SUCCESS", distance[cm]=387]}
SESSION_INFO_NTF: {session_handle=1, sequence_number=36, block_index=36, n_measurements=1

 [mac_address=0x0001, status="SUCCESS", distance[cm]=284]}
SESSION_INFO_NTF: {session_handle=1, sequence_number=37, block_index=37, n_measurements=1

 [mac_address=0x0001, status="SUCCESS", distance[cm]=352]}
SESSION_INFO_NTF: {session_handle=1, sequence_number=38, block_index=38, n_measurements=1

 [mac_address=0x0001, status="SUCCESS", distance[cm]=278]}
SESSION_INFO_NTF: {session_handle=1, sequence_number=39, block_index=39, n_measurements=1

 [mac_address=0x0001, status="SUCCESS", distance[cm]=281]}
SESSION_INFO_NTF: {session_handle=1, sequence_number=40, block_index=40, n_measurements=1

 [mac_address=0x0001, status="SUCCESS", distance[cm]=279]}
SESSION_INFO_NTF: {session_handle=1, sequence_number=41, block_index=41, n_measurements=1

 [mac_address=0x0001, status="SUCCESS", distance[cm]=281]}
SESSION_INFO_NTF: {session_handle=1, sequence_number=42, block_index=42, n_measurements=1

 [mac_address=0x0001, status="SUCCESS", distance[cm]=273]}
SESSION_INFO_NTF: {session_handle=1, sequence_number=43, block_index=43, n_measurements=1

 [mac_address=0x0001, status="SUCCESS", distance[cm]=284]}
SESSION_INFO_NTF: {session_handle=1, sequence_number=44, block_index=44, n_measurements=1

 [mac_address=0x0001, status="SUCCESS", distance[cm]=268]}
SESSION_INFO_NTF: {session_handle=1, sequence_number=45, block_index=45, n_measurements=1

 [mac_address=0x0001, status="SUCCESS", distance[cm]=271]}
SESSION_INFO_NTF: {session_handle=1, sequence_number=46, block_index=46, n_measurements=1

 [mac_address=0x0001, status="SUCCESS", distance[cm]=263]}
SESSION_INFO_NTF: {session_handle=1, sequence_number=47, block_index=47, n_measurements=1

 [mac_address=0x0001, status="SUCCESS", distance[cm]=274]}
SESSION_INFO_NTF: {session_handle=1, sequence_number=48, block_index=48, n_measurements=1

 [mac_address=0x0001, status="SUCCESS", distance[cm]=274]}
SESSION_INFO_NTF: {session_handle=1, sequence_number=49, block_index=49, n_measurements=1

 [mac_address=0x0001, status="SUCCESS", distance[cm]=271]}
SESSION_INFO_NTF: {session_handle=1, sequence_number=50, block_index=50, n_measurements=1

 [mac_address=0x0001, status="SUCCESS", distance[cm]=279]}
SESSION_INFO_NTF: {session_handle=1, sequence_number=51, block_index=51, n_measurements=1

 [mac_address=0x0001, status="SUCCESS", distance[cm]=274]}
SESSION_INFO_NTF: {session_handle=1, sequence_number=52, block_index=52, n_measurements=1

 [mac_address=0x0001, status="SUCCESS", distance[cm]=271]}
SESSION_INFO_NTF: {session_handle=1, sequence_number=53, block_index=53, n_measurements=1

 [mac_address=0x0001, status="SUCCESS", distance[cm]=277]}
SESSION_INFO_NTF: {session_handle=1, sequence_number=54, block_index=54, n_measurements=1

 [mac_address=0x0001, status="SUCCESS", distance[cm]=275]}
SESSION_INFO_NTF: {session_handle=1, sequence_number=55, block_index=55, n_measurements=1

 [mac_address=0x0001, status="SUCCESS", distance[cm]=281]}
SESSION_INFO_NTF: {session_handle=1, sequence_number=56, block_index=56, n_measurements=1

 [mac_address=0x0001, status="SUCCESS", distance[cm]=282]}
SESSION_INFO_NTF: {session_handle=1, sequence_number=57, block_index=57, n_measurements=1

 [mac_address=0x0001, status="SUCCESS", distance[cm]=288]}
SESSION_INFO_NTF: {session_handle=1, sequence_number=58, block_index=58, n_measurements=1

 [mac_address=0x0001, status="SUCCESS", distance[cm]=277]}
SESSION_INFO_NTF: {session_handle=1, sequence_number=59, block_index=59, n_measurements=1

 [mac_address=0x0001, status="SUCCESS", distance[cm]=279]}
SESSION_INFO_NTF: {session_handle=1, sequence_number=60, block_index=60, n_measurements=1

 [mac_address=0x0001, status="SUCCESS", distance[cm]=281]}
SESSION_INFO_NTF: {session_handle=1, sequence_number=61, block_index=61, n_measurements=1

 [mac_address=0x0001, status="SUCCESS", distance[cm]=281]}
SESSION_INFO_NTF: {session_handle=1, sequence_number=62, block_index=62, n_measurements=1

 [mac_address=0x0001, status="SUCCESS", distance[cm]=285]}
SESSION_INFO_NTF: {session_handle=1, sequence_number=63, block_index=63, n_measurements=1

 [mac_address=0x0001, status="SUCCESS", distance[cm]=280]}
SESSION_INFO_NTF: {session_handle=1, sequence_number=64, block_index=64, n_measurements=1

 [mac_address=0x0001, status="SUCCESS", distance[cm]=273]}
SESSION_INFO_NTF: {session_handle=1, sequence_number=65, block_index=65, n_measurements=1

 [mac_address=0x0001, status="SUCCESS", distance[cm]=281]}
SESSION_INFO_NTF: {session_handle=1, sequence_number=66, block_index=66, n_measurements=1

 [mac_address=0x0001, status="SUCCESS", distance[cm]=284]}
SESSION_INFO_NTF: {session_handle=1, sequence_number=67, block_index=67, n_measurements=1

 [mac_address=0x0001, status="SUCCESS", distance[cm]=285]}
SESSION_INFO_NTF: {session_handle=1, sequence_number=68, block_index=68, n_measurements=1

 [mac_address=0x0001, status="SUCCESS", distance[cm]=280]}
SESSION_INFO_NTF: {session_handle=1, sequence_number=69, block_index=69, n_measurements=1

 [mac_address=0x0001, status="SUCCESS", distance[cm]=290]}
SESSION_INFO_NTF: {session_handle=1, sequence_number=70, block_index=70, n_measurements=1

 [mac_address=0x0001, status="SUCCESS", distance[cm]=285]}
SESSION_INFO_NTF: {session_handle=1, sequence_number=71, block_index=71, n_measurements=1

 [mac_address=0x0001, status="SUCCESS", distance[cm]=299]}
SESSION_INFO_NTF: {session_handle=1, sequence_number=72, block_index=72, n_measurements=1

 [mac_address=0x0001, status="SUCCESS", distance[cm]=284]}
SESSION_INFO_NTF: {session_handle=1, sequence_number=73, block_index=73, n_measurements=1

 [mac_address=0x0001, status="SUCCESS", distance[cm]=289]}
SESSION_INFO_NTF: {session_handle=1, sequence_number=74, block_index=74, n_measurements=1

 [mac_address=0x0001, status="SUCCESS", distance[cm]=283]}
SESSION_INFO_NTF: {session_handle=1, sequence_number=75, block_index=75, n_measurements=1

 [mac_address=0x0001, status="SUCCESS", distance[cm]=284]}
SESSION_INFO_NTF: {session_handle=1, sequence_number=76, block_index=76, n_measurements=1

 [mac_address=0x0001, status="SUCCESS", distance[cm]=286]}
SESSION_INFO_NTF: {session_handle=1, sequence_number=77, block_index=77, n_measurements=1

 [mac_address=0x0001, status="SUCCESS", distance[cm]=287]}
SESSION_INFO_NTF: {session_handle=1, sequence_number=78, block_index=78, n_measurements=1

 [mac_address=0x0001, status="SUCCESS", distance[cm]=290]}
SESSION_INFO_NTF: {session_handle=1, sequence_number=79, block_index=79, n_measurements=1

 [mac_address=0x0001, status="SUCCESS", distance[cm]=279]}
SESSION_INFO_NTF: {session_handle=1, sequence_number=80, block_index=80, n_measurements=1

 [mac_address=0x0001, status="SUCCESS", distance[cm]=281]}
SESSION_INFO_NTF: {session_handle=1, sequence_number=81, block_index=81, n_measurements=1

 [mac_address=0x0001, status="SUCCESS", distance[cm]=281]}
SESSION_INFO_NTF: {session_handle=1, sequence_number=82, block_index=82, n_measurements=1

 [mac_address=0x0001, status="SUCCESS", distance[cm]=286]}
SESSION_INFO_NTF: {session_handle=1, sequence_number=83, block_index=83, n_measurements=1

 [mac_address=0x0001, status="SUCCESS", distance[cm]=289]}
SESSION_INFO_NTF: {session_handle=1, sequence_number=84, block_index=84, n_measurements=1

 [mac_address=0x0001, status="SUCCESS", distance[cm]=291]}
SESSION_INFO_NTF: {session_handle=1, sequence_number=85, block_index=85, n_measurements=1

 [mac_address=0x0001, status="SUCCESS", distance[cm]=292]}
SESSION_INFO_NTF: {session_handle=1, sequence_number=86, block_index=86, n_measurements=1

 [mac_address=0x0001, status="SUCCESS", distance[cm]=285]}
SESSION_INFO_NTF: {session_handle=1, sequence_number=87, block_index=87, n_measurements=1

 [mac_address=0x0001, status="SUCCESS", distance[cm]=263]}
SESSION_INFO_NTF: {session_handle=1, sequence_number=88, block_index=88, n_measurements=1

 [mac_address=0x0001, status="SUCCESS", distance[cm]=273]}
SESSION_INFO_NTF: {session_handle=1, sequence_number=89, block_index=89, n_measurements=1

 [mac_address=0x0001, status="SUCCESS", distance[cm]=277]}
SESSION_INFO_NTF: {session_handle=1, sequence_number=90, block_index=90, n_measurements=1

 [mac_address=0x0001, status="SUCCESS", distance[cm]=302]}
SESSION_INFO_NTF: {session_handle=1, sequence_number=91, block_index=91, n_measurements=1

 [mac_address=0x0001, status="SUCCESS", distance[cm]=271]}
SESSION_INFO_NTF: {session_handle=1, sequence_number=92, block_index=92, n_measurements=1

 [mac_address=0x0001, status="SUCCESS", distance[cm]=276]}
SESSION_INFO_NTF: {session_handle=1, sequence_number=93, block_index=93, n_measurements=1

 [mac_address=0x0001, status="SUCCESS", distance[cm]=283]}
SESSION_INFO_NTF: {session_handle=1, sequence_number=94, block_index=94, n_measurements=1

 [mac_address=0x0001, status="SUCCESS", distance[cm]=276]}
SESSION_INFO_NTF: {session_handle=1, sequence_number=95, block_index=95, n_measurements=1

 [mac_address=0x0001, status="SUCCESS", distance[cm]=281]}
SESSION_INFO_NTF: {session_handle=1, sequence_number=96, block_index=96, n_measurements=1

 [mac_address=0x0001, status="SUCCESS", distance[cm]=283]}
SESSION_INFO_NTF: {session_handle=1, sequence_number=97, block_index=97, n_measurements=1

 [mac_address=0x0001, status="SUCCESS", distance[cm]=293]}
SESSION_INFO_NTF: {session_handle=1, sequence_number=98, block_index=98, n_measurements=1

 [mac_address=0x0001, status="SUCCESS", distance[cm]=296]}
SESSION_INFO_NTF: {session_handle=1, sequence_number=99, block_index=99, n_measurements=1

 [mac_address=0x0001, status="SUCCESS", distance[cm]=281]}
SESSION_INFO_NTF: {session_handle=1, sequence_number=100, block_index=100, n_measurements=1

 [mac_address=0x0001, status="SUCCESS", distance[cm]=286]}
SESSION_INFO_NTF: {session_handle=1, sequence_number=101, block_index=101, n_measurements=1

 [mac_address=0x0001, status="SUCCESS", distance[cm]=364]}
SESSION_INFO_NTF: {session_handle=1, sequence_number=102, block_index=102, n_measurements=1

 [mac_address=0x0001, status="SUCCESS", distance[cm]=372]}
SESSION_INFO_NTF: {session_handle=1, sequence_number=103, block_index=103, n_measurements=1

 [mac_address=0x0001, status="SUCCESS", distance[cm]=309]}
SESSION_INFO_NTF: {session_handle=1, sequence_number=104, block_index=104, n_measurements=1

 [mac_address=0x0001, status="SUCCESS", distance[cm]=280]}
SESSION_INFO_NTF: {session_handle=1, sequence_number=105, block_index=105, n_measurements=1

 [mac_address=0x0001, status="SUCCESS", distance[cm]=287]}
SESSION_INFO_NTF: {session_handle=1, sequence_number=106, block_index=106, n_measurements=1

 [mac_address=0x0001, status="SUCCESS", distance[cm]=286]}
SESSION_INFO_NTF: {session_handle=1, sequence_number=107, block_index=107, n_measurements=1

 [mac_address=0x0001, status="SUCCESS", distance[cm]=288]}
SESSION_INFO_NTF: {session_handle=1, sequence_number=108, block_index=108, n_measurements=1

 [mac_address=0x0001, status="SUCCESS", distance[cm]=276]}
SESSION_INFO_NTF: {session_handle=1, sequence_number=109, block_index=109, n_measurements=1

 [mac_address=0x0001, status="SUCCESS", distance[cm]=272]}
SESSION_INFO_NTF: {session_handle=1, sequence_number=110, block_index=110, n_measurements=1

 [mac_address=0x0001, status="SUCCESS", distance[cm]=270]}
SESSION_INFO_NTF: {session_handle=1, sequence_number=111, block_index=111, n_measurements=1

 [mac_address=0x0001, status="SUCCESS", distance[cm]=278]}
SESSION_INFO_NTF: {session_handle=1, sequence_number=112, block_index=112, n_measurements=1

 [mac_address=0x0001, status="SUCCESS", distance[cm]=275]}
SESSION_INFO_NTF: {session_handle=1, sequence_number=113, block_index=113, n_measurements=1

 [mac_address=0x0001, status="SUCCESS", distance[cm]=279]}
SESSION_INFO_NTF: {session_handle=1, sequence_number=114, block_index=114, n_measurements=1

 [mac_address=0x0001, status="SUCCESS", distance[cm]=273]}
SESSION_INFO_NTF: {session_handle=1, sequence_number=115, block_index=115, n_measurements=1

 [mac_address=0x0001, status="SUCCESS", distance[cm]=277]}
SESSION_INFO_NTF: {session_handle=1, sequence_number=116, block_index=116, n_measurements=1

 [mac_address=0x0001, status="SUCCESS", distance[cm]=273]}
SESSION_INFO_NTF: {session_handle=1, sequence_number=117, block_index=117, n_measurements=1

 [mac_address=0x0001, status="SUCCESS", distance[cm]=292]}
SESSION_INFO_NTF: {session_handle=1, sequence_number=118, block_index=118, n_measurements=1

 [mac_address=0x0001, status="SUCCESS", distance[cm]=281]}
SESSION_INFO_NTF: {session_handle=1, sequence_number=119, block_index=119, n_measurements=1

 [mac_address=0x0001, status="SUCCESS", distance[cm]=273]}
SESSION_INFO_NTF: {session_handle=1, sequence_number=120, block_index=120, n_measurements=1

 [mac_address=0x0001, status="SUCCESS", distance[cm]=272]}
SESSION_INFO_NTF: {session_handle=1, sequence_number=121, block_index=121, n_measurements=1

 [mac_address=0x0001, status="SUCCESS", distance[cm]=279]}
SESSION_INFO_NTF: {session_handle=1, sequence_number=122, block_index=122, n_measurements=1

 [mac_address=0x0001, status="SUCCESS", distance[cm]=274]}
SESSION_INFO_NTF: {session_handle=1, sequence_number=123, block_index=123, n_measurements=1

 [mac_address=0x0001, status="SUCCESS", distance[cm]=273]}
SESSION_INFO_NTF: {session_handle=1, sequence_number=124, block_index=124, n_measurements=1

 [mac_address=0x0001, status="SUCCESS", distance[cm]=273]}
SESSION_INFO_NTF: {session_handle=1, sequence_number=125, block_index=125, n_measurements=1

 [mac_address=0x0001, status="SUCCESS", distance[cm]=279]}
SESSION_INFO_NTF: {session_handle=1, sequence_number=126, block_index=126, n_measurements=1

 [mac_address=0x0001, status="SUCCESS", distance[cm]=278]}
SESSION_INFO_NTF: {session_handle=1, sequence_number=127, block_index=127, n_measurements=1

 [mac_address=0x0001, status="SUCCESS", distance[cm]=277]}
SESSION_INFO_NTF: {session_handle=1, sequence_number=128, block_index=128, n_measurements=1

 [mac_address=0x0001, status="SUCCESS", distance[cm]=275]}
SESSION_INFO_NTF: {session_handle=1, sequence_number=129, block_index=129, n_measurements=1

 [mac_address=0x0001, status="SUCCESS", distance[cm]=279]}
SESSION_INFO_NTF: {session_handle=1, sequence_number=130, block_index=130, n_measurements=1

 [mac_address=0x0001, status="SUCCESS", distance[cm]=273]}
SESSION_INFO_NTF: {session_handle=1, sequence_number=131, block_index=131, n_measurements=1

 [mac_address=0x0001, status="SUCCESS", distance[cm]=263]}
SESSION_INFO_NTF: {session_handle=1, sequence_number=132, block_index=132, n_measurements=1

 [mac_address=0x0001, status="SUCCESS", distance[cm]=270]}
SESSION_INFO_NTF: {session_handle=1, sequence_number=133, block_index=133, n_measurements=1

 [mac_address=0x0001, status="SUCCESS", distance[cm]=275]}
SESSION_INFO_NTF: {session_handle=1, sequence_number=134, block_index=134, n_measurements=1

 [mac_address=0x0001, status="SUCCESS", distance[cm]=281]}
SESSION_INFO_NTF: {session_handle=1, sequence_number=135, block_index=135, n_measurements=1

 [mac_address=0x0001, status="SUCCESS", distance[cm]=273]}
SESSION_INFO_NTF: {session_handle=1, sequence_number=136, block_index=136, n_measurements=1

 [mac_address=0x0001, status="SUCCESS", distance[cm]=266]}
SESSION_INFO_NTF: {session_handle=1, sequence_number=137, block_index=137, n_measurements=1

 [mac_address=0x0001, status="SUCCESS", distance[cm]=269]}
SESSION_INFO_NTF: {session_handle=1, sequence_number=138, block_index=138, n_measurements=1

 [mac_address=0x0001, status="SUCCESS", distance[cm]=338]}
SESSION_INFO_NTF: {session_handle=1, sequence_number=139, block_index=139, n_measurements=1

 [mac_address=0x0001, status="SUCCESS", distance[cm]=320]}
SESSION_INFO_NTF: {session_handle=1, sequence_number=140, block_index=140, n_measurements=1

 [mac_address=0x0001, status="SUCCESS", distance[cm]=276]}
SESSION_INFO_NTF: {session_handle=1, sequence_number=141, block_index=141, n_measurements=1

 [mac_address=0x0001, status="SUCCESS", distance[cm]=277]}
SESSION_INFO_NTF: {session_handle=1, sequence_number=142, block_index=142, n_measurements=1

 [mac_address=0x0001, status="SUCCESS", distance[cm]=289]}
SESSION_INFO_NTF: {session_handle=1, sequence_number=143, block_index=143, n_measurements=1

 [mac_address=0x0001, status="SUCCESS", distance[cm]=301]}
SESSION_INFO_NTF: {session_handle=1, sequence_number=144, block_index=144, n_measurements=1

 [mac_address=0x0001, status="SUCCESS", distance[cm]=277]}
SESSION_INFO_NTF: {session_handle=1, sequence_number=145, block_index=145, n_measurements=1

 [mac_address=0x0001, status="SUCCESS", distance[cm]=328]}
SESSION_INFO_NTF: {session_handle=1, sequence_number=146, block_index=146, n_measurements=1

 [mac_address=0x0001, status="SUCCESS", distance[cm]=279]}
SESSION_INFO_NTF: {session_handle=1, sequence_number=147, block_index=147, n_measurements=1

 [mac_address=0x0001, status="SUCCESS", distance[cm]=277]}
SESSION_INFO_NTF: {session_handle=1, sequence_number=148, block_index=148, n_measurements=1

 [mac_address=0x0001, status="SUCCESS", distance[cm]=272]}
SESSION_INFO_NTF: {session_handle=1, sequence_number=149, block_index=149, n_measurements=1

 [mac_address=0x0001, status="SUCCESS", distance[cm]=284]}
SESSION_INFO_NTF: {session_handle=1, sequence_number=150, block_index=150, n_measurements=1

 [mac_address=0x0001, status="SUCCESS", distance[cm]=531]}
SESSION_INFO_NTF: {session_handle=1, sequence_number=151, block_index=151, n_measurements=1

 [mac_address=0x0001, status="SUCCESS", distance[cm]=274]}
SESSION_INFO_NTF: {session_handle=1, sequence_number=152, block_index=152, n_measurements=1

 [mac_address=0x0001, status="SUCCESS", distance[cm]=496]}
SESSION_INFO_NTF: {session_handle=1, sequence_number=153, block_index=153, n_measurements=1

 [mac_address=0x0001, status="SUCCESS", distance[cm]=282]}
SESSION_INFO_NTF: {session_handle=1, sequence_number=154, block_index=154, n_measurements=1

 [mac_address=0x0001, status="SUCCESS", distance[cm]=279]}
SESSION_INFO_NTF: {session_handle=1, sequence_number=155, block_index=155, n_measurements=1

 [mac_address=0x0001, status="SUCCESS", distance[cm]=289]}
SESSION_INFO_NTF: {session_handle=1, sequence_number=156, block_index=156, n_measurements=1

 [mac_address=0x0001, status="SUCCESS", distance[cm]=282]}
SESSION_INFO_NTF: {session_handle=1, sequence_number=157, block_index=157, n_measurements=1

 [mac_address=0x0001, status="SUCCESS", distance[cm]=281]}
SESSION_INFO_NTF: {session_handle=1, sequence_number=158, block_index=158, n_measurements=1

 [mac_address=0x0001, status="SUCCESS", distance[cm]=277]}
SESSION_INFO_NTF: {session_handle=1, sequence_number=159, block_index=159, n_measurements=1

 [mac_address=0x0001, status="SUCCESS", distance[cm]=276]}
SESSION_INFO_NTF: {session_handle=1, sequence_number=160, block_index=160, n_measurements=1

 [mac_address=0x0001, status="SUCCESS", distance[cm]=279]}
SESSION_INFO_NTF: {session_handle=1, sequence_number=161, block_index=161, n_measurements=1

 [mac_address=0x0001, status="SUCCESS", distance[cm]=271]}
SESSION_INFO_NTF: {session_handle=1, sequence_number=162, block_index=162, n_measurements=1

 [mac_address=0x0001, status="SUCCESS", distance[cm]=285]}
SESSION_INFO_NTF: {session_handle=1, sequence_number=163, block_index=163, n_measurements=1

 [mac_address=0x0001, status="SUCCESS", distance[cm]=289]}
SESSION_INFO_NTF: {session_handle=1, sequence_number=164, block_index=164, n_measurements=1

 [mac_address=0x0001, status="SUCCESS", distance[cm]=307]}
SESSION_INFO_NTF: {session_handle=1, sequence_number=165, block_index=165, n_measurements=1

 [mac_address=0x0001, status="SUCCESS", distance[cm]=372]}
SESSION_INFO_NTF: {session_handle=1, sequence_number=166, block_index=166, n_measurements=1

 [mac_address=0x0001, status="SUCCESS", distance[cm]=377]}
SESSION_INFO_NTF: {session_handle=1, sequence_number=167, block_index=167, n_measurements=1

 [mac_address=0x0001, status="SUCCESS", distance[cm]=378]}
SESSION_INFO_NTF: {session_handle=1, sequence_number=168, block_index=168, n_measurements=1

 [mac_address=0x0001, status="SUCCESS", distance[cm]=372]}
SESSION_INFO_NTF: {session_handle=1, sequence_number=169, block_index=169, n_measurements=1

 [mac_address=0x0001, status="SUCCESS", distance[cm]=358]}
SESSION_INFO_NTF: {session_handle=1, sequence_number=170, block_index=170, n_measurements=1

 [mac_address=0x0001, status="SUCCESS", distance[cm]=332]}
SESSION_INFO_NTF: {session_handle=1, sequence_number=171, block_index=171, n_measurements=1

 [mac_address=0x0001, status="SUCCESS", distance[cm]=281]}
SESSION_INFO_NTF: {session_handle=1, sequence_number=172, block_index=172, n_measurements=1

 [mac_address=0x0001, status="SUCCESS", distance[cm]=297]}
SESSION_INFO_NTF: {session_handle=1, sequence_number=173, block_index=173, n_measurements=1

 [mac_address=0x0001, status="SUCCESS", distance[cm]=286]}
SESSION_INFO_NTF: {session_handle=1, sequence_number=174, block_index=174, n_measurements=1

 [mac_address=0x0001, status="SUCCESS", distance[cm]=281]}
SESSION_INFO_NTF: {session_handle=1, sequence_number=175, block_index=175, n_measurements=1

 [mac_address=0x0001, status="SUCCESS", distance[cm]=270]}
SESSION_INFO_NTF: {session_handle=1, sequence_number=176, block_index=176, n_measurements=1

 [mac_address=0x0001, status="SUCCESS", distance[cm]=380]}
SESSION_INFO_NTF: {session_handle=1, sequence_number=177, block_index=177, n_measurements=1

 [mac_address=0x0001, status="SUCCESS", distance[cm]=343]}
SESSION_INFO_NTF: {session_handle=1, sequence_number=178, block_index=178, n_measurements=1

 [mac_address=0x0001, status="SUCCESS", distance[cm]=345]}
SESSION_INFO_NTF: {session_handle=1, sequence_number=179, block_index=179, n_measurements=1

 [mac_address=0x0001, status="SUCCESS", distance[cm]=322]}
SESSION_INFO_NTF: {session_handle=1, sequence_number=180, block_index=180, n_measurements=1

 [mac_address=0x0001, status="SUCCESS", distance[cm]=301]}
SESSION_INFO_NTF: {session_handle=1, sequence_number=181, block_index=181, n_measurements=1

 [mac_address=0x0001, status="SUCCESS", distance[cm]=314]}
SESSION_INFO_NTF: {session_handle=1, sequence_number=182, block_index=182, n_measurements=1

 [mac_address=0x0001, status="SUCCESS", distance[cm]=315]}
SESSION_INFO_NTF: {session_handle=1, sequence_number=183, block_index=183, n_measurements=1

 [mac_address=0x0001, status="SUCCESS", distance[cm]=333]}
SESSION_INFO_NTF: {session_handle=1, sequence_number=184, block_index=184, n_measurements=1

 [mac_address=0x0001, status="SUCCESS", distance[cm]=357]}
SESSION_INFO_NTF: {session_handle=1, sequence_number=185, block_index=185, n_measurements=1

 [mac_address=0x0001, status="SUCCESS", distance[cm]=315]}
SESSION_INFO_NTF: {session_handle=1, sequence_number=186, block_index=186, n_measurements=1

 [mac_address=0x0001, status="SUCCESS", distance[cm]=328]}
SESSION_INFO_NTF: {session_handle=1, sequence_number=187, block_index=187, n_measurements=1

 [mac_address=0x0001, status="SUCCESS", distance[cm]=277]}
SESSION_INFO_NTF: {session_handle=1, sequence_number=188, block_index=188, n_measurements=1

 [mac_address=0x0001, status="SUCCESS", distance[cm]=281]}
SESSION_INFO_NTF: {session_handle=1, sequence_number=189, block_index=189, n_measurements=1

 [mac_address=0x0001, status="SUCCESS", distance[cm]=288]}
SESSION_INFO_NTF: {session_handle=1, sequence_number=190, block_index=190, n_measurements=1

 [mac_address=0x0001, status="SUCCESS", distance[cm]=294]}
SESSION_INFO_NTF: {session_handle=1, sequence_number=191, block_index=191, n_measurements=1

 [mac_address=0x0001, status="SUCCESS", distance[cm]=285]}
SESSION_INFO_NTF: {session_handle=1, sequence_number=192, block_index=192, n_measurements=1

 [mac_address=0x0001, status="SUCCESS", distance[cm]=331]}
SESSION_INFO_NTF: {session_handle=1, sequence_number=193, block_index=193, n_measurements=1

 [mac_address=0x0001, status="SUCCESS", distance[cm]=364]}
SESSION_INFO_NTF: {session_handle=1, sequence_number=194, block_index=194, n_measurements=1

 [mac_address=0x0001, status="SUCCESS", distance[cm]=288]}
SESSION_INFO_NTF: {session_handle=1, sequence_number=195, block_index=195, n_measurements=1

 [mac_address=0x0001, status="SUCCESS", distance[cm]=272]}
SESSION_INFO_NTF: {session_handle=1, sequence_number=196, block_index=196, n_measurements=1

 [mac_address=0x0001, status="SUCCESS", distance[cm]=277]}
SESSION_INFO_NTF: {session_handle=1, sequence_number=197, block_index=197, n_measurements=1

 [mac_address=0x0001, status="SUCCESS", distance[cm]=320]}
SESSION_INFO_NTF: {session_handle=1, sequence_number=198, block_index=198, n_measurements=1

 [mac_address=0x0001, status="SUCCESS", distance[cm]=336]}
SESSION_INFO_NTF: {session_handle=1, sequence_number=199, block_index=199, n_measurements=1

 [mac_address=0x0001, status="SUCCESS", distance[cm]=371]}
SESSION_INFO_NTF: {session_handle=1, sequence_number=200, block_index=200, n_measurements=1

 [mac_address=0x0001, status="SUCCESS", distance[cm]=260]}
SESSION_INFO_NTF: {session_handle=1, sequence_number=201, block_index=201, n_measurements=1

 [mac_address=0x0001, status="SUCCESS", distance[cm]=269]}
SESSION_INFO_NTF: {session_handle=1, sequence_number=202, block_index=202, n_measurements=1

 [mac_address=0x0001, status="SUCCESS", distance[cm]=272]}
SESSION_INFO_NTF: {session_handle=1, sequence_number=203, block_index=203, n_measurements=1

 [mac_address=0x0001, status="SUCCESS", distance[cm]=275]}
SESSION_INFO_NTF: {session_handle=1, sequence_number=204, block_index=204, n_measurements=1

 [mac_address=0x0001, status="SUCCESS", distance[cm]=284]}
SESSION_INFO_NTF: {session_handle=1, sequence_number=205, block_index=205, n_measurements=1

 [mac_address=0x0001, status="RX_TIMEOUT"]}
SESSION_INFO_NTF: {session_handle=1, sequence_number=206, block_index=206, n_measurements=1

 [mac_address=0x0001, status="SUCCESS", distance[cm]=465]}
SESSION_INFO_NTF: {session_handle=1, sequence_number=207, block_index=207, n_measurements=1

 [mac_address=0x0001, status="SUCCESS", distance[cm]=345]}
SESSION_INFO_NTF: {session_handle=1, sequence_number=208, block_index=208, n_measurements=1

 [mac_address=0x0001, status="RX_TIMEOUT"]}
SESSION_INFO_NTF: {session_handle=1, sequence_number=209, block_index=209, n_measurements=1

 [mac_address=0x0001, status="RX_TIMEOUT"]}
SESSION_INFO_NTF: {session_handle=1, sequence_number=210, block_index=210, n_measurements=1

 [mac_address=0x0001, status="RX_TIMEOUT"]}
SESSION_INFO_NTF: {session_handle=1, sequence_number=211, block_index=211, n_measurements=1

 [mac_address=0x0001, status="RX_TIMEOUT"]}
SESSION_INFO_NTF: {session_handle=1, sequence_number=212, block_index=212, n_measurements=1

 [mac_address=0x0001, status="RX_TIMEOUT"]}
SESSION_INFO_NTF: {session_handle=1, sequence_number=213, block_index=213, n_measurements=1

 [mac_address=0x0001, status="RX_TIMEOUT"]}
sSESSION_INFO_NTF: {session_handle=1, sequence_number=214, block_index=214, n_measurements=1

 [mac_address=0x0001, status="RX_TIMEOUT"]}
tSESSION_INFO_NTF: {session_handle=1, sequence_number=215, block_index=215, n_measurements=1

 [mac_address=0x0001, status="RX_TIMEOUT"]}
opSESSION_INFO_NTF: {session_handle=1, sequence_number=216, block_index=216, n_measurements=1

 [mac_address=0x0001, status="RX_TIMEOUT"]}


ok
