=~=~=~=~=~=~=~=~=~=~=~= PuTTY log 2024.12.08 14:39:01 =~=~=~=~=~=~=~=~=~=~=~=
initf 4 2400 200 25 2 42 01:02:03:04:05:06:07:08 1 0 0 1 2JS0153{"F PARAMS":{
"SLOT, rstu":2400,
"Ranging Period, ms":200,
"Ranging round, slots":25,
"Ranging round usage (Unicast,SS,DS)":2,
"Session_ID":42,
"RFRAME":3,
"SFD ID":2,
"Multi node mode":1,
"Round hopping":0,
"Vupper64":"0102030405060708",
"Initiator Addr":"0x0000",
"Responder[0] Addr":"0x0001",
"Responder[1] Addr":"0x0002"
}}
ok
{"Block":0, "results":[{"Addr":"0x0001","Status":"Err"},{"Addr":"0x0002","Status":"Ok","D_cm":1004,"LPDoA_deg":0.00,"LAoA_deg":0.00,"LFoM":0,"RAoA_deg":0.00,"CFO_100ppm":715}]}
{"Block":1, "results":[{"Addr":"0x0001","Status":"Err"},{"Addr":"0x0002","Status":"Ok","D_cm":1000,"LPDoA_deg":0.00,"LAoA_deg":0.00,"LFoM":0,"RAoA_deg":0.00,"CFO_100ppm":673}]}
{"Block":2, "results":[{"Addr":"0x0001","Status":"Err"},{"Addr":"0x0002","Status":"Err"}]}
{"Block":3, "results":[{"Addr":"0x0001","Status":"Err"},{"Addr":"0x0002","Status":"Ok","D_cm":1010,"LPDoA_deg":0.00,"LAoA_deg":0.00,"LFoM":0,"RAoA_deg":0.00,"CFO_100ppm":658}]}
{"Block":4, "results":[{"Addr":"0x0001","Status":"Err"},{"Addr":"0x0002","Status":"Err"}]}
{"Block":5, "results":[{"Addr":"0x0001","Status":"Err"},{"Addr":"0x0002","Status":"Ok","D_cm":1002,"LPDoA_deg":0.00,"LAoA_deg":0.00,"LFoM":0,"RAoA_deg":0.00,"CFO_100ppm":661}]}
{"Block":6, "results":[{"Addr":"0x0001","Status":"Err"},{"Addr":"0x0002","Status":"Ok","D_cm":1005,"LPDoA_deg":0.00,"LAoA_deg":0.00,"LFoM":0,"RAoA_deg":0.00,"CFO_100ppm":672}]}
{"Block":7, "results":[{"Addr":"0x0001","Status":"Err"},{"Addr":"0x0002","Status":"Ok","D_cm":1001,"LPDoA_deg":0.00,"LAoA_deg":0.00,"LFoM":0,"RAoA_deg":0.00,"CFO_100ppm":694}]}
{"Block":8, "results":[{"Addr":"0x0001","Status":"Err"},{"Addr":"0x0002","Status":"Ok","D_cm":1002,"LPDoA_deg":0.00,"LAoA_deg":0.00,"LFoM":0,"RAoA_deg":0.00,"CFO_100ppm":675}]}
{"Block":9, "results":[{"Addr":"0x0001","Status":"Err"},{"Addr":"0x0002","Status":"Ok","D_cm":1005,"LPDoA_deg":0.00,"LAoA_deg":0.00,"LFoM":0,"RAoA_deg":0.00,"CFO_100ppm":712}]}
{"Block":10, "results":[{"Addr":"0x0001","Status":"Err"},{"Addr":"0x0002","Status":"Ok","D_cm":1003,"LPDoA_deg":0.00,"LAoA_deg":0.00,"LFoM":0,"RAoA_deg":0.00,"CFO_100ppm":602}]}
{"Block":11, "results":[{"Addr":"0x0001","Status":"Err"},{"Addr":"0x0002","Status":"Err"}]}
{"Block":12, "results":[{"Addr":"0x0001","Status":"Err"},{"Addr":"0x0002","Status":"Err"}]}
{"Block":13, "results":[{"Addr":"0x0001","Status":"Err"},{"Addr":"0x0002","Status":"Ok","D_cm":1007,"LPDoA_deg":0.00,"LAoA_deg":0.00,"LFoM":0,"RAoA_deg":0.00,"CFO_100ppm":546}]}
{"Block":14, "results":[{"Addr":"0x0001","Status":"Err"},{"Addr":"0x0002","Status":"Ok","D_cm":999,"LPDoA_deg":0.00,"LAoA_deg":0.00,"LFoM":0,"RAoA_deg":0.00,"CFO_100ppm":627}]}
{"Block":15, "results":[{"Addr":"0x0001","Status":"Err"},{"Addr":"0x0002","Status":"Ok","D_cm":997,"LPDoA_deg":0.00,"LAoA_deg":0.00,"LFoM":0,"RAoA_deg":0.00,"CFO_100ppm":612}]}
{"Block":16, "results":[{"Addr":"0x0001","Status":"Err"},{"Addr":"0x0002","Status":"Ok","D_cm":1001,"LPDoA_deg":0.00,"LAoA_deg":0.00,"LFoM":0,"RAoA_deg":0.00,"CFO_100ppm":628}]}
{"Block":17, "results":[{"Addr":"0x0001","Status":"Err"},{"Addr":"0x0002","Status":"Err"}]}
{"Block":18, "results":[{"Addr":"0x0001","Status":"Err"},{"Addr":"0x0002","Status":"Err"}]}
{"Block":19, "results":[{"Addr":"0x0001","Status":"Err"},{"Addr":"0x0002","Status":"Ok","D_cm":1000,"LPDoA_deg":0.00,"LAoA_deg":0.00,"LFoM":0,"RAoA_deg":0.00,"CFO_100ppm":627}]}
{"Block":20, "results":[{"Addr":"0x0001","Status":"Err"},{"Addr":"0x0002","Status":"Ok","D_cm":1005,"LPDoA_deg":0.00,"LAoA_deg":0.00,"LFoM":0,"RAoA_deg":0.00,"CFO_100ppm":630}]}
{"Block":21, "results":[{"Addr":"0x0001","Status":"Err"},{"Addr":"0x0002","Status":"Err"}]}
{"Block":22, "results":[{"Addr":"0x0001","Status":"Err"},{"Addr":"0x0002","Status":"Ok","D_cm":997,"LPDoA_deg":0.00,"LAoA_deg":0.00,"LFoM":0,"RAoA_deg":0.00,"CFO_100ppm":639}]}
{"Block":23, "results":[{"Addr":"0x0001","Status":"Err"},{"Addr":"0x0002","Status":"Err"}]}
{"Block":24, "results":[{"Addr":"0x0001","Status":"Err"},{"Addr":"0x0002","Status":"Err"}]}
{"Block":25, "results":[{"Addr":"0x0001","Status":"Err"},{"Addr":"0x0002","Status":"Err"}]}
{"Block":26, "results":[{"Addr":"0x0001","Status":"Err"},{"Addr":"0x0002","Status":"Err"}]}
{"Block":27, "results":[{"Addr":"0x0001","Status":"Err"},{"Addr":"0x0002","Status":"Ok","D_cm":1000,"LPDoA_deg":0.00,"LAoA_deg":0.00,"LFoM":0,"RAoA_deg":0.00,"CFO_100ppm":628}]}
{"Block":28, "results":[{"Addr":"0x0001","Status":"Err"},{"Addr":"0x0002","Status":"Ok","D_cm":1006,"LPDoA_deg":0.00,"LAoA_deg":0.00,"LFoM":0,"RAoA_deg":0.00,"CFO_100ppm":636}]}
{"Block":29, "results":[{"Addr":"0x0001","Status":"Err"},{"Addr":"0x0002","Status":"Ok","D_cm":1004,"LPDoA_deg":0.00,"LAoA_deg":0.00,"LFoM":0,"RAoA_deg":0.00,"CFO_100ppm":645}]}
{"Block":30, "results":[{"Addr":"0x0001","Status":"Err"},{"Addr":"0x0002","Status":"Ok","D_cm":995,"LPDoA_deg":0.00,"LAoA_deg":0.00,"LFoM":0,"RAoA_deg":0.00,"CFO_100ppm":616}]}
{"Block":31, "results":[{"Addr":"0x0001","Status":"Err"},{"Addr":"0x0002","Status":"Ok","D_cm":1006,"LPDoA_deg":0.00,"LAoA_deg":0.00,"LFoM":0,"RAoA_deg":0.00,"CFO_100ppm":630}]}
{"Block":32, "results":[{"Addr":"0x0001","Status":"Err"},{"Addr":"0x0002","Status":"Err"}]}
{"Block":33, "results":[{"Addr":"0x0001","Status":"Err"},{"Addr":"0x0002","Status":"Err"}]}
{"Block":34, "results":[{"Addr":"0x0001","Status":"Err"},{"Addr":"0x0002","Status":"Ok","D_cm":998,"LPDoA_deg":0.00,"LAoA_deg":0.00,"LFoM":0,"RAoA_deg":0.00,"CFO_100ppm":661}]}
{"Block":35, "results":[{"Addr":"0x0001","Status":"Err"},{"Addr":"0x0002","Status":"Err"}]}
{"Block":36, "results":[{"Addr":"0x0001","Status":"Err"},{"Addr":"0x0002","Status":"Ok","D_cm":1007,"LPDoA_deg":0.00,"LAoA_deg":0.00,"LFoM":0,"RAoA_deg":0.00,"CFO_100ppm":627}]}
{"Block":37, "results":[{"Addr":"0x0001","Status":"Err"},{"Addr":"0x0002","Status":"Err"}]}
{"Block":38, "results":[{"Addr":"0x0001","Status":"Err"},{"Addr":"0x0002","Status":"Err"}]}
{"Block":39, "results":[{"Addr":"0x0001","Status":"Err"},{"Addr":"0x0002","Status":"Ok","D_cm":1003,"LPDoA_deg":0.00,"LAoA_deg":0.00,"LFoM":0,"RAoA_deg":0.00,"CFO_100ppm":637}]}
{"Block":40, "results":[{"Addr":"0x0001","Status":"Err"},{"Addr":"0x0002","Status":"Err"}]}
{"Block":41, "results":[{"Addr":"0x0001","Status":"Err"},{"Addr":"0x0002","Status":"Ok","D_cm":999,"LPDoA_deg":0.00,"LAoA_deg":0.00,"LFoM":0,"RAoA_deg":0.00,"CFO_100ppm":639}]}
{"Block":42, "results":[{"Addr":"0x0001","Status":"Err"},{"Addr":"0x0002","Status":"Err"}]}
{"Block":43, "results":[{"Addr":"0x0001","Status":"Err"},{"Addr":"0x0002","Status":"Err"}]}
{"Block":44, "results":[{"Addr":"0x0001","Status":"Err"},{"Addr":"0x0002","Status":"Ok","D_cm":1000,"LPDoA_deg":0.00,"LAoA_deg":0.00,"LFoM":0,"RAoA_deg":0.00,"CFO_100ppm":643}]}
{"Block":45, "results":[{"Addr":"0x0001","Status":"Err"},{"Addr":"0x0002","Status":"Ok","D_cm":1003,"LPDoA_deg":0.00,"LAoA_deg":0.00,"LFoM":0,"RAoA_deg":0.00,"CFO_100ppm":652}]}
{"Block":46, "results":[{"Addr":"0x0001","Status":"Err"},{"Addr":"0x0002","Status":"Err"}]}
{"Block":47, "results":[{"Addr":"0x0001","Status":"Err"},{"Addr":"0x0002","Status":"Err"}]}
{"Block":48, "results":[{"Addr":"0x0001","Status":"Err"},{"Addr":"0x0002","Status":"Err"}]}
{"Block":49, "results":[{"Addr":"0x0001","Status":"Err"},{"Addr":"0x0002","Status":"Err"}]}
{"Block":50, "results":[{"Addr":"0x0001","Status":"Err"},{"Addr":"0x0002","Status":"Ok","D_cm":1001,"LPDoA_deg":0.00,"LAoA_deg":0.00,"LFoM":0,"RAoA_deg":0.00,"CFO_100ppm":672}]}
{"Block":51, "results":[{"Addr":"0x0001","Status":"Err"},{"Addr":"0x0002","Status":"Err"}]}
{"Block":52, "results":[{"Addr":"0x0001","Status":"Err"},{"Addr":"0x0002","Status":"Err"}]}
{"Block":53, "results":[{"Addr":"0x0001","Status":"Err"},{"Addr":"0x0002","Status":"Ok","D_cm":998,"LPDoA_deg":0.00,"LAoA_deg":0.00,"LFoM":0,"RAoA_deg":0.00,"CFO_100ppm":679}]}
{"Block":54, "results":[{"Addr":"0x0001","Status":"Err"},{"Addr":"0x0002","Status":"Ok","D_cm":1002,"LPDoA_deg":0.00,"LAoA_deg":0.00,"LFoM":0,"RAoA_deg":0.00,"CFO_100ppm":664}]}
{"Block":55, "results":[{"Addr":"0x0001","Status":"Err"},{"Addr":"0x0002","Status":"Ok","D_cm":1006,"LPDoA_deg":0.00,"LAoA_deg":0.00,"LFoM":0,"RAoA_deg":0.00,"CFO_100ppm":643}]}
{"Block":56, "results":[{"Addr":"0x0001","Status":"Err"},{"Addr":"0x0002","Status":"Ok","D_cm":1002,"LPDoA_deg":0.00,"LAoA_deg":0.00,"LFoM":0,"RAoA_deg":0.00,"CFO_100ppm":643}]}
{"Block":57, "results":[{"Addr":"0x0001","Status":"Err"},{"Addr":"0x0002","Status":"Ok","D_cm":1003,"LPDoA_deg":0.00,"LAoA_deg":0.00,"LFoM":0,"RAoA_deg":0.00,"CFO_100ppm":661}]}
{"Block":58, "results":[{"Addr":"0x0001","Status":"Err"},{"Addr":"0x0002","Status":"Err"}]}
{"Block":59, "results":[{"Addr":"0x0001","Status":"Err"},{"Addr":"0x0002","Status":"Ok","D_cm":996,"LPDoA_deg":0.00,"LAoA_deg":0.00,"LFoM":0,"RAoA_deg":0.00,"CFO_100ppm":639}]}
{"Block":60, "results":[{"Addr":"0x0001","Status":"Err"},{"Addr":"0x0002","Status":"Ok","D_cm":1000,"LPDoA_deg":0.00,"LAoA_deg":0.00,"LFoM":0,"RAoA_deg":0.00,"CFO_100ppm":657}]}
{"Block":61, "results":[{"Addr":"0x0001","Status":"Err"},{"Addr":"0x0002","Status":"Ok","D_cm":1004,"LPDoA_deg":0.00,"LAoA_deg":0.00,"LFoM":0,"RAoA_deg":0.00,"CFO_100ppm":649}]}
{"Block":62, "results":[{"Addr":"0x0001","Status":"Err"},{"Addr":"0x0002","Status":"Err"}]}
{"Block":63, "results":[{"Addr":"0x0001","Status":"Err"},{"Addr":"0x0002","Status":"Ok","D_cm":999,"LPDoA_deg":0.00,"LAoA_deg":0.00,"LFoM":0,"RAoA_deg":0.00,"CFO_100ppm":649}]}
{"Block":64, "results":[{"Addr":"0x0001","Status":"Err"},{"Addr":"0x0002","Status":"Err"}]}
{"Block":65, "results":[{"Addr":"0x0001","Status":"Err"},{"Addr":"0x0002","Status":"Ok","D_cm":992,"LPDoA_deg":0.00,"LAoA_deg":0.00,"LFoM":0,"RAoA_deg":0.00,"CFO_100ppm":643}]}
{"Block":66, "results":[{"Addr":"0x0001","Status":"Err"},{"Addr":"0x0002","Status":"Err"}]}
{"Block":67, "results":[{"Addr":"0x0001","Status":"Err"},{"Addr":"0x0002","Status":"Err"}]}
{"Block":68, "results":[{"Addr":"0x0001","Status":"Err"},{"Addr":"0x0002","Status":"Err"}]}
{"Block":69, "results":[{"Addr":"0x0001","Status":"Err"},{"Addr":"0x0002","Status":"Err"}]}
{"Block":70, "results":[{"Addr":"0x0001","Status":"Err"},{"Addr":"0x0002","Status":"Err"}]}
{"Block":71, "results":[{"Addr":"0x0001","Status":"Err"},{"Addr":"0x0002","Status":"Ok","D_cm":1005,"LPDoA_deg":0.00,"LAoA_deg":0.00,"LFoM":0,"RAoA_deg":0.00,"CFO_100ppm":639}]}
{"Block":72, "results":[{"Addr":"0x0001","Status":"Err"},{"Addr":"0x0002","Status":"Err"}]}
{"Block":73, "results":[{"Addr":"0x0001","Status":"Err"},{"Addr":"0x0002","Status":"Err"}]}
{"Block":74, "results":[{"Addr":"0x0001","Status":"Err"},{"Addr":"0x0002","Status":"Ok","D_cm":1002,"LPDoA_deg":0.00,"LAoA_deg":0.00,"LFoM":0,"RAoA_deg":0.00,"CFO_100ppm":625}]}
{"Block":75, "results":[{"Addr":"0x0001","Status":"Err"},{"Addr":"0x0002","Status":"Err"}]}
{"Block":76, "results":[{"Addr":"0x0001","Status":"Err"},{"Addr":"0x0002","Status":"Ok","D_cm":1001,"LPDoA_deg":0.00,"LAoA_deg":0.00,"LFoM":0,"RAoA_deg":0.00,"CFO_100ppm":627}]}
{"Block":77, "results":[{"Addr":"0x0001","Status":"Err"},{"Addr":"0x0002","Status":"Ok","D_cm":1005,"LPDoA_deg":0.00,"LAoA_deg":0.00,"LFoM":0,"RAoA_deg":0.00,"CFO_100ppm":655}]}
{"Block":78, "results":[{"Addr":"0x0001","Status":"Err"},{"Addr":"0x0002","Status":"Ok","D_cm":1001,"LPDoA_deg":0.00,"LAoA_deg":0.00,"LFoM":0,"RAoA_deg":0.00,"CFO_100ppm":640}]}
{"Block":79, "results":[{"Addr":"0x0001","Status":"Err"},{"Addr":"0x0002","Status":"Ok","D_cm":1001,"LPDoA_deg":0.00,"LAoA_deg":0.00,"LFoM":0,"RAoA_deg":0.00,"CFO_100ppm":616}]}
{"Block":80, "results":[{"Addr":"0x0001","Status":"Err"},{"Addr":"0x0002","Status":"Ok","D_cm":1010,"LPDoA_deg":0.00,"LAoA_deg":0.00,"LFoM":0,"RAoA_deg":0.00,"CFO_100ppm":627}]}
{"Block":81, "results":[{"Addr":"0x0001","Status":"Err"},{"Addr":"0x0002","Status":"Err"}]}
{"Block":82, "results":[{"Addr":"0x0001","Status":"Err"},{"Addr":"0x0002","Status":"Err"}]}
{"Block":83, "results":[{"Addr":"0x0001","Status":"Err"},{"Addr":"0x0002","Status":"Err"}]}
{"Block":84, "results":[{"Addr":"0x0001","Status":"Err"},{"Addr":"0x0002","Status":"Ok","D_cm":998,"LPDoA_deg":0.00,"LAoA_deg":0.00,"LFoM":0,"RAoA_deg":0.00,"CFO_100ppm":642}]}
{"Block":85, "results":[{"Addr":"0x0001","Status":"Err"},{"Addr":"0x0002","Status":"Ok","D_cm":1001,"LPDoA_deg":0.00,"LAoA_deg":0.00,"LFoM":0,"RAoA_deg":0.00,"CFO_100ppm":630}]}
{"Block":86, "results":[{"Addr":"0x0001","Status":"Err"},{"Addr":"0x0002","Status":"Err"}]}
{"Block":87, "results":[{"Addr":"0x0001","Status":"Err"},{"Addr":"0x0002","Status":"Err"}]}
{"Block":88, "results":[{"Addr":"0x0001","Status":"Err"},{"Addr":"0x0002","Status":"Ok","D_cm":1001,"LPDoA_deg":0.00,"LAoA_deg":0.00,"LFoM":0,"RAoA_deg":0.00,"CFO_100ppm":654}]}
{"Block":89, "results":[{"Addr":"0x0001","Status":"Err"},{"Addr":"0x0002","Status":"Err"}]}
{"Block":90, "results":[{"Addr":"0x0001","Status":"Err"},{"Addr":"0x0002","Status":"Err"}]}
{"Block":91, "results":[{"Addr":"0x0001","Status":"Err"},{"Addr":"0x0002","Status":"Err"}]}
{"Block":92, "results":[{"Addr":"0x0001","Status":"Err"},{"Addr":"0x0002","Status":"Err"}]}
{"Block":93, "results":[{"Addr":"0x0001","Status":"Err"},{"Addr":"0x0002","Status":"Ok","D_cm":1000,"LPDoA_deg":0.00,"LAoA_deg":0.00,"LFoM":0,"RAoA_deg":0.00,"CFO_100ppm":657}]}
{"Block":94, "results":[{"Addr":"0x0001","Status":"Err"},{"Addr":"0x0002","Status":"Err"}]}
{"Block":95, "results":[{"Addr":"0x0001","Status":"Err"},{"Addr":"0x0002","Status":"Ok","D_cm":998,"LPDoA_deg":0.00,"LAoA_deg":0.00,"LFoM":0,"RAoA_deg":0.00,"CFO_100ppm":624}]}
{"Block":96, "results":[{"Addr":"0x0001","Status":"Err"},{"Addr":"0x0002","Status":"Err"}]}
{"Block":97, "results":[{"Addr":"0x0001","Status":"Err"},{"Addr":"0x0002","Status":"Ok","D_cm":1004,"LPDoA_deg":0.00,"LAoA_deg":0.00,"LFoM":0,"RAoA_deg":0.00,"CFO_100ppm":657}]}
{"Block":98, "results":[{"Addr":"0x0001","Status":"Err"},{"Addr":"0x0002","Status":"Ok","D_cm":996,"LPDoA_deg":0.00,"LAoA_deg":0.00,"LFoM":0,"RAoA_deg":0.00,"CFO_100ppm":616}]}
{"Block":99, "results":[{"Addr":"0x0001","Status":"Err"},{"Addr":"0x0002","Status":"Err"}]}
{"Block":100, "results":[{"Addr":"0x0001","Status":"Err"},{"Addr":"0x0002","Status":"Ok","D_cm":996,"LPDoA_deg":0.00,"LAoA_deg":0.00,"LFoM":0,"RAoA_deg":0.00,"CFO_100ppm":648}]}
{"Block":101, "results":[{"Addr":"0x0001","Status":"Err"},{"Addr":"0x0002","Status":"Ok","D_cm":997,"LPDoA_deg":0.00,"LAoA_deg":0.00,"LFoM":0,"RAoA_deg":0.00,"CFO_100ppm":643}]}
{"Block":102, "results":[{"Addr":"0x0001","Status":"Err"},{"Addr":"0x0002","Status":"Err"}]}
{"Block":103, "results":[{"Addr":"0x0001","Status":"Err"},{"Addr":"0x0002","Status":"Err"}]}
{"Block":104, "results":[{"Addr":"0x0001","Status":"Err"},{"Addr":"0x0002","Status":"Ok","D_cm":1002,"LPDoA_deg":0.00,"LAoA_deg":0.00,"LFoM":0,"RAoA_deg":0.00,"CFO_100ppm":683}]}
{"Block":105, "results":[{"Addr":"0x0001","Status":"Err"},{"Addr":"0x0002","Status":"Ok","D_cm":1001,"LPDoA_deg":0.00,"LAoA_deg":0.00,"LFoM":0,"RAoA_deg":0.00,"CFO_100ppm":652}]}
{"Block":106, "results":[{"Addr":"0x0001","Status":"Err"},{"Addr":"0x0002","Status":"Ok","D_cm":1003,"LPDoA_deg":0.00,"LAoA_deg":0.00,"LFoM":0,"RAoA_deg":0.00,"CFO_100ppm":652}]}
{"Block":107, "results":[{"Addr":"0x0001","Status":"Err"},{"Addr":"0x0002","Status":"Ok","D_cm":1001,"LPDoA_deg":0.00,"LAoA_deg":0.00,"LFoM":0,"RAoA_deg":0.00,"CFO_100ppm":648}]}
{"Block":108, "results":[{"Addr":"0x0001","Status":"Err"},{"Addr":"0x0002","Status":"Ok","D_cm":1005,"LPDoA_deg":0.00,"LAoA_deg":0.00,"LFoM":0,"RAoA_deg":0.00,"CFO_100ppm":642}]}
{"Block":109, "results":[{"Addr":"0x0001","Status":"Err"},{"Addr":"0x0002","Status":"Err"}]}
{"Block":110, "results":[{"Addr":"0x0001","Status":"Err"},{"Addr":"0x0002","Status":"Err"}]}
{"Block":111, "results":[{"Addr":"0x0001","Status":"Err"},{"Addr":"0x0002","Status":"Ok","D_cm":996,"LPDoA_deg":0.00,"LAoA_deg":0.00,"LFoM":0,"RAoA_deg":0.00,"CFO_100ppm":639}]}
{"Block":112, "results":[{"Addr":"0x0001","Status":"Err"},{"Addr":"0x0002","Status":"Ok","D_cm":997,"LPDoA_deg":0.00,"LAoA_deg":0.00,"LFoM":0,"RAoA_deg":0.00,"CFO_100ppm":658}]}
{"Block":113, "results":[{"Addr":"0x0001","Status":"Err"},{"Addr":"0x0002","Status":"Ok","D_cm":1007,"LPDoA_deg":0.00,"LAoA_deg":0.00,"LFoM":0,"RAoA_deg":0.00,"CFO_100ppm":648}]}
{"Block":114, "results":[{"Addr":"0x0001","Status":"Err"},{"Addr":"0x0002","Status":"Err"}]}
{"Block":115, "results":[{"Addr":"0x0001","Status":"Err"},{"Addr":"0x0002","Status":"Err"}]}
{"Block":116, "results":[{"Addr":"0x0001","Status":"Err"},{"Addr":"0x0002","Status":"Ok","D_cm":1002,"LPDoA_deg":0.00,"LAoA_deg":0.00,"LFoM":0,"RAoA_deg":0.00,"CFO_100ppm":646}]}
{"Block":117, "results":[{"Addr":"0x0001","Status":"Err"},{"Addr":"0x0002","Status":"Ok","D_cm":999,"LPDoA_deg":0.00,"LAoA_deg":0.00,"LFoM":0,"RAoA_deg":0.00,"CFO_100ppm":613}]}
{"Block":118, "results":[{"Addr":"0x0001","Status":"Err"},{"Addr":"0x0002","Status":"Ok","D_cm":1004,"LPDoA_deg":0.00,"LAoA_deg":0.00,"LFoM":0,"RAoA_deg":0.00,"CFO_100ppm":649}]}
{"Block":119, "results":[{"Addr":"0x0001","Status":"Err"},{"Addr":"0x0002","Status":"Err"}]}
{"Block":120, "results":[{"Addr":"0x0001","Status":"Err"},{"Addr":"0x0002","Status":"Err"}]}
{"Block":121, "results":[{"Addr":"0x0001","Status":"Err"},{"Addr":"0x0002","Status":"Err"}]}
{"Block":122, "results":[{"Addr":"0x0001","Status":"Err"},{"Addr":"0x0002","Status":"Err"}]}
{"Block":123, "results":[{"Addr":"0x0001","Status":"Err"},{"Addr":"0x0002","Status":"Err"}]}
{"Block":124, "results":[{"Addr":"0x0001","Status":"Err"},{"Addr":"0x0002","Status":"Err"}]}
{"Block":125, "results":[{"Addr":"0x0001","Status":"Err"},{"Addr":"0x0002","Status":"Ok","D_cm":1002,"LPDoA_deg":0.00,"LAoA_deg":0.00,"LFoM":0,"RAoA_deg":0.00,"CFO_100ppm":685}]}
{"Block":126, "results":[{"Addr":"0x0001","Status":"Err"},{"Addr":"0x0002","Status":"Ok","D_cm":1000,"LPDoA_deg":0.00,"LAoA_deg":0.00,"LFoM":0,"RAoA_deg":0.00,"CFO_100ppm":657}]}
{"Block":127, "results":[{"Addr":"0x0001","Status":"Err"},{"Addr":"0x0002","Status":"Err"}]}
{"Block":128, "results":[{"Addr":"0x0001","Status":"Err"},{"Addr":"0x0002","Status":"Ok","D_cm":1005,"LPDoA_deg":0.00,"LAoA_deg":0.00,"LFoM":0,"RAoA_deg":0.00,"CFO_100ppm":646}]}
{"Block":129, "results":[{"Addr":"0x0001","Status":"Err"},{"Addr":"0x0002","Status":"Ok","D_cm":1002,"LPDoA_deg":0.00,"LAoA_deg":0.00,"LFoM":0,"RAoA_deg":0.00,"CFO_100ppm":637}]}
{"Block":130, "results":[{"Addr":"0x0001","Status":"Err"},{"Addr":"0x0002","Status":"Ok","D_cm":1005,"LPDoA_deg":0.00,"LAoA_deg":0.00,"LFoM":0,"RAoA_deg":0.00,"CFO_100ppm":643}]}
{"Block":131, "results":[{"Addr":"0x0001","Status":"Err"},{"Addr":"0x0002","Status":"Ok","D_cm":999,"LPDoA_deg":0.00,"LAoA_deg":0.00,"LFoM":0,"RAoA_deg":0.00,"CFO_100ppm":633}]}
{"Block":132, "results":[{"Addr":"0x0001","Status":"Err"},{"Addr":"0x0002","Status":"Ok","D_cm":1001,"LPDoA_deg":0.00,"LAoA_deg":0.00,"LFoM":0,"RAoA_deg":0.00,"CFO_100ppm":660}]}
{"Block":133, "results":[{"Addr":"0x0001","Status":"Err"},{"Addr":"0x0002","Status":"Err"}]}
{"Block":134, "results":[{"Addr":"0x0001","Status":"Err"},{"Addr":"0x0002","Status":"Ok","D_cm":998,"LPDoA_deg":0.00,"LAoA_deg":0.00,"LFoM":0,"RAoA_deg":0.00,"CFO_100ppm":634}]}
{"Block":135, "results":[{"Addr":"0x0001","Status":"Err"},{"Addr":"0x0002","Status":"Ok","D_cm":1002,"LPDoA_deg":0.00,"LAoA_deg":0.00,"LFoM":0,"RAoA_deg":0.00,"CFO_100ppm":646}]}
{"Block":136, "results":[{"Addr":"0x0001","Status":"Err"},{"Addr":"0x0002","Status":"Err"}]}
{"Block":137, "results":[{"Addr":"0x0001","Status":"Err"},{"Addr":"0x0002","Status":"Ok","D_cm":1005,"LPDoA_deg":0.00,"LAoA_deg":0.00,"LFoM":0,"RAoA_deg":0.00,"CFO_100ppm":672}]}
{"Block":138, "results":[{"Addr":"0x0001","Status":"Err"},{"Addr":"0x0002","Status":"Err"}]}
{"Block":139, "results":[{"Addr":"0x0001","Status":"Err"},{"Addr":"0x0002","Status":"Ok","D_cm":997,"LPDoA_deg":0.00,"LAoA_deg":0.00,"LFoM":0,"RAoA_deg":0.00,"CFO_100ppm":673}]}
{"Block":140, "results":[{"Addr":"0x0001","Status":"Err"},{"Addr":"0x0002","Status":"Ok","D_cm":1007,"LPDoA_deg":0.00,"LAoA_deg":0.00,"LFoM":0,"RAoA_deg":0.00,"CFO_100ppm":627}]}
{"Block":141, "results":[{"Addr":"0x0001","Status":"Err"},{"Addr":"0x0002","Status":"Ok","D_cm":1001,"LPDoA_deg":0.00,"LAoA_deg":0.00,"LFoM":0,"RAoA_deg":0.00,"CFO_100ppm":633}]}
{"Block":142, "results":[{"Addr":"0x0001","Status":"Err"},{"Addr":"0x0002","Status":"Err"}]}
{"Block":143, "results":[{"Addr":"0x0001","Status":"Err"},{"Addr":"0x0002","Status":"Ok","D_cm":1004,"LPDoA_deg":0.00,"LAoA_deg":0.00,"LFoM":0,"RAoA_deg":0.00,"CFO_100ppm":652}]}
{"Block":144, "results":[{"Addr":"0x0001","Status":"Err"},{"Addr":"0x0002","Status":"Ok","D_cm":1002,"LPDoA_deg":0.00,"LAoA_deg":0.00,"LFoM":0,"RAoA_deg":0.00,"CFO_100ppm":682}]}
{"Block":145, "results":[{"Addr":"0x0001","Status":"Err"},{"Addr":"0x0002","Status":"Err"}]}
{"Block":146, "results":[{"Addr":"0x0001","Status":"Err"},{"Addr":"0x0002","Status":"Ok","D_cm":1001,"LPDoA_deg":0.00,"LAoA_deg":0.00,"LFoM":0,"RAoA_deg":0.00,"CFO_100ppm":661}]}
{"Block":147, "results":[{"Addr":"0x0001","Status":"Err"},{"Addr":"0x0002","Status":"Err"}]}
{"Block":148, "results":[{"Addr":"0x0001","Status":"Err"},{"Addr":"0x0002","Status":"Ok","D_cm":997,"LPDoA_deg":0.00,"LAoA_deg":0.00,"LFoM":0,"RAoA_deg":0.00,"CFO_100ppm":672}]}
{"Block":149, "results":[{"Addr":"0x0001","Status":"Err"},{"Addr":"0x0002","Status":"Err"}]}
{"Block":150, "results":[{"Addr":"0x0001","Status":"Err"},{"Addr":"0x0002","Status":"Ok","D_cm":1006,"LPDoA_deg":0.00,"LAoA_deg":0.00,"LFoM":0,"RAoA_deg":0.00,"CFO_100ppm":680}]}
{"Block":151, "results":[{"Addr":"0x0001","Status":"Err"},{"Addr":"0x0002","Status":"Ok","D_cm":1003,"LPDoA_deg":0.00,"LAoA_deg":0.00,"LFoM":0,"RAoA_deg":0.00,"CFO_100ppm":610}]}
{"Block":152, "results":[{"Addr":"0x0001","Status":"Err"},{"Addr":"0x0002","Status":"Err"}]}
{"Block":153, "results":[{"Addr":"0x0001","Status":"Err"},{"Addr":"0x0002","Status":"Err"}]}
{"Block":154, "results":[{"Addr":"0x0001","Status":"Err"},{"Addr":"0x0002","Status":"Ok","D_cm":998,"LPDoA_deg":0.00,"LAoA_deg":0.00,"LFoM":0,"RAoA_deg":0.00,"CFO_100ppm":639}]}
{"Block":155, "results":[{"Addr":"0x0001","Status":"Err"},{"Addr":"0x0002","Status":"Ok","D_cm":1005,"LPDoA_deg":0.00,"LAoA_deg":0.00,"LFoM":0,"RAoA_deg":0.00,"CFO_100ppm":649}]}
{"Block":156, "results":[{"Addr":"0x0001","Status":"Err"},{"Addr":"0x0002","Status":"Ok","D_cm":999,"LPDoA_deg":0.00,"LAoA_deg":0.00,"LFoM":0,"RAoA_deg":0.00,"CFO_100ppm":645}]}
{"Block":157, "results":[{"Addr":"0x0001","Status":"Err"},{"Addr":"0x0002","Status":"Ok","D_cm":1003,"LPDoA_deg":0.00,"LAoA_deg":0.00,"LFoM":0,"RAoA_deg":0.00,"CFO_100ppm":673}]}
{"Block":158, "results":[{"Addr":"0x0001","Status":"Err"},{"Addr":"0x0002","Status":"Ok","D_cm":999,"LPDoA_deg":0.00,"LAoA_deg":0.00,"LFoM":0,"RAoA_deg":0.00,"CFO_100ppm":667}]}
{"Block":159, "results":[{"Addr":"0x0001","Status":"Err"},{"Addr":"0x0002","Status":"Err"}]}
{"Block":160, "results":[{"Addr":"0x0001","Status":"Err"},{"Addr":"0x0002","Status":"Err"}]}
{"Block":161, "results":[{"Addr":"0x0001","Status":"Err"},{"Addr":"0x0002","Status":"Ok","D_cm":1007,"LPDoA_deg":0.00,"LAoA_deg":0.00,"LFoM":0,"RAoA_deg":0.00,"CFO_100ppm":634}]}
{"Block":162, "results":[{"Addr":"0x0001","Status":"Err"},{"Addr":"0x0002","Status":"Ok","D_cm":999,"LPDoA_deg":0.00,"LAoA_deg":0.00,"LFoM":0,"RAoA_deg":0.00,"CFO_100ppm":652}]}
{"Block":163, "results":[{"Addr":"0x0001","Status":"Err"},{"Addr":"0x0002","Status":"Err"}]}
{"Block":164, "results":[{"Addr":"0x0001","Status":"Err"},{"Addr":"0x0002","Status":"Err"}]}
{"Block":165, "results":[{"Addr":"0x0001","Status":"Err"},{"Addr":"0x0002","Status":"Ok","D_cm":1004,"LPDoA_deg":0.00,"LAoA_deg":0.00,"LFoM":0,"RAoA_deg":0.00,"CFO_100ppm":655}]}
{"Block":166, "results":[{"Addr":"0x0001","Status":"Err"},{"Addr":"0x0002","Status":"Err"}]}
{"Block":167, "results":[{"Addr":"0x0001","Status":"Err"},{"Addr":"0x0002","Status":"Ok","D_cm":999,"LPDoA_deg":0.00,"LAoA_deg":0.00,"LFoM":0,"RAoA_deg":0.00,"CFO_100ppm":652}]}
{"Block":168, "results":[{"Addr":"0x0001","Status":"Err"},{"Addr":"0x0002","Status":"Ok","D_cm":1006,"LPDoA_deg":0.00,"LAoA_deg":0.00,"LFoM":0,"RAoA_deg":0.00,"CFO_100ppm":637}]}
{"Block":169, "results":[{"Addr":"0x0001","Status":"Err"},{"Addr":"0x0002","Status":"Ok","D_cm":1000,"LPDoA_deg":0.00,"LAoA_deg":0.00,"LFoM":0,"RAoA_deg":0.00,"CFO_100ppm":636}]}
{"Block":170, "results":[{"Addr":"0x0001","Status":"Err"},{"Addr":"0x0002","Status":"Ok","D_cm":998,"LPDoA_deg":0.00,"LAoA_deg":0.00,"LFoM":0,"RAoA_deg":0.00,"CFO_100ppm":640}]}
{"Block":171, "results":[{"Addr":"0x0001","Status":"Err"},{"Addr":"0x0002","Status":"Ok","D_cm":998,"LPDoA_deg":0.00,"LAoA_deg":0.00,"LFoM":0,"RAoA_deg":0.00,"CFO_100ppm":657}]}
{"Block":172, "results":[{"Addr":"0x0001","Status":"Err"},{"Addr":"0x0002","Status":"Ok","D_cm":999,"LPDoA_deg":0.00,"LAoA_deg":0.00,"LFoM":0,"RAoA_deg":0.00,"CFO_100ppm":619}]}
{"Block":173, "results":[{"Addr":"0x0001","Status":"Err"},{"Addr":"0x0002","Status":"Ok","D_cm":1001,"LPDoA_deg":0.00,"LAoA_deg":0.00,"LFoM":0,"RAoA_deg":0.00,"CFO_100ppm":652}]}
{"Block":174, "results":[{"Addr":"0x0001","Status":"Err"},{"Addr":"0x0002","Status":"Ok","D_cm":999,"LPDoA_deg":0.00,"LAoA_deg":0.00,"LFoM":0,"RAoA_deg":0.00,"CFO_100ppm":664}]}
{"Block":175, "results":[{"Addr":"0x0001","Status":"Err"},{"Addr":"0x0002","Status":"Ok","D_cm":1007,"LPDoA_deg":0.00,"LAoA_deg":0.00,"LFoM":0,"RAoA_deg":0.00,"CFO_100ppm":637}]}
{"Block":176, "results":[{"Addr":"0x0001","Status":"Err"},{"Addr":"0x0002","Status":"Ok","D_cm":1004,"LPDoA_deg":0.00,"LAoA_deg":0.00,"LFoM":0,"RAoA_deg":0.00,"CFO_100ppm":652}]}
{"Block":177, "results":[{"Addr":"0x0001","Status":"Err"},{"Addr":"0x0002","Status":"Err"}]}
{"Block":178, "results":[{"Addr":"0x0001","Status":"Err"},{"Addr":"0x0002","Status":"Ok","D_cm":1005,"LPDoA_deg":0.00,"LAoA_deg":0.00,"LFoM":0,"RAoA_deg":0.00,"CFO_100ppm":678}]}
{"Block":179, "results":[{"Addr":"0x0001","Status":"Err"},{"Addr":"0x0002","Status":"Ok","D_cm":1004,"LPDoA_deg":0.00,"LAoA_deg":0.00,"LFoM":0,"RAoA_deg":0.00,"CFO_100ppm":655}]}
{"Block":180, "results":[{"Addr":"0x0001","Status":"Err"},{"Addr":"0x0002","Status":"Ok","D_cm":999,"LPDoA_deg":0.00,"LAoA_deg":0.00,"LFoM":0,"RAoA_deg":0.00,"CFO_100ppm":649}]}
{"Block":181, "results":[{"Addr":"0x0001","Status":"Err"},{"Addr":"0x0002","Status":"Ok","D_cm":1000,"LPDoA_deg":0.00,"LAoA_deg":0.00,"LFoM":0,"RAoA_deg":0.00,"CFO_100ppm":669}]}
{"Block":182, "results":[{"Addr":"0x0001","Status":"Err"},{"Addr":"0x0002","Status":"Err"}]}
{"Block":183, "results":[{"Addr":"0x0001","Status":"Err"},{"Addr":"0x0002","Status":"Ok","D_cm":1000,"LPDoA_deg":0.00,"LAoA_deg":0.00,"LFoM":0,"RAoA_deg":0.00,"CFO_100ppm":652}]}
{"Block":184, "results":[{"Addr":"0x0001","Status":"Err"},{"Addr":"0x0002","Status":"Ok","D_cm":1002,"LPDoA_deg":0.00,"LAoA_deg":0.00,"LFoM":0,"RAoA_deg":0.00,"CFO_100ppm":655}]}
{"Block":185, "results":[{"Addr":"0x0001","Status":"Err"},{"Addr":"0x0002","Status":"Ok","D_cm":1009,"LPDoA_deg":0.00,"LAoA_deg":0.00,"LFoM":0,"RAoA_deg":0.00,"CFO_100ppm":630}]}
{"Block":186, "results":[{"Addr":"0x0001","Status":"Err"},{"Addr":"0x0002","Status":"Ok","D_cm":1007,"LPDoA_deg":0.00,"LAoA_deg":0.00,"LFoM":0,"RAoA_deg":0.00,"CFO_100ppm":661}]}
{"Block":187, "results":[{"Addr":"0x0001","Status":"Err"},{"Addr":"0x0002","Status":"Err"}]}
{"Block":188, "results":[{"Addr":"0x0001","Status":"Err"},{"Addr":"0x0002","Status":"Ok","D_cm":1003,"LPDoA_deg":0.00,"LAoA_deg":0.00,"LFoM":0,"RAoA_deg":0.00,"CFO_100ppm":639}]}
{"Block":189, "results":[{"Addr":"0x0001","Status":"Err"},{"Addr":"0x0002","Status":"Err"}]}
{"Block":190, "results":[{"Addr":"0x0001","Status":"Err"},{"Addr":"0x0002","Status":"Err"}]}
{"Block":191, "results":[{"Addr":"0x0001","Status":"Err"},{"Addr":"0x0002","Status":"Ok","D_cm":1006,"LPDoA_deg":0.00,"LAoA_deg":0.00,"LFoM":0,"RAoA_deg":0.00,"CFO_100ppm":648}]}
{"Block":192, "results":[{"Addr":"0x0001","Status":"Err"},{"Addr":"0x0002","Status":"Err"}]}
{"Block":193, "results":[{"Addr":"0x0001","Status":"Err"},{"Addr":"0x0002","Status":"Err"}]}
{"Block":194, "results":[{"Addr":"0x0001","Status":"Err"},{"Addr":"0x0002","Status":"Ok","D_cm":1001,"LPDoA_deg":0.00,"LAoA_deg":0.00,"LFoM":0,"RAoA_deg":0.00,"CFO_100ppm":648}]}
{"Block":195, "results":[{"Addr":"0x0001","Status":"Err"},{"Addr":"0x0002","Status":"Ok","D_cm":1004,"LPDoA_deg":0.00,"LAoA_deg":0.00,"LFoM":0,"RAoA_deg":0.00,"CFO_100ppm":646}]}
{"Block":196, "results":[{"Addr":"0x0001","Status":"Err"},{"Addr":"0x0002","Status":"Ok","D_cm":993,"LPDoA_deg":0.00,"LAoA_deg":0.00,"LFoM":0,"RAoA_deg":0.00,"CFO_100ppm":637}]}
{"Block":197, "results":[{"Addr":"0x0001","Status":"Err"},{"Addr":"0x0002","Status":"Ok","D_cm":1001,"LPDoA_deg":0.00,"LAoA_deg":0.00,"LFoM":0,"RAoA_deg":0.00,"CFO_100ppm":661}]}
{"Block":198, "results":[{"Addr":"0x0001","Status":"Err"},{"Addr":"0x0002","Status":"Ok","D_cm":1005,"LPDoA_deg":0.00,"LAoA_deg":0.00,"LFoM":0,"RAoA_deg":0.00,"CFO_100ppm":645}]}
{"Block":199, "results":[{"Addr":"0x0001","Status":"Err"},{"Addr":"0x0002","Status":"Ok","D_cm":1006,"LPDoA_deg":0.00,"LAoA_deg":0.00,"LFoM":0,"RAoA_deg":0.00,"CFO_100ppm":640}]}
{"Block":200, "results":[{"Addr":"0x0001","Status":"Err"},{"Addr":"0x0002","Status":"Ok","D_cm":1001,"LPDoA_deg":0.00,"LAoA_deg":0.00,"LFoM":0,"RAoA_deg":0.00,"CFO_100ppm":646}]}
{"Block":201, "results":[{"Addr":"0x0001","Status":"Err"},{"Addr":"0x0002","Status":"Ok","D_cm":999,"LPDoA_deg":0.00,"LAoA_deg":0.00,"LFoM":0,"RAoA_deg":0.00,"CFO_100ppm":673}]}
{"Block":202, "results":[{"Addr":"0x0001","Status":"Err"},{"Addr":"0x0002","Status":"Ok","D_cm":1005,"LPDoA_deg":0.00,"LAoA_deg":0.00,"LFoM":0,"RAoA_deg":0.00,"CFO_100ppm":670}]}
{"Block":203, "results":[{"Addr":"0x0001","Status":"Err"},{"Addr":"0x0002","Status":"Err"}]}
{"Block":204, "results":[{"Addr":"0x0001","Status":"Err"},{"Addr":"0x0002","Status":"Err"}]}
{"Block":205, "results":[{"Addr":"0x0001","Status":"Err"},{"Addr":"0x0002","Status":"Err"}]}
{"Block":206, "results":[{"Addr":"0x0001","Status":"Err"},{"Addr":"0x0002","Status":"Ok","D_cm":1004,"LPDoA_deg":0.00,"LAoA_deg":0.00,"LFoM":0,"RAoA_deg":0.00,"CFO_100ppm":694}]}
{"Block":207, "results":[{"Addr":"0x0001","Status":"Err"},{"Addr":"0x0002","Status":"Ok","D_cm":998,"LPDoA_deg":0.00,"LAoA_deg":0.00,"LFoM":0,"RAoA_deg":0.00,"CFO_100ppm":654}]}
{"Block":208, "results":[{"Addr":"0x0001","Status":"Err"},{"Addr":"0x0002","Status":"Ok","D_cm":1001,"LPDoA_deg":0.00,"LAoA_deg":0.00,"LFoM":0,"RAoA_deg":0.00,"CFO_100ppm":661}]}
{"Block":209, "results":[{"Addr":"0x0001","Status":"Err"},{"Addr":"0x0002","Status":"Ok","D_cm":1002,"LPDoA_deg":0.00,"LAoA_deg":0.00,"LFoM":0,"RAoA_deg":0.00,"CFO_100ppm":648}]}
{"Block":210, "results":[{"Addr":"0x0001","Status":"Err"},{"Addr":"0x0002","Status":"Ok","D_cm":1005,"LPDoA_deg":0.00,"LAoA_deg":0.00,"LFoM":0,"RAoA_deg":0.00,"CFO_100ppm":639}]}
{"Block":211, "results":[{"Addr":"0x0001","Status":"Err"},{"Addr":"0x0002","Status":"Ok","D_cm":999,"LPDoA_deg":0.00,"LAoA_deg":0.00,"LFoM":0,"RAoA_deg":0.00,"CFO_100ppm":610}]}
{"Block":212, "results":[{"Addr":"0x0001","Status":"Err"},{"Addr":"0x0002","Status":"Ok","D_cm":1004,"LPDoA_deg":0.00,"LAoA_deg":0.00,"LFoM":0,"RAoA_deg":0.00,"CFO_100ppm":658}]}
{"Block":213, "results":[{"Addr":"0x0001","Status":"Err"},{"Addr":"0x0002","Status":"Ok","D_cm":998,"LPDoA_deg":0.00,"LAoA_deg":0.00,"LFoM":0,"RAoA_deg":0.00,"CFO_100ppm":664}]}
{"Block":214, "results":[{"Addr":"0x0001","Status":"Err"},{"Addr":"0x0002","Status":"Ok","D_cm":999,"LPDoA_deg":0.00,"LAoA_deg":0.00,"LFoM":0,"RAoA_deg":0.00,"CFO_100ppm":642}]}
{"Block":215, "results":[{"Addr":"0x0001","Status":"Err"},{"Addr":"0x0002","Status":"Err"}]}
{"Block":216, "results":[{"Addr":"0x0001","Status":"Err"},{"Addr":"0x0002","Status":"Ok","D_cm":996,"LPDoA_deg":0.00,"LAoA_deg":0.00,"LFoM":0,"RAoA_deg":0.00,"CFO_100ppm":657}]}
{"Block":217, "results":[{"Addr":"0x0001","Status":"Err"},{"Addr":"0x0002","Status":"Ok","D_cm":1008,"LPDoA_deg":0.00,"LAoA_deg":0.00,"LFoM":0,"RAoA_deg":0.00,"CFO_100ppm":652}]}
{"Block":218, "results":[{"Addr":"0x0001","Status":"Err"},{"Addr":"0x0002","Status":"Err"}]}
{"Block":219, "results":[{"Addr":"0x0001","Status":"Err"},{"Addr":"0x0002","Status":"Ok","D_cm":1000,"LPDoA_deg":0.00,"LAoA_deg":0.00,"LFoM":0,"RAoA_deg":0.00,"CFO_100ppm":691}]}
{"Block":220, "results":[{"Addr":"0x0001","Status":"Err"},{"Addr":"0x0002","Status":"Ok","D_cm":1010,"LPDoA_deg":0.00,"LAoA_deg":0.00,"LFoM":0,"RAoA_deg":0.00,"CFO_100ppm":663}]}
{"Block":221, "results":[{"Addr":"0x0001","Status":"Err"},{"Addr":"0x0002","Status":"Ok","D_cm":1003,"LPDoA_deg":0.00,"LAoA_deg":0.00,"LFoM":0,"RAoA_deg":0.00,"CFO_100ppm":663}]}
{"Block":222, "results":[{"Addr":"0x0001","Status":"Err"},{"Addr":"0x0002","Status":"Ok","D_cm":1005,"LPDoA_deg":0.00,"LAoA_deg":0.00,"LFoM":0,"RAoA_deg":0.00,"CFO_100ppm":657}]}
{"Block":223, "results":[{"Addr":"0x0001","Status":"Err"},{"Addr":"0x0002","Status":"Err"}]}
{"Block":224, "results":[{"Addr":"0x0001","Status":"Err"},{"Addr":"0x0002","Status":"Ok","D_cm":1003,"LPDoA_deg":0.00,"LAoA_deg":0.00,"LFoM":0,"RAoA_deg":0.00,"CFO_100ppm":680}]}
{"Block":225, "results":[{"Addr":"0x0001","Status":"Err"},{"Addr":"0x0002","Status":"Err"}]}
{"Block":226, "results":[{"Addr":"0x0001","Status":"Err"},{"Addr":"0x0002","Status":"Err"}]}
{"Block":227, "results":[{"Addr":"0x0001","Status":"Err"},{"Addr":"0x0002","Status":"Ok","D_cm":999,"LPDoA_deg":0.00,"LAoA_deg":0.00,"LFoM":0,"RAoA_deg":0.00,"CFO_100ppm":673}]}
{"Block":228, "results":[{"Addr":"0x0001","Status":"Err"},{"Addr":"0x0002","Status":"Ok","D_cm":1003,"LPDoA_deg":0.00,"LAoA_deg":0.00,"LFoM":0,"RAoA_deg":0.00,"CFO_100ppm":678}]}
{"Block":229, "results":[{"Addr":"0x0001","Status":"Err"},{"Addr":"0x0002","Status":"Ok","D_cm":1000,"LPDoA_deg":0.00,"LAoA_deg":0.00,"LFoM":0,"RAoA_deg":0.00,"CFO_100ppm":619}]}
{"Block":230, "results":[{"Addr":"0x0001","Status":"Err"},{"Addr":"0x0002","Status":"Err"}]}
{"Block":231, "results":[{"Addr":"0x0001","Status":"Err"},{"Addr":"0x0002","Status":"Err"}]}
{"Block":232, "results":[{"Addr":"0x0001","Status":"Err"},{"Addr":"0x0002","Status":"Ok","D_cm":999,"LPDoA_deg":0.00,"LAoA_deg":0.00,"LFoM":0,"RAoA_deg":0.00,"CFO_100ppm":657}]}
{"Block":233, "results":[{"Addr":"0x0001","Status":"Err"},{"Addr":"0x0002","Status":"Err"}]}
{"Block":234, "results":[{"Addr":"0x0001","Status":"Err"},{"Addr":"0x0002","Status":"Ok","D_cm":1004,"LPDoA_deg":0.00,"LAoA_deg":0.00,"LFoM":0,"RAoA_deg":0.00,"CFO_100ppm":654}]}
{"Block":235, "results":[{"Addr":"0x0001","Status":"Err"},{"Addr":"0x0002","Status":"Ok","D_cm":997,"LPDoA_deg":0.00,"LAoA_deg":0.00,"LFoM":0,"RAoA_deg":0.00,"CFO_100ppm":646}]}
{"Block":236, "results":[{"Addr":"0x0001","Status":"Err"},{"Addr":"0x0002","Status":"Ok","D_cm":1006,"LPDoA_deg":0.00,"LAoA_deg":0.00,"LFoM":0,"RAoA_deg":0.00,"CFO_100ppm":670}]}
{"Block":237, "results":[{"Addr":"0x0001","Status":"Err"},{"Addr":"0x0002","Status":"Ok","D_cm":1003,"LPDoA_deg":0.00,"LAoA_deg":0.00,"LFoM":0,"RAoA_deg":0.00,"CFO_100ppm":648}]}
{"Block":238, "results":[{"Addr":"0x0001","Status":"Err"},{"Addr":"0x0002","Status":"Ok","D_cm":996,"LPDoA_deg":0.00,"LAoA_deg":0.00,"LFoM":0,"RAoA_deg":0.00,"CFO_100ppm":619}]}
{"Block":239, "results":[{"Addr":"0x0001","Status":"Err"},{"Addr":"0x0002","Status":"Ok","D_cm":995,"LPDoA_deg":0.00,"LAoA_deg":0.00,"LFoM":0,"RAoA_deg":0.00,"CFO_100ppm":670}]}
{"Block":240, "results":[{"Addr":"0x0001","Status":"Err"},{"Addr":"0x0002","Status":"Err"}]}
{"Block":241, "results":[{"Addr":"0x0001","Status":"Err"},{"Addr":"0x0002","Status":"Ok","D_cm":1005,"LPDoA_deg":0.00,"LAoA_deg":0.00,"LFoM":0,"RAoA_deg":0.00,"CFO_100ppm":670}]}
{"Block":242, "results":[{"Addr":"0x0001","Status":"Err"},{"Addr":"0x0002","Status":"Ok","D_cm":1002,"LPDoA_deg":0.00,"LAoA_deg":0.00,"LFoM":0,"RAoA_deg":0.00,"CFO_100ppm":612}]}
{"Block":243, "results":[{"Addr":"0x0001","Status":"Err"},{"Addr":"0x0002","Status":"Ok","D_cm":998,"LPDoA_deg":0.00,"LAoA_deg":0.00,"LFoM":0,"RAoA_deg":0.00,"CFO_100ppm":661}]}
{"Block":244, "results":[{"Addr":"0x0001","Status":"Err"},{"Addr":"0x0002","Status":"Ok","D_cm":1007,"LPDoA_deg":0.00,"LAoA_deg":0.00,"LFoM":0,"RAoA_deg":0.00,"CFO_100ppm":666}]}
{"Block":245, "results":[{"Addr":"0x0001","Status":"Err"},{"Addr":"0x0002","Status":"Err"}]}
{"Block":246, "results":[{"Addr":"0x0001","Status":"Err"},{"Addr":"0x0002","Status":"Err"}]}
{"Block":247, "results":[{"Addr":"0x0001","Status":"Err"},{"Addr":"0x0002","Status":"Ok","D_cm":1003,"LPDoA_deg":0.00,"LAoA_deg":0.00,"LFoM":0,"RAoA_deg":0.00,"CFO_100ppm":657}]}
{"Block":248, "results":[{"Addr":"0x0001","Status":"Err"},{"Addr":"0x0002","Status":"Ok","D_cm":999,"LPDoA_deg":0.00,"LAoA_deg":0.00,"LFoM":0,"RAoA_deg":0.00,"CFO_100ppm":658}]}
{"Block":249, "results":[{"Addr":"0x0001","Status":"Err"},{"Addr":"0x0002","Status":"Err"}]}
{"Block":250, "results":[{"Addr":"0x0001","Status":"Err"},{"Addr":"0x0002","Status":"Ok","D_cm":1005,"LPDoA_deg":0.00,"LAoA_deg":0.00,"LFoM":0,"RAoA_deg":0.00,"CFO_100ppm":640}]}
{"Block":251, "results":[{"Addr":"0x0001","Status":"Err"},{"Addr":"0x0002","Status":"Ok","D_cm":1007,"LPDoA_deg":0.00,"LAoA_deg":0.00,"LFoM":0,"RAoA_deg":0.00,"CFO_100ppm":649}]}
{"Block":252, "results":[{"Addr":"0x0001","Status":"Err"},{"Addr":"0x0002","Status":"Ok","D_cm":999,"LPDoA_deg":0.00,"LAoA_deg":0.00,"LFoM":0,"RAoA_deg":0.00,"CFO_100ppm":663}]}
{"Block":253, "results":[{"Addr":"0x0001","Status":"Err"},{"Addr":"0x0002","Status":"Ok","D_cm":1005,"LPDoA_deg":0.00,"LAoA_deg":0.00,"LFoM":0,"RAoA_deg":0.00,"CFO_100ppm":658}]}
{"Block":254, "results":[{"Addr":"0x0001","Status":"Err"},{"Addr":"0x0002","Status":"Ok","D_cm":999,"LPDoA_deg":0.00,"LAoA_deg":0.00,"LFoM":0,"RAoA_deg":0.00,"CFO_100ppm":666}]}
{"Block":255, "results":[{"Addr":"0x0001","Status":"Err"},{"Addr":"0x0002","Status":"Ok","D_cm":996,"LPDoA_deg":0.00,"LAoA_deg":0.00,"LFoM":0,"RAoA_deg":0.00,"CFO_100ppm":657}]}
{"Block":256, "results":[{"Addr":"0x0001","Status":"Err"},{"Addr":"0x0002","Status":"Err"}]}
{"Block":257, "results":[{"Addr":"0x0001","Status":"Err"},{"Addr":"0x0002","Status":"Err"}]}
{"Block":258, "results":[{"Addr":"0x0001","Status":"Err"},{"Addr":"0x0002","Status":"Err"}]}
{"Block":259, "results":[{"Addr":"0x0001","Status":"Err"},{"Addr":"0x0002","Status":"Ok","D_cm":1000,"LPDoA_deg":0.00,"LAoA_deg":0.00,"LFoM":0,"RAoA_deg":0.00,"CFO_100ppm":666}]}
{"Block":260, "results":[{"Addr":"0x0001","Status":"Err"},{"Addr":"0x0002","Status":"Ok","D_cm":1006,"LPDoA_deg":0.00,"LAoA_deg":0.00,"LFoM":0,"RAoA_deg":0.00,"CFO_100ppm":669}]}
{"Block":261, "results":[{"Addr":"0x0001","Status":"Err"},{"Addr":"0x0002","Status":"Err"}]}
{"Block":262, "results":[{"Addr":"0x0001","Status":"Err"},{"Addr":"0x0002","Status":"Err"}]}
{"Block":263, "results":[{"Addr":"0x0001","Status":"Err"},{"Addr":"0x0002","Status":"Err"}]}
{"Block":264, "results":[{"Addr":"0x0001","Status":"Err"},{"Addr":"0x0002","Status":"Err"}]}
{"Block":265, "results":[{"Addr":"0x0001","Status":"Err"},{"Addr":"0x0002","Status":"Err"}]}
{"Block":266, "results":[{"Addr":"0x0001","Status":"Err"},{"Addr":"0x0002","Status":"Err"}]}
{"Block":267, "results":[{"Addr":"0x0001","Status":"Err"},{"Addr":"0x0002","Status":"Err"}]}
{"Block":268, "results":[{"Addr":"0x0001","Status":"Err"},{"Addr":"0x0002","Status":"Err"}]}
{"Block":269, "results":[{"Addr":"0x0001","Status":"Err"},{"Addr":"0x0002","Status":"Ok","D_cm":1005,"LPDoA_deg":0.00,"LAoA_deg":0.00,"LFoM":0,"RAoA_deg":0.00,"CFO_100ppm":649}]}
{"Block":270, "results":[{"Addr":"0x0001","Status":"Err"},{"Addr":"0x0002","Status":"Ok","D_cm":1005,"LPDoA_deg":0.00,"LAoA_deg":0.00,"LFoM":0,"RAoA_deg":0.00,"CFO_100ppm":676}]}
{"Block":271, "results":[{"Addr":"0x0001","Status":"Err"},{"Addr":"0x0002","Status":"Ok","D_cm":998,"LPDoA_deg":0.00,"LAoA_deg":0.00,"LFoM":0,"RAoA_deg":0.00,"CFO_100ppm":669}]}
{"Block":272, "results":[{"Addr":"0x0001","Status":"Err"},{"Addr":"0x0002","Status":"Err"}]}
{"Block":273, "results":[{"Addr":"0x0001","Status":"Err"},{"Addr":"0x0002","Status":"Err"}]}
{"Block":274, "results":[{"Addr":"0x0001","Status":"Err"},{"Addr":"0x0002","Status":"Ok","D_cm":1003,"LPDoA_deg":0.00,"LAoA_deg":0.00,"LFoM":0,"RAoA_deg":0.00,"CFO_100ppm":654}]}
{"Block":275, "results":[{"Addr":"0x0001","Status":"Err"},{"Addr":"0x0002","Status":"Err"}]}
{"Block":276, "results":[{"Addr":"0x0001","Status":"Err"},{"Addr":"0x0002","Status":"Ok","D_cm":1005,"LPDoA_deg":0.00,"LAoA_deg":0.00,"LFoM":0,"RAoA_deg":0.00,"CFO_100ppm":678}]}
{"Block":277, "results":[{"Addr":"0x0001","Status":"Err"},{"Addr":"0x0002","Status":"Err"}]}
{"Block":278, "results":[{"Addr":"0x0001","Status":"Err"},{"Addr":"0x0002","Status":"Ok","D_cm":1001,"LPDoA_deg":0.00,"LAoA_deg":0.00,"LFoM":0,"RAoA_deg":0.00,"CFO_100ppm":658}]}
{"Block":279, "results":[{"Addr":"0x0001","Status":"Err"},{"Addr":"0x0002","Status":"Err"}]}
{"Block":280, "results":[{"Addr":"0x0001","Status":"Err"},{"Addr":"0x0002","Status":"Ok","D_cm":1006,"LPDoA_deg":0.00,"LAoA_deg":0.00,"LFoM":0,"RAoA_deg":0.00,"CFO_100ppm":654}]}
{"Block":281, "results":[{"Addr":"0x0001","Status":"Err"},{"Addr":"0x0002","Status":"Ok","D_cm":1006,"LPDoA_deg":0.00,"LAoA_deg":0.00,"LFoM":0,"RAoA_deg":0.00,"CFO_100ppm":657}]}
{"Block":282, "results":[{"Addr":"0x0001","Status":"Err"},{"Addr":"0x0002","Status":"Err"}]}
{"Block":283, "results":[{"Addr":"0x0001","Status":"Err"},{"Addr":"0x0002","Status":"Ok","D_cm":1002,"LPDoA_deg":0.00,"LAoA_deg":0.00,"LFoM":0,"RAoA_deg":0.00,"CFO_100ppm":639}]}
{"Block":284, "results":[{"Addr":"0x0001","Status":"Err"},{"Addr":"0x0002","Status":"Err"}]}
{"Block":285, "results":[{"Addr":"0x0001","Status":"Err"},{"Addr":"0x0002","Status":"Ok","D_cm":1003,"LPDoA_deg":0.00,"LAoA_deg":0.00,"LFoM":0,"RAoA_deg":0.00,"CFO_100ppm":639}]}
{"Block":286, "results":[{"Addr":"0x0001","Status":"Err"},{"Addr":"0x0002","Status":"Ok","D_cm":1004,"LPDoA_deg":0.00,"LAoA_deg":0.00,"LFoM":0,"RAoA_deg":0.00,"CFO_100ppm":640}]}
{"Block":287, "results":[{"Addr":"0x0001","Status":"Err"},{"Addr":"0x0002","Status":"Ok","D_cm":1002,"LPDoA_deg":0.00,"LAoA_deg":0.00,"LFoM":0,"RAoA_deg":0.00,"CFO_100ppm":694}]}
{"Block":288, "results":[{"Addr":"0x0001","Status":"Err"},{"Addr":"0x0002","Status":"Err"}]}
{"Block":289, "results":[{"Addr":"0x0001","Status":"Err"},{"Addr":"0x0002","Status":"Ok","D_cm":1007,"LPDoA_deg":0.00,"LAoA_deg":0.00,"LFoM":0,"RAoA_deg":0.00,"CFO_100ppm":664}]}
{"Block":290, "results":[{"Addr":"0x0001","Status":"Err"},{"Addr":"0x0002","Status":"Ok","D_cm":993,"LPDoA_deg":0.00,"LAoA_deg":0.00,"LFoM":0,"RAoA_deg":0.00,"CFO_100ppm":639}]}
{"Block":291, "results":[{"Addr":"0x0001","Status":"Err"},{"Addr":"0x0002","Status":"Err"}]}
{"Block":292, "results":[{"Addr":"0x0001","Status":"Err"},{"Addr":"0x0002","Status":"Ok","D_cm":1004,"LPDoA_deg":0.00,"LAoA_deg":0.00,"LFoM":0,"RAoA_deg":0.00,"CFO_100ppm":663}]}
{"Block":293, "results":[{"Addr":"0x0001","Status":"Err"},{"Addr":"0x0002","Status":"Err"}]}
{"Block":294, "results":[{"Addr":"0x0001","Status":"Err"},{"Addr":"0x0002","Status":"Ok","D_cm":1002,"LPDoA_deg":0.00,"LAoA_deg":0.00,"LFoM":0,"RAoA_deg":0.00,"CFO_100ppm":672}]}
{"Block":295, "results":[{"Addr":"0x0001","Status":"Err"},{"Addr":"0x0002","Status":"Ok","D_cm":1005,"LPDoA_deg":0.00,"LAoA_deg":0.00,"LFoM":0,"RAoA_deg":0.00,"CFO_100ppm":651}]}
{"Block":296, "results":[{"Addr":"0x0001","Status":"Err"},{"Addr":"0x0002","Status":"Err"}]}
{"Block":297, "results":[{"Addr":"0x0001","Status":"Err"},{"Addr":"0x0002","Status":"Err"}]}
{"Block":298, "results":[{"Addr":"0x0001","Status":"Err"},{"Addr":"0x0002","Status":"Err"}]}
{"Block":299, "results":[{"Addr":"0x0001","Status":"Err"},{"Addr":"0x0002","Status":"Err"}]}
{"Block":300, "results":[{"Addr":"0x0001","Status":"Err"},{"Addr":"0x0002","Status":"Ok","D_cm":1000,"LPDoA_deg":0.00,"LAoA_deg":0.00,"LFoM":0,"RAoA_deg":0.00,"CFO_100ppm":678}]}
{"Block":301, "results":[{"Addr":"0x0001","Status":"Err"},{"Addr":"0x0002","Status":"Ok","D_cm":997,"LPDoA_deg":0.00,"LAoA_deg":0.00,"LFoM":0,"RAoA_deg":0.00,"CFO_100ppm":654}]}
{"Block":302, "results":[{"Addr":"0x0001","Status":"Err"},{"Addr":"0x0002","Status":"Ok","D_cm":1007,"LPDoA_deg":0.00,"LAoA_deg":0.00,"LFoM":0,"RAoA_deg":0.00,"CFO_100ppm":646}]}
{"Block":303, "results":[{"Addr":"0x0001","Status":"Err"},{"Addr":"0x0002","Status":"Ok","D_cm":1003,"LPDoA_deg":0.00,"LAoA_deg":0.00,"LFoM":0,"RAoA_deg":0.00,"CFO_100ppm":646}]}
{"Block":304, "results":[{"Addr":"0x0001","Status":"Err"},{"Addr":"0x0002","Status":"Ok","D_cm":1003,"LPDoA_deg":0.00,"LAoA_deg":0.00,"LFoM":0,"RAoA_deg":0.00,"CFO_100ppm":675}]}
{"Block":305, "results":[{"Addr":"0x0001","Status":"Err"},{"Addr":"0x0002","Status":"Err"}]}
{"Block":306, "results":[{"Addr":"0x0001","Status":"Err"},{"Addr":"0x0002","Status":"Ok","D_cm":1001,"LPDoA_deg":0.00,"LAoA_deg":0.00,"LFoM":0,"RAoA_deg":0.00,"CFO_100ppm":634}]}
{"Block":307, "results":[{"Addr":"0x0001","Status":"Err"},{"Addr":"0x0002","Status":"Ok","D_cm":1003,"LPDoA_deg":0.00,"LAoA_deg":0.00,"LFoM":0,"RAoA_deg":0.00,"CFO_100ppm":663}]}
{"Block":308, "results":[{"Addr":"0x0001","Status":"Err"},{"Addr":"0x0002","Status":"Err"}]}
{"Block":309, "results":[{"Addr":"0x0001","Status":"Err"},{"Addr":"0x0002","Status":"Err"}]}
{"Block":310, "results":[{"Addr":"0x0001","Status":"Err"},{"Addr":"0x0002","Status":"Err"}]}
{"Block":311, "results":[{"Addr":"0x0001","Status":"Err"},{"Addr":"0x0002","Status":"Err"}]}
{"Block":312, "results":[{"Addr":"0x0001","Status":"Err"},{"Addr":"0x0002","Status":"Ok","D_cm":1005,"LPDoA_deg":0.00,"LAoA_deg":0.00,"LFoM":0,"RAoA_deg":0.00,"CFO_100ppm":619}]}
{"Block":313, "results":[{"Addr":"0x0001","Status":"Err"},{"Addr":"0x0002","Status":"Ok","D_cm":1007,"LPDoA_deg":0.00,"LAoA_deg":0.00,"LFoM":0,"RAoA_deg":0.00,"CFO_100ppm":676}]}
{"Block":314, "results":[{"Addr":"0x0001","Status":"Err"},{"Addr":"0x0002","Status":"Ok","D_cm":998,"LPDoA_deg":0.00,"LAoA_deg":0.00,"LFoM":0,"RAoA_deg":0.00,"CFO_100ppm":655}]}
{"Block":315, "results":[{"Addr":"0x0001","Status":"Err"},{"Addr":"0x0002","Status":"Ok","D_cm":999,"LPDoA_deg":0.00,"LAoA_deg":0.00,"LFoM":0,"RAoA_deg":0.00,"CFO_100ppm":691}]}
{"Block":316, "results":[{"Addr":"0x0001","Status":"Err"},{"Addr":"0x0002","Status":"Err"}]}
{"Block":317, "results":[{"Addr":"0x0001","Status":"Err"},{"Addr":"0x0002","Status":"Err"}]}
{"Block":318, "results":[{"Addr":"0x0001","Status":"Err"},{"Addr":"0x0002","Status":"Ok","D_cm":998,"LPDoA_deg":0.00,"LAoA_deg":0.00,"LFoM":0,"RAoA_deg":0.00,"CFO_100ppm":692}]}
{"Block":319, "results":[{"Addr":"0x0001","Status":"Err"},{"Addr":"0x0002","Status":"Err"}]}
{"Block":320, "results":[{"Addr":"0x0001","Status":"Err"},{"Addr":"0x0002","Status":"Ok","D_cm":1002,"LPDoA_deg":0.00,"LAoA_deg":0.00,"LFoM":0,"RAoA_deg":0.00,"CFO_100ppm":655}]}
{"Block":321, "results":[{"Addr":"0x0001","Status":"Err"},{"Addr":"0x0002","Status":"Err"}]}
{"Block":322, "results":[{"Addr":"0x0001","Status":"Err"},{"Addr":"0x0002","Status":"Ok","D_cm":999,"LPDoA_deg":0.00,"LAoA_deg":0.00,"LFoM":0,"RAoA_deg":0.00,"CFO_100ppm":675}]}
{"Block":323, "results":[{"Addr":"0x0001","Status":"Err"},{"Addr":"0x0002","Status":"Err"}]}
{"Block":324, "results":[{"Addr":"0x0001","Status":"Err"},{"Addr":"0x0002","Status":"Err"}]}
{"Block":325, "results":[{"Addr":"0x0001","Status":"Err"},{"Addr":"0x0002","Status":"Err"}]}
{"Block":326, "results":[{"Addr":"0x0001","Status":"Err"},{"Addr":"0x0002","Status":"Ok","D_cm":999,"LPDoA_deg":0.00,"LAoA_deg":0.00,"LFoM":0,"RAoA_deg":0.00,"CFO_100ppm":661}]}
{"Block":327, "results":[{"Addr":"0x0001","Status":"Err"},{"Addr":"0x0002","Status":"Err"}]}
{"Block":328, "results":[{"Addr":"0x0001","Status":"Err"},{"Addr":"0x0002","Status":"Ok","D_cm":1004,"LPDoA_deg":0.00,"LAoA_deg":0.00,"LFoM":0,"RAoA_deg":0.00,"CFO_100ppm":643}]}
{"Block":329, "results":[{"Addr":"0x0001","Status":"Err"},{"Addr":"0x0002","Status":"Ok","D_cm":1004,"LPDoA_deg":0.00,"LAoA_deg":0.00,"LFoM":0,"RAoA_deg":0.00,"CFO_100ppm":689}]}
{"Block":330, "results":[{"Addr":"0x0001","Status":"Err"},{"Addr":"0x0002","Status":"Err"}]}
{"Block":331, "results":[{"Addr":"0x0001","Status":"Err"},{"Addr":"0x0002","Status":"Ok","D_cm":1002,"LPDoA_deg":0.00,"LAoA_deg":0.00,"LFoM":0,"RAoA_deg":0.00,"CFO_100ppm":661}]}
{"Block":332, "results":[{"Addr":"0x0001","Status":"Err"},{"Addr":"0x0002","Status":"Err"}]}
{"Block":333, "results":[{"Addr":"0x0001","Status":"Err"},{"Addr":"0x0002","Status":"Ok","D_cm":1000,"LPDoA_deg":0.00,"LAoA_deg":0.00,"LFoM":0,"RAoA_deg":0.00,"CFO_100ppm":663}]}
{"Block":334, "results":[{"Addr":"0x0001","Status":"Err"},{"Addr":"0x0002","Status":"Err"}]}
{"Block":335, "results":[{"Addr":"0x0001","Status":"Err"},{"Addr":"0x0002","Status":"Ok","D_cm":1005,"LPDoA_deg":0.00,"LAoA_deg":0.00,"LFoM":0,"RAoA_deg":0.00,"CFO_100ppm":669}]}
{"Block":336, "results":[{"Addr":"0x0001","Status":"Err"},{"Addr":"0x0002","Status":"Err"}]}
{"Block":337, "results":[{"Addr":"0x0001","Status":"Err"},{"Addr":"0x0002","Status":"Ok","D_cm":1004,"LPDoA_deg":0.00,"LAoA_deg":0.00,"LFoM":0,"RAoA_deg":0.00,"CFO_100ppm":619}]}
{"Block":338, "results":[{"Addr":"0x0001","Status":"Err"},{"Addr":"0x0002","Status":"Ok","D_cm":1004,"LPDoA_deg":0.00,"LAoA_deg":0.00,"LFoM":0,"RAoA_deg":0.00,"CFO_100ppm":672}]}
{"Block":339, "results":[{"Addr":"0x0001","Status":"Err"},{"Addr":"0x0002","Status":"Err"}]}
{"Block":340, "results":[{"Addr":"0x0001","Status":"Err"},{"Addr":"0x0002","Status":"Ok","D_cm":1006,"LPDoA_deg":0.00,"LAoA_deg":0.00,"LFoM":0,"RAoA_deg":0.00,"CFO_100ppm":655}]}
{"Block":341, "results":[{"Addr":"0x0001","Status":"Err"},{"Addr":"0x0002","Status":"Ok","D_cm":1006,"LPDoA_deg":0.00,"LAoA_deg":0.00,"LFoM":0,"RAoA_deg":0.00,"CFO_100ppm":675}]}
{"Block":342, "results":[{"Addr":"0x0001","Status":"Err"},{"Addr":"0x0002","Status":"Ok","D_cm":1007,"LPDoA_deg":0.00,"LAoA_deg":0.00,"LFoM":0,"RAoA_deg":0.00,"CFO_100ppm":646}]}
{"Block":343, "results":[{"Addr":"0x0001","Status":"Err"},{"Addr":"0x0002","Status":"Err"}]}
{"Block":344, "results":[{"Addr":"0x0001","Status":"Err"},{"Addr":"0x0002","Status":"Err"}]}
{"Block":345, "results":[{"Addr":"0x0001","Status":"Err"},{"Addr":"0x0002","Status":"Ok","D_cm":1002,"LPDoA_deg":0.00,"LAoA_deg":0.00,"LFoM":0,"RAoA_deg":0.00,"CFO_100ppm":628}]}
{"Block":346, "results":[{"Addr":"0x0001","Status":"Err"},{"Addr":"0x0002","Status":"Err"}]}
{"Block":347, "results":[{"Addr":"0x0001","Status":"Err"},{"Addr":"0x0002","Status":"Err"}]}
{"Block":348, "results":[{"Addr":"0x0001","Status":"Err"},{"Addr":"0x0002","Status":"Err"}]}
{"Block":349, "results":[{"Addr":"0x0001","Status":"Err"},{"Addr":"0x0002","Status":"Ok","D_cm":1001,"LPDoA_deg":0.00,"LAoA_deg":0.00,"LFoM":0,"RAoA_deg":0.00,"CFO_100ppm":642}]}
{"Block":350, "results":[{"Addr":"0x0001","Status":"Err"},{"Addr":"0x0002","Status":"Ok","D_cm":999,"LPDoA_deg":0.00,"LAoA_deg":0.00,"LFoM":0,"RAoA_deg":0.00,"CFO_100ppm":661}]}
{"Block":351, "results":[{"Addr":"0x0001","Status":"Err"},{"Addr":"0x0002","Status":"Ok","D_cm":999,"LPDoA_deg":0.00,"LAoA_deg":0.00,"LFoM":0,"RAoA_deg":0.00,"CFO_100ppm":673}]}
{"Block":352, "results":[{"Addr":"0x0001","Status":"Err"},{"Addr":"0x0002","Status":"Ok","D_cm":1008,"LPDoA_deg":0.00,"LAoA_deg":0.00,"LFoM":0,"RAoA_deg":0.00,"CFO_100ppm":636}]}
{"Block":353, "results":[{"Addr":"0x0001","Status":"Err"},{"Addr":"0x0002","Status":"Err"}]}
{"Block":354, "results":[{"Addr":"0x0001","Status":"Err"},{"Addr":"0x0002","Status":"Ok","D_cm":1005,"LPDoA_deg":0.00,"LAoA_deg":0.00,"LFoM":0,"RAoA_deg":0.00,"CFO_100ppm":636}]}
{"Block":355, "results":[{"Addr":"0x0001","Status":"Err"},{"Addr":"0x0002","Status":"Err"}]}
{"Block":356, "results":[{"Addr":"0x0001","Status":"Err"},{"Addr":"0x0002","Status":"Err"}]}
{"Block":357, "results":[{"Addr":"0x0001","Status":"Err"},{"Addr":"0x0002","Status":"Err"}]}
{"Block":358, "results":[{"Addr":"0x0001","Status":"Err"},{"Addr":"0x0002","Status":"Ok","D_cm":1001,"LPDoA_deg":0.00,"LAoA_deg":0.00,"LFoM":0,"RAoA_deg":0.00,"CFO_100ppm":688}]}
{"Block":359, "results":[{"Addr":"0x0001","Status":"Err"},{"Addr":"0x0002","Status":"Err"}]}
{"Block":360, "results":[{"Addr":"0x0001","Status":"Err"},{"Addr":"0x0002","Status":"Err"}]}
{"Block":361, "results":[{"Addr":"0x0001","Status":"Err"},{"Addr":"0x0002","Status":"Err"}]}
{"Block":362, "results":[{"Addr":"0x0001","Status":"Err"},{"Addr":"0x0002","Status":"Ok","D_cm":1000,"LPDoA_deg":0.00,"LAoA_deg":0.00,"LFoM":0,"RAoA_deg":0.00,"CFO_100ppm":680}]}
{"Block":363, "results":[{"Addr":"0x0001","Status":"Err"},{"Addr":"0x0002","Status":"Err"}]}
{"Block":364, "results":[{"Addr":"0x0001","Status":"Err"},{"Addr":"0x0002","Status":"Err"}]}
{"Block":365, "results":[{"Addr":"0x0001","Status":"Err"},{"Addr":"0x0002","Status":"Err"}]}
{"Block":366, "results":[{"Addr":"0x0001","Status":"Err"},{"Addr":"0x0002","Status":"Ok","D_cm":995,"LPDoA_deg":0.00,"LAoA_deg":0.00,"LFoM":0,"RAoA_deg":0.00,"CFO_100ppm":648}]}
{"Block":367, "results":[{"Addr":"0x0001","Status":"Err"},{"Addr":"0x0002","Status":"Err"}]}
{"Block":368, "results":[{"Addr":"0x0001","Status":"Err"},{"Addr":"0x0002","Status":"Ok","D_cm":1001,"LPDoA_deg":0.00,"LAoA_deg":0.00,"LFoM":0,"RAoA_deg":0.00,"CFO_100ppm":676}]}
{"Block":369, "results":[{"Addr":"0x0001","Status":"Err"},{"Addr":"0x0002","Status":"Ok","D_cm":1000,"LPDoA_deg":0.00,"LAoA_deg":0.00,"LFoM":0,"RAoA_deg":0.00,"CFO_100ppm":676}]}
{"Block":370, "results":[{"Addr":"0x0001","Status":"Err"},{"Addr":"0x0002","Status":"Ok","D_cm":1007,"LPDoA_deg":0.00,"LAoA_deg":0.00,"LFoM":0,"RAoA_deg":0.00,"CFO_100ppm":640}]}
{"Block":371, "results":[{"Addr":"0x0001","Status":"Err"},{"Addr":"0x0002","Status":"Ok","D_cm":1005,"LPDoA_deg":0.00,"LAoA_deg":0.00,"LFoM":0,"RAoA_deg":0.00,"CFO_100ppm":682}]}
{"Block":372, "results":[{"Addr":"0x0001","Status":"Err"},{"Addr":"0x0002","Status":"Err"}]}
{"Block":373, "results":[{"Addr":"0x0001","Status":"Err"},{"Addr":"0x0002","Status":"Ok","D_cm":999,"LPDoA_deg":0.00,"LAoA_deg":0.00,"LFoM":0,"RAoA_deg":0.00,"CFO_100ppm":643}]}
{"Block":374, "results":[{"Addr":"0x0001","Status":"Err"},{"Addr":"0x0002","Status":"Err"}]}
{"Block":375, "results":[{"Addr":"0x0001","Status":"Err"},{"Addr":"0x0002","Status":"Ok","D_cm":1001,"LPDoA_deg":0.00,"LAoA_deg":0.00,"LFoM":0,"RAoA_deg":0.00,"CFO_100ppm":679}]}
{"Block":376, "results":[{"Addr":"0x0001","Status":"Err"},{"Addr":"0x0002","Status":"Ok","D_cm":996,"LPDoA_deg":0.00,"LAoA_deg":0.00,"LFoM":0,"RAoA_deg":0.00,"CFO_100ppm":667}]}
{"Block":377, "results":[{"Addr":"0x0001","Status":"Err"},{"Addr":"0x0002","Status":"Err"}]}
{"Block":378, "results":[{"Addr":"0x0001","Status":"Err"},{"Addr":"0x0002","Status":"Ok","D_cm":999,"LPDoA_deg":0.00,"LAoA_deg":0.00,"LFoM":0,"RAoA_deg":0.00,"CFO_100ppm":619}]}
{"Block":379, "results":[{"Addr":"0x0001","Status":"Err"},{"Addr":"0x0002","Status":"Ok","D_cm":1000,"LPDoA_deg":0.00,"LAoA_deg":0.00,"LFoM":0,"RAoA_deg":0.00,"CFO_100ppm":609}]}
{"Block":380, "results":[{"Addr":"0x0001","Status":"Err"},{"Addr":"0x0002","Status":"Ok","D_cm":1003,"LPDoA_deg":0.00,"LAoA_deg":0.00,"LFoM":0,"RAoA_deg":0.00,"CFO_100ppm":639}]}
{"Block":381, "results":[{"Addr":"0x0001","Status":"Err"},{"Addr":"0x0002","Status":"Err"}]}
{"Block":382, "results":[{"Addr":"0x0001","Status":"Err"},{"Addr":"0x0002","Status":"Ok","D_cm":1002,"LPDoA_deg":0.00,"LAoA_deg":0.00,"LFoM":0,"RAoA_deg":0.00,"CFO_100ppm":602}]}
{"Block":383, "results":[{"Addr":"0x0001","Status":"Err"},{"Addr":"0x0002","Status":"Ok","D_cm":1005,"LPDoA_deg":0.00,"LAoA_deg":0.00,"LFoM":0,"RAoA_deg":0.00,"CFO_100ppm":590}]}
{"Block":384, "results":[{"Addr":"0x0001","Status":"Err"},{"Addr":"0x0002","Status":"Err"}]}
{"Block":385, "results":[{"Addr":"0x0001","Status":"Err"},{"Addr":"0x0002","Status":"Ok","D_cm":1005,"LPDoA_deg":0.00,"LAoA_deg":0.00,"LFoM":0,"RAoA_deg":0.00,"CFO_100ppm":597}]}
{"Block":386, "results":[{"Addr":"0x0001","Status":"Err"},{"Addr":"0x0002","Status":"Ok","D_cm":999,"LPDoA_deg":0.00,"LAoA_deg":0.00,"LFoM":0,"RAoA_deg":0.00,"CFO_100ppm":552}]}
{"Block":387, "results":[{"Addr":"0x0001","Status":"Err"},{"Addr":"0x0002","Status":"Ok","D_cm":1000,"LPDoA_deg":0.00,"LAoA_deg":0.00,"LFoM":0,"RAoA_deg":0.00,"CFO_100ppm":607}]}
{"Block":388, "results":[{"Addr":"0x0001","Status":"Err"},{"Addr":"0x0002","Status":"Ok","D_cm":994,"LPDoA_deg":0.00,"LAoA_deg":0.00,"LFoM":0,"RAoA_deg":0.00,"CFO_100ppm":593}]}
{"Block":389, "results":[{"Addr":"0x0001","Status":"Err"},{"Addr":"0x0002","Status":"Err"}]}
{"Block":390, "results":[{"Addr":"0x0001","Status":"Err"},{"Addr":"0x0002","Status":"Ok","D_cm":1003,"LPDoA_deg":0.00,"LAoA_deg":0.00,"LFoM":0,"RAoA_deg":0.00,"CFO_100ppm":606}]}
{"Block":391, "results":[{"Addr":"0x0001","Status":"Err"},{"Addr":"0x0002","Status":"Ok","D_cm":998,"LPDoA_deg":0.00,"LAoA_deg":0.00,"LFoM":0,"RAoA_deg":0.00,"CFO_100ppm":587}]}
{"Block":392, "results":[{"Addr":"0x0001","Status":"Err"},{"Addr":"0x0002","Status":"Ok","D_cm":1004,"LPDoA_deg":0.00,"LAoA_deg":0.00,"LFoM":0,"RAoA_deg":0.00,"CFO_100ppm":624}]}
{"Block":393, "results":[{"Addr":"0x0001","Status":"Err"},{"Addr":"0x0002","Status":"Err"}]}
{"Block":394, "results":[{"Addr":"0x0001","Status":"Err"},{"Addr":"0x0002","Status":"Err"}]}
{"Block":395, "results":[{"Addr":"0x0001","Status":"Err"},{"Addr":"0x0002","Status":"Err"}]}
{"Block":396, "results":[{"Addr":"0x0001","Status":"Err"},{"Addr":"0x0002","Status":"Ok","D_cm":1005,"LPDoA_deg":0.00,"LAoA_deg":0.00,"LFoM":0,"RAoA_deg":0.00,"CFO_100ppm":627}]}
{"Block":397, "results":[{"Addr":"0x0001","Status":"Err"},{"Addr":"0x0002","Status":"Err"}]}
{"Block":398, "results":[{"Addr":"0x0001","Status":"Err"},{"Addr":"0x0002","Status":"Ok","D_cm":1000,"LPDoA_deg":0.00,"LAoA_deg":0.00,"LFoM":0,"RAoA_deg":0.00,"CFO_100ppm":597}]}
{"Block":399, "results":[{"Addr":"0x0001","Status":"Err"},{"Addr":"0x0002","Status":"Ok","D_cm":1002,"LPDoA_deg":0.00,"LAoA_deg":0.00,"LFoM":0,"RAoA_deg":0.00,"CFO_100ppm":625}]}
{"Block":400, "results":[{"Addr":"0x0001","Status":"Err"},{"Addr":"0x0002","Status":"Err"}]}
{"Block":401, "results":[{"Addr":"0x0001","Status":"Err"},{"Addr":"0x0002","Status":"Err"}]}
{"Block":402, "results":[{"Addr":"0x0001","Status":"Err"},{"Addr":"0x0002","Status":"Err"}]}
{"Block":403, "results":[{"Addr":"0x0001","Status":"Err"},{"Addr":"0x0002","Status":"Err"}]}
{"Block":404, "results":[{"Addr":"0x0001","Status":"Err"},{"Addr":"0x0002","Status":"Ok","D_cm":999,"LPDoA_deg":0.00,"LAoA_deg":0.00,"LFoM":0,"RAoA_deg":0.00,"CFO_100ppm":610}]}
{"Block":405, "results":[{"Addr":"0x0001","Status":"Err"},{"Addr":"0x0002","Status":"Ok","D_cm":1000,"LPDoA_deg":0.00,"LAoA_deg":0.00,"LFoM":0,"RAoA_deg":0.00,"CFO_100ppm":567}]}
{"Block":406, "results":[{"Addr":"0x0001","Status":"Err"},{"Addr":"0x0002","Status":"Err"}]}
{"Block":407, "results":[{"Addr":"0x0001","Status":"Err"},{"Addr":"0x0002","Status":"Ok","D_cm":995,"LPDoA_deg":0.00,"LAoA_deg":0.00,"LFoM":0,"RAoA_deg":0.00,"CFO_100ppm":615}]}
{"Block":408, "results":[{"Addr":"0x0001","Status":"Err"},{"Addr":"0x0002","Status":"Err"}]}
{"Block":409, "results":[{"Addr":"0x0001","Status":"Err"},{"Addr":"0x0002","Status":"Err"}]}
{"Block":410, "results":[{"Addr":"0x0001","Status":"Err"},{"Addr":"0x0002","Status":"Err"}]}
{"Block":411, "results":[{"Addr":"0x0001","Status":"Err"},{"Addr":"0x0002","Status":"Err"}]}
{"Block":412, "results":[{"Addr":"0x0001","Status":"Err"},{"Addr":"0x0002","Status":"Ok","D_cm":999,"LPDoA_deg":0.00,"LAoA_deg":0.00,"LFoM":0,"RAoA_deg":0.00,"CFO_100ppm":625}]}
{"Block":413, "results":[{"Addr":"0x0001","Status":"Err"},{"Addr":"0x0002","Status":"Ok","D_cm":1007,"LPDoA_deg":0.00,"LAoA_deg":0.00,"LFoM":0,"RAoA_deg":0.00,"CFO_100ppm":606}]}
{"Block":414, "results":[{"Addr":"0x0001","Status":"Err"},{"Addr":"0x0002","Status":"Err"}]}
{"Block":415, "results":[{"Addr":"0x0001","Status":"Err"},{"Addr":"0x0002","Status":"Err"}]}
{"Block":416, "results":[{"Addr":"0x0001","Status":"Err"},{"Addr":"0x0002","Status":"Err"}]}
{"Block":417, "results":[{"Addr":"0x0001","Status":"Err"},{"Addr":"0x0002","Status":"Err"}]}
{"Block":418, "results":[{"Addr":"0x0001","Status":"Err"},{"Addr":"0x0002","Status":"Err"}]}
{"Block":419, "results":[{"Addr":"0x0001","Status":"Err"},{"Addr":"0x0002","Status":"Err"}]}
{"Block":420, "results":[{"Addr":"0x0001","Status":"Err"},{"Addr":"0x0002","Status":"Err"}]}
{"Block":421, "results":[{"Addr":"0x0001","Status":"Err"},{"Addr":"0x0002","Status":"Ok","D_cm":1001,"LPDoA_deg":0.00,"LAoA_deg":0.00,"LFoM":0,"RAoA_deg":0.00,"CFO_100ppm":615}]}
{"Block":422, "results":[{"Addr":"0x0001","Status":"Err"},{"Addr":"0x0002","Status":"Ok","D_cm":998,"LPDoA_deg":0.00,"LAoA_deg":0.00,"LFoM":0,"RAoA_deg":0.00,"CFO_100ppm":625}]}
{"Block":423, "results":[{"Addr":"0x0001","Status":"Err"},{"Addr":"0x0002","Status":"Ok","D_cm":997,"LPDoA_deg":0.00,"LAoA_deg":0.00,"LFoM":0,"RAoA_deg":0.00,"CFO_100ppm":609}]}
{"Block":424, "results":[{"Addr":"0x0001","Status":"Err"},{"Addr":"0x0002","Status":"Ok","D_cm":1007,"LPDoA_deg":0.00,"LAoA_deg":0.00,"LFoM":0,"RAoA_deg":0.00,"CFO_100ppm":573}]}
{"Block":425, "results":[{"Addr":"0x0001","Status":"Err"},{"Addr":"0x0002","Status":"Err"}]}
{"Block":426, "results":[{"Addr":"0x0001","Status":"Err"},{"Addr":"0x0002","Status":"Ok","D_cm":999,"LPDoA_deg":0.00,"LAoA_deg":0.00,"LFoM":0,"RAoA_deg":0.00,"CFO_100ppm":588}]}
{"Block":427, "results":[{"Addr":"0x0001","Status":"Err"},{"Addr":"0x0002","Status":"Ok","D_cm":999,"LPDoA_deg":0.00,"LAoA_deg":0.00,"LFoM":0,"RAoA_deg":0.00,"CFO_100ppm":618}]}
{"Block":428, "results":[{"Addr":"0x0001","Status":"Err"},{"Addr":"0x0002","Status":"Err"}]}
{"Block":429, "results":[{"Addr":"0x0001","Status":"Err"},{"Addr":"0x0002","Status":"Ok","D_cm":999,"LPDoA_deg":0.00,"LAoA_deg":0.00,"LFoM":0,"RAoA_deg":0.00,"CFO_100ppm":640}]}
{"Block":430, "results":[{"Addr":"0x0001","Status":"Err"},{"Addr":"0x0002","Status":"Ok","D_cm":995,"LPDoA_deg":0.00,"LAoA_deg":0.00,"LFoM":0,"RAoA_deg":0.00,"CFO_100ppm":633}]}
{"Block":431, "results":[{"Addr":"0x0001","Status":"Err"},{"Addr":"0x0002","Status":"Err"}]}
{"Block":432, "results":[{"Addr":"0x0001","Status":"Err"},{"Addr":"0x0002","Status":"Ok","D_cm":1001,"LPDoA_deg":0.00,"LAoA_deg":0.00,"LFoM":0,"RAoA_deg":0.00,"CFO_100ppm":622}]}
{"Block":433, "results":[{"Addr":"0x0001","Status":"Err"},{"Addr":"0x0002","Status":"Ok","D_cm":1004,"LPDoA_deg":0.00,"LAoA_deg":0.00,"LFoM":0,"RAoA_deg":0.00,"CFO_100ppm":594}]}
{"Block":434, "results":[{"Addr":"0x0001","Status":"Err"},{"Addr":"0x0002","Status":"Err"}]}
{"Block":435, "results":[{"Addr":"0x0001","Status":"Err"},{"Addr":"0x0002","Status":"Ok","D_cm":999,"LPDoA_deg":0.00,"LAoA_deg":0.00,"LFoM":0,"RAoA_deg":0.00,"CFO_100ppm":610}]}
{"Block":436, "results":[{"Addr":"0x0001","Status":"Err"},{"Addr":"0x0002","Status":"Ok","D_cm":1001,"LPDoA_deg":0.00,"LAoA_deg":0.00,"LFoM":0,"RAoA_deg":0.00,"CFO_100ppm":624}]}
{"Block":437, "results":[{"Addr":"0x0001","Status":"Err"},{"Addr":"0x0002","Status":"Ok","D_cm":1005,"LPDoA_deg":0.00,"LAoA_deg":0.00,"LFoM":0,"RAoA_deg":0.00,"CFO_100ppm":618}]}
{"Block":438, "results":[{"Addr":"0x0001","Status":"Err"},{"Addr":"0x0002","Status":"Err"}]}
{"Block":439, "results":[{"Addr":"0x0001","Status":"Err"},{"Addr":"0x0002","Status":"Err"}]}
{"Block":440, "results":[{"Addr":"0x0001","Status":"Err"},{"Addr":"0x0002","Status":"Err"}]}
{"Block":441, "results":[{"Addr":"0x0001","Status":"Err"},{"Addr":"0x0002","Status":"Err"}]}
{"Block":442, "results":[{"Addr":"0x0001","Status":"Err"},{"Addr":"0x0002","Status":"Err"}]}
{"Block":443, "results":[{"Addr":"0x0001","Status":"Err"},{"Addr":"0x0002","Status":"Err"}]}
{"Block":444, "results":[{"Addr":"0x0001","Status":"Err"},{"Addr":"0x0002","Status":"Ok","D_cm":1003,"LPDoA_deg":0.00,"LAoA_deg":0.00,"LFoM":0,"RAoA_deg":0.00,"CFO_100ppm":624}]}
{"Block":445, "results":[{"Addr":"0x0001","Status":"Err"},{"Addr":"0x0002","Status":"Ok","D_cm":1007,"LPDoA_deg":0.00,"LAoA_deg":0.00,"LFoM":0,"RAoA_deg":0.00,"CFO_100ppm":615}]}
{"Block":446, "results":[{"Addr":"0x0001","Status":"Err"},{"Addr":"0x0002","Status":"Err"}]}
{"Block":447, "results":[{"Addr":"0x0001","Status":"Err"},{"Addr":"0x0002","Status":"Ok","D_cm":999,"LPDoA_deg":0.00,"LAoA_deg":0.00,"LFoM":0,"RAoA_deg":0.00,"CFO_100ppm":594}]}
{"Block":448, "results":[{"Addr":"0x0001","Status":"Err"},{"Addr":"0x0002","Status":"Err"}]}
{"Block":449, "results":[{"Addr":"0x0001","Status":"Err"},{"Addr":"0x0002","Status":"Err"}]}
{"Block":450, "results":[{"Addr":"0x0001","Status":"Err"},{"Addr":"0x0002","Status":"Ok","D_cm":1000,"LPDoA_deg":0.00,"LAoA_deg":0.00,"LFoM":0,"RAoA_deg":0.00,"CFO_100ppm":584}]}
{"Block":451, "results":[{"Addr":"0x0001","Status":"Err"},{"Addr":"0x0002","Status":"Ok","D_cm":1006,"LPDoA_deg":0.00,"LAoA_deg":0.00,"LFoM":0,"RAoA_deg":0.00,"CFO_100ppm":603}]}
{"Block":452, "results":[{"Addr":"0x0001","Status":"Err"},{"Addr":"0x0002","Status":"Err"}]}
{"Block":453, "results":[{"Addr":"0x0001","Status":"Err"},{"Addr":"0x0002","Status":"Ok","D_cm":997,"LPDoA_deg":0.00,"LAoA_deg":0.00,"LFoM":0,"RAoA_deg":0.00,"CFO_100ppm":560}]}
{"Block":454, "results":[{"Addr":"0x0001","Status":"Err"},{"Addr":"0x0002","Status":"Err"}]}
{"Block":455, "results":[{"Addr":"0x0001","Status":"Err"},{"Addr":"0x0002","Status":"Ok","D_cm":1000,"LPDoA_deg":0.00,"LAoA_deg":0.00,"LFoM":0,"RAoA_deg":0.00,"CFO_100ppm":590}]}
{"Block":456, "results":[{"Addr":"0x0001","Status":"Err"},{"Addr":"0x0002","Status":"Err"}]}
{"Block":457, "results":[{"Addr":"0x0001","Status":"Err"},{"Addr":"0x0002","Status":"Err"}]}
{"Block":458, "results":[{"Addr":"0x0001","Status":"Err"},{"Addr":"0x0002","Status":"Ok","D_cm":996,"LPDoA_deg":0.00,"LAoA_deg":0.00,"LFoM":0,"RAoA_deg":0.00,"CFO_100ppm":616}]}
{"Block":459, "results":[{"Addr":"0x0001","Status":"Err"},{"Addr":"0x0002","Status":"Ok","D_cm":997,"LPDoA_deg":0.00,"LAoA_deg":0.00,"LFoM":0,"RAoA_deg":0.00,"CFO_100ppm":628}]}
{"Block":460, "results":[{"Addr":"0x0001","Status":"Err"},{"Addr":"0x0002","Status":"Err"}]}
{"Block":461, "results":[{"Addr":"0x0001","Status":"Err"},{"Addr":"0x0002","Status":"Err"}]}
{"Block":462, "results":[{"Addr":"0x0001","Status":"Err"},{"Addr":"0x0002","Status":"Err"}]}
{"Block":463, "results":[{"Addr":"0x0001","Status":"Err"},{"Addr":"0x0002","Status":"Ok","D_cm":995,"LPDoA_deg":0.00,"LAoA_deg":0.00,"LFoM":0,"RAoA_deg":0.00,"CFO_100ppm":625}]}
{"Block":464, "results":[{"Addr":"0x0001","Status":"Err"},{"Addr":"0x0002","Status":"Err"}]}
{"Block":465, "results":[{"Addr":"0x0001","Status":"Err"},{"Addr":"0x0002","Status":"Ok","D_cm":1005,"LPDoA_deg":0.00,"LAoA_deg":0.00,"LFoM":0,"RAoA_deg":0.00,"CFO_100ppm":602}]}
{"Block":466, "results":[{"Addr":"0x0001","Status":"Err"},{"Addr":"0x0002","Status":"Ok","D_cm":994,"LPDoA_deg":0.00,"LAoA_deg":0.00,"LFoM":0,"RAoA_deg":0.00,"CFO_100ppm":596}]}
{"Block":467, "results":[{"Addr":"0x0001","Status":"Err"},{"Addr":"0x0002","Status":"Ok","D_cm":1001,"LPDoA_deg":0.00,"LAoA_deg":0.00,"LFoM":0,"RAoA_deg":0.00,"CFO_100ppm":606}]}
{"Block":468, "results":[{"Addr":"0x0001","Status":"Err"},{"Addr":"0x0002","Status":"Err"}]}
{"Block":469, "results":[{"Addr":"0x0001","Status":"Err"},{"Addr":"0x0002","Status":"Ok","D_cm":1007,"LPDoA_deg":0.00,"LAoA_deg":0.00,"LFoM":0,"RAoA_deg":0.00,"CFO_100ppm":628}]}
{"Block":470, "results":[{"Addr":"0x0001","Status":"Err"},{"Addr":"0x0002","Status":"Ok","D_cm":999,"LPDoA_deg":0.00,"LAoA_deg":0.00,"LFoM":0,"RAoA_deg":0.00,"CFO_100ppm":584}]}
{"Block":471, "results":[{"Addr":"0x0001","Status":"Err"},{"Addr":"0x0002","Status":"Ok","D_cm":999,"LPDoA_deg":0.00,"LAoA_deg":0.00,"LFoM":0,"RAoA_deg":0.00,"CFO_100ppm":582}]}
{"Block":472, "results":[{"Addr":"0x0001","Status":"Err"},{"Addr":"0x0002","Status":"Ok","D_cm":994,"LPDoA_deg":0.00,"LAoA_deg":0.00,"LFoM":0,"RAoA_deg":0.00,"CFO_100ppm":622}]}
{"Block":473, "results":[{"Addr":"0x0001","Status":"Err"},{"Addr":"0x0002","Status":"Ok","D_cm":1001,"LPDoA_deg":0.00,"LAoA_deg":0.00,"LFoM":0,"RAoA_deg":0.00,"CFO_100ppm":612}]}
{"Block":474, "results":[{"Addr":"0x0001","Status":"Err"},{"Addr":"0x0002","Status":"Ok","D_cm":995,"LPDoA_deg":0.00,"LAoA_deg":0.00,"LFoM":0,"RAoA_deg":0.00,"CFO_100ppm":619}]}
{"Block":475, "results":[{"Addr":"0x0001","Status":"Err"},{"Addr":"0x0002","Status":"Err"}]}
{"Block":476, "results":[{"Addr":"0x0001","Status":"Err"},{"Addr":"0x0002","Status":"Ok","D_cm":1000,"LPDoA_deg":0.00,"LAoA_deg":0.00,"LFoM":0,"RAoA_deg":0.00,"CFO_100ppm":563}]}
{"Block":477, "results":[{"Addr":"0x0001","Status":"Err"},{"Addr":"0x0002","Status":"Err"}]}
{"Block":478, "results":[{"Addr":"0x0001","Status":"Err"},{"Addr":"0x0002","Status":"Err"}]}
{"Block":479, "results":[{"Addr":"0x0001","Status":"Err"},{"Addr":"0x0002","Status":"Err"}]}
{"Block":480, "results":[{"Addr":"0x0001","Status":"Err"},{"Addr":"0x0002","Status":"Err"}]}
{"Block":481, "results":[{"Addr":"0x0001","Status":"Err"},{"Addr":"0x0002","Status":"Ok","D_cm":998,"LPDoA_deg":0.00,"LAoA_deg":0.00,"LFoM":0,"RAoA_deg":0.00,"CFO_100ppm":610}]}
{"Block":482, "results":[{"Addr":"0x0001","Status":"Err"},{"Addr":"0x0002","Status":"Err"}]}
{"Block":483, "results":[{"Addr":"0x0001","Status":"Err"},{"Addr":"0x0002","Status":"Err"}]}
{"Block":484, "results":[{"Addr":"0x0001","Status":"Err"},{"Addr":"0x0002","Status":"Ok","D_cm":1002,"LPDoA_deg":0.00,"LAoA_deg":0.00,"LFoM":0,"RAoA_deg":0.00,"CFO_100ppm":591}]}
{"Block":485, "results":[{"Addr":"0x0001","Status":"Err"},{"Addr":"0x0002","Status":"Ok","D_cm":1002,"LPDoA_deg":0.00,"LAoA_deg":0.00,"LFoM":0,"RAoA_deg":0.00,"CFO_100ppm":619}]}
{"Block":486, "results":[{"Addr":"0x0001","Status":"Err"},{"Addr":"0x0002","Status":"Err"}]}
{"Block":487, "results":[{"Addr":"0x0001","Status":"Err"},{"Addr":"0x0002","Status":"Ok","D_cm":995,"LPDoA_deg":0.00,"LAoA_deg":0.00,"LFoM":0,"RAoA_deg":0.00,"CFO_100ppm":594}]}
{"Block":488, "results":[{"Addr":"0x0001","Status":"Err"},{"Addr":"0x0002","Status":"Ok","D_cm":1001,"LPDoA_deg":0.00,"LAoA_deg":0.00,"LFoM":0,"RAoA_deg":0.00,"CFO_100ppm":621}]}
{"Block":489, "results":[{"Addr":"0x0001","Status":"Err"},{"Addr":"0x0002","Status":"Ok","D_cm":999,"LPDoA_deg":0.00,"LAoA_deg":0.00,"LFoM":0,"RAoA_deg":0.00,"CFO_100ppm":616}]}
{"Block":490, "results":[{"Addr":"0x0001","Status":"Err"},{"Addr":"0x0002","Status":"Ok","D_cm":1009,"LPDoA_deg":0.00,"LAoA_deg":0.00,"LFoM":0,"RAoA_deg":0.00,"CFO_100ppm":584}]}
{"Block":491, "results":[{"Addr":"0x0001","Status":"Err"},{"Addr":"0x0002","Status":"Ok","D_cm":999,"LPDoA_deg":0.00,"LAoA_deg":0.00,"LFoM":0,"RAoA_deg":0.00,"CFO_100ppm":597}]}
{"Block":492, "results":[{"Addr":"0x0001","Status":"Err"},{"Addr":"0x0002","Status":"Ok","D_cm":996,"LPDoA_deg":0.00,"LAoA_deg":0.00,"LFoM":0,"RAoA_deg":0.00,"CFO_100ppm":603}]}
{"Block":493, "results":[{"Addr":"0x0001","Status":"Err"},{"Addr":"0x0002","Status":"Err"}]}
{"Block":494, "results":[{"Addr":"0x0001","Status":"Err"},{"Addr":"0x0002","Status":"Ok","D_cm":998,"LPDoA_deg":0.00,"LAoA_deg":0.00,"LFoM":0,"RAoA_deg":0.00,"CFO_100ppm":584}]}
{"Block":495, "results":[{"Addr":"0x0001","Status":"Err"},{"Addr":"0x0002","Status":"Ok","D_cm":1006,"LPDoA_deg":0.00,"LAoA_deg":0.00,"LFoM":0,"RAoA_deg":0.00,"CFO_100ppm":625}]}
{"Block":496, "results":[{"Addr":"0x0001","Status":"Err"},{"Addr":"0x0002","Status":"Err"}]}
{"Block":497, "results":[{"Addr":"0x0001","Status":"Err"},{"Addr":"0x0002","Status":"Err"}]}
{"Block":498, "results":[{"Addr":"0x0001","Status":"Err"},{"Addr":"0x0002","Status":"Ok","D_cm":1004,"LPDoA_deg":0.00,"LAoA_deg":0.00,"LFoM":0,"RAoA_deg":0.00,"CFO_100ppm":606}]}
{"Block":499, "results":[{"Addr":"0x0001","Status":"Err"},{"Addr":"0x0002","Status":"Ok","D_cm":1006,"LPDoA_deg":0.00,"LAoA_deg":0.00,"LFoM":0,"RAoA_deg":0.00,"CFO_100ppm":631}]}
{"Block":500, "results":[{"Addr":"0x0001","Status":"Err"},{"Addr":"0x0002","Status":"Ok","D_cm":1002,"LPDoA_deg":0.00,"LAoA_deg":0.00,"LFoM":0,"RAoA_deg":0.00,"CFO_100ppm":606}]}
{"Block":501, "results":[{"Addr":"0x0001","Status":"Err"},{"Addr":"0x0002","Status":"Ok","D_cm":999,"LPDoA_deg":0.00,"LAoA_deg":0.00,"LFoM":0,"RAoA_deg":0.00,"CFO_100ppm":591}]}
{"Block":502, "results":[{"Addr":"0x0001","Status":"Err"},{"Addr":"0x0002","Status":"Ok","D_cm":1000,"LPDoA_deg":0.00,"LAoA_deg":0.00,"LFoM":0,"RAoA_deg":0.00,"CFO_100ppm":612}]}
{"Block":503, "results":[{"Addr":"0x0001","Status":"Err"},{"Addr":"0x0002","Status":"Ok","D_cm":1007,"LPDoA_deg":0.00,"LAoA_deg":0.00,"LFoM":0,"RAoA_deg":0.00,"CFO_100ppm":610}]}
{"Block":504, "results":[{"Addr":"0x0001","Status":"Err"},{"Addr":"0x0002","Status":"Ok","D_cm":1007,"LPDoA_deg":0.00,"LAoA_deg":0.00,"LFoM":0,"RAoA_deg":0.00,"CFO_100ppm":615}]}
{"Block":505, "results":[{"Addr":"0x0001","Status":"Err"},{"Addr":"0x0002","Status":"Ok","D_cm":1001,"LPDoA_deg":0.00,"LAoA_deg":0.00,"LFoM":0,"RAoA_deg":0.00,"CFO_100ppm":594}]}
{"Block":506, "results":[{"Addr":"0x0001","Status":"Err"},{"Addr":"0x0002","Status":"Err"}]}
{"Block":507, "results":[{"Addr":"0x0001","Status":"Err"},{"Addr":"0x0002","Status":"Ok","D_cm":1000,"LPDoA_deg":0.00,"LAoA_deg":0.00,"LFoM":0,"RAoA_deg":0.00,"CFO_100ppm":579}]}
{"Block":508, "results":[{"Addr":"0x0001","Status":"Err"},{"Addr":"0x0002","Status":"Ok","D_cm":999,"LPDoA_deg":0.00,"LAoA_deg":0.00,"LFoM":0,"RAoA_deg":0.00,"CFO_100ppm":587}]}
{"Block":509, "results":[{"Addr":"0x0001","Status":"Err"},{"Addr":"0x0002","Status":"Ok","D_cm":996,"LPDoA_deg":0.00,"LAoA_deg":0.00,"LFoM":0,"RAoA_deg":0.00,"CFO_100ppm":625}]}
{"Block":510, "results":[{"Addr":"0x0001","Status":"Err"},{"Addr":"0x0002","Status":"Ok","D_cm":1004,"LPDoA_deg":0.00,"LAoA_deg":0.00,"LFoM":0,"RAoA_deg":0.00,"CFO_100ppm":607}]}
{"Block":511, "results":[{"Addr":"0x0001","Status":"Err"},{"Addr":"0x0002","Status":"Err"}]}
{"Block":512, "results":[{"Addr":"0x0001","Status":"Err"},{"Addr":"0x0002","Status":"Ok","D_cm":1003,"LPDoA_deg":0.00,"LAoA_deg":0.00,"LFoM":0,"RAoA_deg":0.00,"CFO_100ppm":625}]}
{"Block":513, "results":[{"Addr":"0x0001","Status":"Err"},{"Addr":"0x0002","Status":"Ok","D_cm":1006,"LPDoA_deg":0.00,"LAoA_deg":0.00,"LFoM":0,"RAoA_deg":0.00,"CFO_100ppm":618}]}
{"Block":514, "results":[{"Addr":"0x0001","Status":"Err"},{"Addr":"0x0002","Status":"Err"}]}
{"Block":515, "results":[{"Addr":"0x0001","Status":"Err"},{"Addr":"0x0002","Status":"Ok","D_cm":1002,"LPDoA_deg":0.00,"LAoA_deg":0.00,"LFoM":0,"RAoA_deg":0.00,"CFO_100ppm":585}]}
{"Block":516, "results":[{"Addr":"0x0001","Status":"Err"},{"Addr":"0x0002","Status":"Ok","D_cm":1001,"LPDoA_deg":0.00,"LAoA_deg":0.00,"LFoM":0,"RAoA_deg":0.00,"CFO_100ppm":602}]}
{"Block":517, "results":[{"Addr":"0x0001","Status":"Err"},{"Addr":"0x0002","Status":"Ok","D_cm":999,"LPDoA_deg":0.00,"LAoA_deg":0.00,"LFoM":0,"RAoA_deg":0.00,"CFO_100ppm":609}]}
{"Block":518, "results":[{"Addr":"0x0001","Status":"Err"},{"Addr":"0x0002","Status":"Err"}]}
{"Block":519, "results":[{"Addr":"0x0001","Status":"Err"},{"Addr":"0x0002","Status":"Err"}]}
{"Block":520, "results":[{"Addr":"0x0001","Status":"Err"},{"Addr":"0x0002","Status":"Err"}]}
{"Block":521, "results":[{"Addr":"0x0001","Status":"Err"},{"Addr":"0x0002","Status":"Err"}]}
{"Block":522, "results":[{"Addr":"0x0001","Status":"Err"},{"Addr":"0x0002","Status":"Ok","D_cm":1002,"LPDoA_deg":0.00,"LAoA_deg":0.00,"LFoM":0,"RAoA_deg":0.00,"CFO_100ppm":616}]}
{"Block":523, "results":[{"Addr":"0x0001","Status":"Err"},{"Addr":"0x0002","Status":"Ok","D_cm":1002,"LPDoA_deg":0.00,"LAoA_deg":0.00,"LFoM":0,"RAoA_deg":0.00,"CFO_100ppm":596}]}
{"Block":524, "results":[{"Addr":"0x0001","Status":"Err"},{"Addr":"0x0002","Status":"Err"}]}
{"Block":525, "results":[{"Addr":"0x0001","Status":"Err"},{"Addr":"0x0002","Status":"Err"}]}
{"Block":526, "results":[{"Addr":"0x0001","Status":"Err"},{"Addr":"0x0002","Status":"Ok","D_cm":1003,"LPDoA_deg":0.00,"LAoA_deg":0.00,"LFoM":0,"RAoA_deg":0.00,"CFO_100ppm":637}]}
{"Block":527, "results":[{"Addr":"0x0001","Status":"Err"},{"Addr":"0x0002","Status":"Err"}]}
{"Block":528, "results":[{"Addr":"0x0001","Status":"Err"},{"Addr":"0x0002","Status":"Err"}]}
{"Block":529, "results":[{"Addr":"0x0001","Status":"Err"},{"Addr":"0x0002","Status":"Err"}]}
{"Block":530, "results":[{"Addr":"0x0001","Status":"Err"},{"Addr":"0x0002","Status":"Ok","D_cm":998,"LPDoA_deg":0.00,"LAoA_deg":0.00,"LFoM":0,"RAoA_deg":0.00,"CFO_100ppm":610}]}
{"Block":531, "results":[{"Addr":"0x0001","Status":"Err"},{"Addr":"0x0002","Status":"Ok","D_cm":1001,"LPDoA_deg":0.00,"LAoA_deg":0.00,"LFoM":0,"RAoA_deg":0.00,"CFO_100ppm":604}]}
{"Block":532, "results":[{"Addr":"0x0001","Status":"Err"},{"Addr":"0x0002","Status":"Err"}]}
{"Block":533, "results":[{"Addr":"0x0001","Status":"Err"},{"Addr":"0x0002","Status":"Err"}]}
{"Block":534, "results":[{"Addr":"0x0001","Status":"Err"},{"Addr":"0x0002","Status":"Ok","D_cm":998,"LPDoA_deg":0.00,"LAoA_deg":0.00,"LFoM":0,"RAoA_deg":0.00,"CFO_100ppm":585}]}
{"Block":535, "results":[{"Addr":"0x0001","Status":"Err"},{"Addr":"0x0002","Status":"Ok","D_cm":995,"LPDoA_deg":0.00,"LAoA_deg":0.00,"LFoM":0,"RAoA_deg":0.00,"CFO_100ppm":552}]}
{"Block":536, "results":[{"Addr":"0x0001","Status":"Err"},{"Addr":"0x0002","Status":"Ok","D_cm":998,"LPDoA_deg":0.00,"LAoA_deg":0.00,"LFoM":0,"RAoA_deg":0.00,"CFO_100ppm":584}]}
{"Block":537, "results":[{"Addr":"0x0001","Status":"Err"},{"Addr":"0x0002","Status":"Ok","D_cm":998,"LPDoA_deg":0.00,"LAoA_deg":0.00,"LFoM":0,"RAoA_deg":0.00,"CFO_100ppm":597}]}
{"Block":538, "results":[{"Addr":"0x0001","Status":"Err"},{"Addr":"0x0002","Status":"Ok","D_cm":1001,"LPDoA_deg":0.00,"LAoA_deg":0.00,"LFoM":0,"RAoA_deg":0.00,"CFO_100ppm":607}]}
{"Block":539, "results":[{"Addr":"0x0001","Status":"Err"},{"Addr":"0x0002","Status":"Ok","D_cm":1006,"LPDoA_deg":0.00,"LAoA_deg":0.00,"LFoM":0,"RAoA_deg":0.00,"CFO_100ppm":606}]}
{"Block":540, "results":[{"Addr":"0x0001","Status":"Err"},{"Addr":"0x0002","Status":"Err"}]}
{"Block":541, "results":[{"Addr":"0x0001","Status":"Err"},{"Addr":"0x0002","Status":"Ok","D_cm":998,"LPDoA_deg":0.00,"LAoA_deg":0.00,"LFoM":0,"RAoA_deg":0.00,"CFO_100ppm":636}]}
{"Block":542, "results":[{"Addr":"0x0001","Status":"Err"},{"Addr":"0x0002","Status":"Ok","D_cm":999,"LPDoA_deg":0.00,"LAoA_deg":0.00,"LFoM":0,"RAoA_deg":0.00,"CFO_100ppm":616}]}
{"Block":543, "results":[{"Addr":"0x0001","Status":"Err"},{"Addr":"0x0002","Status":"Ok","D_cm":1001,"LPDoA_deg":0.00,"LAoA_deg":0.00,"LFoM":0,"RAoA_deg":0.00,"CFO_100ppm":579}]}
{"Block":544, "results":[{"Addr":"0x0001","Status":"Err"},{"Addr":"0x0002","Status":"Err"}]}
{"Block":545, "results":[{"Addr":"0x0001","Status":"Err"},{"Addr":"0x0002","Status":"Ok","D_cm":1001,"LPDoA_deg":0.00,"LAoA_deg":0.00,"LFoM":0,"RAoA_deg":0.00,"CFO_100ppm":591}]}
{"Block":546, "results":[{"Addr":"0x0001","Status":"Err"},{"Addr":"0x0002","Status":"Err"}]}
{"Block":547, "results":[{"Addr":"0x0001","Status":"Err"},{"Addr":"0x0002","Status":"Ok","D_cm":1005,"LPDoA_deg":0.00,"LAoA_deg":0.00,"LFoM":0,"RAoA_deg":0.00,"CFO_100ppm":619}]}
{"Block":548, "results":[{"Addr":"0x0001","Status":"Err"},{"Addr":"0x0002","Status":"Err"}]}
{"Block":549, "results":[{"Addr":"0x0001","Status":"Err"},{"Addr":"0x0002","Status":"Ok","D_cm":997,"LPDoA_deg":0.00,"LAoA_deg":0.00,"LFoM":0,"RAoA_deg":0.00,"CFO_100ppm":657}]}
{"Block":550, "results":[{"Addr":"0x0001","Status":"Err"},{"Addr":"0x0002","Status":"Err"}]}
{"Block":551, "results":[{"Addr":"0x0001","Status":"Err"},{"Addr":"0x0002","Status":"Ok","D_cm":1000,"LPDoA_deg":0.00,"LAoA_deg":0.00,"LFoM":0,"RAoA_deg":0.00,"CFO_100ppm":581}]}
{"Block":552, "results":[{"Addr":"0x0001","Status":"Err"},{"Addr":"0x0002","Status":"Ok","D_cm":1007,"LPDoA_deg":0.00,"LAoA_deg":0.00,"LFoM":0,"RAoA_deg":0.00,"CFO_100ppm":584}]}
{"Block":553, "results":[{"Addr":"0x0001","Status":"Err"},{"Addr":"0x0002","Status":"Err"}]}
{"Block":554, "results":[{"Addr":"0x0001","Status":"Err"},{"Addr":"0x0002","Status":"Err"}]}
{"Block":555, "results":[{"Addr":"0x0001","Status":"Err"},{"Addr":"0x0002","Status":"Ok","D_cm":1001,"LPDoA_deg":0.00,"LAoA_deg":0.00,"LFoM":0,"RAoA_deg":0.00,"CFO_100ppm":625}]}
{"Block":556, "results":[{"Addr":"0x0001","Status":"Err"},{"Addr":"0x0002","Status":"Ok","D_cm":1002,"LPDoA_deg":0.00,"LAoA_deg":0.00,"LFoM":0,"RAoA_deg":0.00,"CFO_100ppm":599}]}
{"Block":557, "results":[{"Addr":"0x0001","Status":"Err"},{"Addr":"0x0002","Status":"Ok","D_cm":1002,"LPDoA_deg":0.00,"LAoA_deg":0.00,"LFoM":0,"RAoA_deg":0.00,"CFO_100ppm":603}]}
{"Block":558, "results":[{"Addr":"0x0001","Status":"Err"},{"Addr":"0x0002","Status":"Err"}]}
{"Block":559, "results":[{"Addr":"0x0001","Status":"Err"},{"Addr":"0x0002","Status":"Ok","D_cm":1005,"LPDoA_deg":0.00,"LAoA_deg":0.00,"LFoM":0,"RAoA_deg":0.00,"CFO_100ppm":639}]}
{"Block":560, "results":[{"Addr":"0x0001","Status":"Err"},{"Addr":"0x0002","Status":"Err"}]}
{"Block":561, "results":[{"Addr":"0x0001","Status":"Err"},{"Addr":"0x0002","Status":"Ok","D_cm":1004,"LPDoA_deg":0.00,"LAoA_deg":0.00,"LFoM":0,"RAoA_deg":0.00,"CFO_100ppm":599}]}
{"Block":562, "results":[{"Addr":"0x0001","Status":"Err"},{"Addr":"0x0002","Status":"Ok","D_cm":1001,"LPDoA_deg":0.00,"LAoA_deg":0.00,"LFoM":0,"RAoA_deg":0.00,"CFO_100ppm":600}]}
{"Block":563, "results":[{"Addr":"0x0001","Status":"Err"},{"Addr":"0x0002","Status":"Err"}]}
{"Block":564, "results":[{"Addr":"0x0001","Status":"Err"},{"Addr":"0x0002","Status":"Err"}]}
{"Block":565, "results":[{"Addr":"0x0001","Status":"Err"},{"Addr":"0x0002","Status":"Ok","D_cm":1001,"LPDoA_deg":0.00,"LAoA_deg":0.00,"LFoM":0,"RAoA_deg":0.00,"CFO_100ppm":615}]}
{"Block":566, "results":[{"Addr":"0x0001","Status":"Err"},{"Addr":"0x0002","Status":"Ok","D_cm":999,"LPDoA_deg":0.00,"LAoA_deg":0.00,"LFoM":0,"RAoA_deg":0.00,"CFO_100ppm":603}]}
{"Block":567, "results":[{"Addr":"0x0001","Status":"Err"},{"Addr":"0x0002","Status":"Err"}]}
{"Block":568, "results":[{"Addr":"0x0001","Status":"Err"},{"Addr":"0x0002","Status":"Err"}]}
{"Block":569, "results":[{"Addr":"0x0001","Status":"Err"},{"Addr":"0x0002","Status":"Err"}]}
{"Block":570, "results":[{"Addr":"0x0001","Status":"Err"},{"Addr":"0x0002","Status":"Err"}]}
{"Block":571, "results":[{"Addr":"0x0001","Status":"Err"},{"Addr":"0x0002","Status":"Ok","D_cm":1002,"LPDoA_deg":0.00,"LAoA_deg":0.00,"LFoM":0,"RAoA_deg":0.00,"CFO_100ppm":606}]}
{"Block":572, "results":[{"Addr":"0x0001","Status":"Err"},{"Addr":"0x0002","Status":"Err"}]}
{"Block":573, "results":[{"Addr":"0x0001","Status":"Err"},{"Addr":"0x0002","Status":"Ok","D_cm":1005,"LPDoA_deg":0.00,"LAoA_deg":0.00,"LFoM":0,"RAoA_deg":0.00,"CFO_100ppm":606}]}
{"Block":574, "results":[{"Addr":"0x0001","Status":"Err"},{"Addr":"0x0002","Status":"Err"}]}
{"Block":575, "results":[{"Addr":"0x0001","Status":"Err"},{"Addr":"0x0002","Status":"Ok","D_cm":997,"LPDoA_deg":0.00,"LAoA_deg":0.00,"LFoM":0,"RAoA_deg":0.00,"CFO_100ppm":597}]}
{"Block":576, "results":[{"Addr":"0x0001","Status":"Err"},{"Addr":"0x0002","Status":"Ok","D_cm":999,"LPDoA_deg":0.00,"LAoA_deg":0.00,"LFoM":0,"RAoA_deg":0.00,"CFO_100ppm":612}]}
{"Block":577, "results":[{"Addr":"0x0001","Status":"Err"},{"Addr":"0x0002","Status":"Err"}]}
{"Block":578, "results":[{"Addr":"0x0001","Status":"Err"},{"Addr":"0x0002","Status":"Ok","D_cm":995,"LPDoA_deg":0.00,"LAoA_deg":0.00,"LFoM":0,"RAoA_deg":0.00,"CFO_100ppm":593}]}
{"Block":579, "results":[{"Addr":"0x0001","Status":"Err"},{"Addr":"0x0002","Status":"Ok","D_cm":1001,"LPDoA_deg":0.00,"LAoA_deg":0.00,"LFoM":0,"RAoA_deg":0.00,"CFO_100ppm":613}]}
{"Block":580, "results":[{"Addr":"0x0001","Status":"Err"},{"Addr":"0x0002","Status":"Ok","D_cm":997,"LPDoA_deg":0.00,"LAoA_deg":0.00,"LFoM":0,"RAoA_deg":0.00,"CFO_100ppm":622}]}
{"Block":581, "results":[{"Addr":"0x0001","Status":"Err"},{"Addr":"0x0002","Status":"Ok","D_cm":1001,"LPDoA_deg":0.00,"LAoA_deg":0.00,"LFoM":0,"RAoA_deg":0.00,"CFO_100ppm":606}]}
{"Block":582, "results":[{"Addr":"0x0001","Status":"Err"},{"Addr":"0x0002","Status":"Ok","D_cm":999,"LPDoA_deg":0.00,"LAoA_deg":0.00,"LFoM":0,"RAoA_deg":0.00,"CFO_100ppm":597}]}
{"Block":583, "results":[{"Addr":"0x0001","Status":"Err"},{"Addr":"0x0002","Status":"Ok","D_cm":1002,"LPDoA_deg":0.00,"LAoA_deg":0.00,"LFoM":0,"RAoA_deg":0.00,"CFO_100ppm":587}]}
{"Block":584, "results":[{"Addr":"0x0001","Status":"Err"},{"Addr":"0x0002","Status":"Ok","D_cm":1000,"LPDoA_deg":0.00,"LAoA_deg":0.00,"LFoM":0,"RAoA_deg":0.00,"CFO_100ppm":585}]}
{"Block":585, "results":[{"Addr":"0x0001","Status":"Err"},{"Addr":"0x0002","Status":"Err"}]}
{"Block":586, "results":[{"Addr":"0x0001","Status":"Err"},{"Addr":"0x0002","Status":"Ok","D_cm":1008,"LPDoA_deg":0.00,"LAoA_deg":0.00,"LFoM":0,"RAoA_deg":0.00,"CFO_100ppm":606}]}
{"Block":587, "results":[{"Addr":"0x0001","Status":"Err"},{"Addr":"0x0002","Status":"Err"}]}
{"Block":588, "results":[{"Addr":"0x0001","Status":"Err"},{"Addr":"0x0002","Status":"Err"}]}
{"Block":589, "results":[{"Addr":"0x0001","Status":"Err"},{"Addr":"0x0002","Status":"Ok","D_cm":1007,"LPDoA_deg":0.00,"LAoA_deg":0.00,"LFoM":0,"RAoA_deg":0.00,"CFO_100ppm":607}]}
{"Block":590, "results":[{"Addr":"0x0001","Status":"Err"},{"Addr":"0x0002","Status":"Ok","D_cm":1005,"LPDoA_deg":0.00,"LAoA_deg":0.00,"LFoM":0,"RAoA_deg":0.00,"CFO_100ppm":625}]}
{"Block":591, "results":[{"Addr":"0x0001","Status":"Err"},{"Addr":"0x0002","Status":"Ok","D_cm":1008,"LPDoA_deg":0.00,"LAoA_deg":0.00,"LFoM":0,"RAoA_deg":0.00,"CFO_100ppm":585}]}
{"Block":592, "results":[{"Addr":"0x0001","Status":"Err"},{"Addr":"0x0002","Status":"Err"}]}
{"Block":593, "results":[{"Addr":"0x0001","Status":"Err"},{"Addr":"0x0002","Status":"Ok","D_cm":1007,"LPDoA_deg":0.00,"LAoA_deg":0.00,"LFoM":0,"RAoA_deg":0.00,"CFO_100ppm":563}]}
{"Block":594, "results":[{"Addr":"0x0001","Status":"Err"},{"Addr":"0x0002","Status":"Err"}]}
{"Block":595, "results":[{"Addr":"0x0001","Status":"Err"},{"Addr":"0x0002","Status":"Err"}]}
{"Block":596, "results":[{"Addr":"0x0001","Status":"Err"},{"Addr":"0x0002","Status":"Ok","D_cm":995,"LPDoA_deg":0.00,"LAoA_deg":0.00,"LFoM":0,"RAoA_deg":0.00,"CFO_100ppm":630}]}
{"Block":597, "results":[{"Addr":"0x0001","Status":"Err"},{"Addr":"0x0002","Status":"Ok","D_cm":1004,"LPDoA_deg":0.00,"LAoA_deg":0.00,"LFoM":0,"RAoA_deg":0.00,"CFO_100ppm":624}]}
{"Block":598, "results":[{"Addr":"0x0001","Status":"Err"},{"Addr":"0x0002","Status":"Ok","D_cm":1004,"LPDoA_deg":0.00,"LAoA_deg":0.00,"LFoM":0,"RAoA_deg":0.00,"CFO_100ppm":606}]}
{"Block":599, "results":[{"Addr":"0x0001","Status":"Err"},{"Addr":"0x0002","Status":"Err"}]}
{"Block":600, "results":[{"Addr":"0x0001","Status":"Err"},{"Addr":"0x0002","Status":"Ok","D_cm":998,"LPDoA_deg":0.00,"LAoA_deg":0.00,"LFoM":0,"RAoA_deg":0.00,"CFO_100ppm":616}]}
{"Block":601, "results":[{"Addr":"0x0001","Status":"Err"},{"Addr":"0x0002","Status":"Ok","D_cm":1002,"LPDoA_deg":0.00,"LAoA_deg":0.00,"LFoM":0,"RAoA_deg":0.00,"CFO_100ppm":607}]}
{"Block":602, "results":[{"Addr":"0x0001","Status":"Err"},{"Addr":"0x0002","Status":"Ok","D_cm":998,"LPDoA_deg":0.00,"LAoA_deg":0.00,"LFoM":0,"RAoA_deg":0.00,"CFO_100ppm":606}]}
{"Block":603, "results":[{"Addr":"0x0001","Status":"Err"},{"Addr":"0x0002","Status":"Ok","D_cm":1000,"LPDoA_deg":0.00,"LAoA_deg":0.00,"LFoM":0,"RAoA_deg":0.00,"CFO_100ppm":609}]}
{"Block":604, "results":[{"Addr":"0x0001","Status":"Err"},{"Addr":"0x0002","Status":"Err"}]}
{"Block":605, "results":[{"Addr":"0x0001","Status":"Err"},{"Addr":"0x0002","Status":"Err"}]}
{"Block":606, "results":[{"Addr":"0x0001","Status":"Err"},{"Addr":"0x0002","Status":"Ok","D_cm":1002,"LPDoA_deg":0.00,"LAoA_deg":0.00,"LFoM":0,"RAoA_deg":0.00,"CFO_100ppm":609}]}
{"Block":607, "results":[{"Addr":"0x0001","Status":"Err"},{"Addr":"0x0002","Status":"Err"}]}
{"Block":608, "results":[{"Addr":"0x0001","Status":"Err"},{"Addr":"0x0002","Status":"Ok","D_cm":996,"LPDoA_deg":0.00,"LAoA_deg":0.00,"LFoM":0,"RAoA_deg":0.00,"CFO_100ppm":616}]}
{"Block":609, "results":[{"Addr":"0x0001","Status":"Err"},{"Addr":"0x0002","Status":"Ok","D_cm":995,"LPDoA_deg":0.00,"LAoA_deg":0.00,"LFoM":0,"RAoA_deg":0.00,"CFO_100ppm":599}]}
{"Block":610, "results":[{"Addr":"0x0001","Status":"Err"},{"Addr":"0x0002","Status":"Ok","D_cm":1005,"LPDoA_deg":0.00,"LAoA_deg":0.00,"LFoM":0,"RAoA_deg":0.00,"CFO_100ppm":587}]}
{"Block":611, "results":[{"Addr":"0x0001","Status":"Err"},{"Addr":"0x0002","Status":"Ok","D_cm":1001,"LPDoA_deg":0.00,"LAoA_deg":0.00,"LFoM":0,"RAoA_deg":0.00,"CFO_100ppm":603}]}
{"Block":612, "results":[{"Addr":"0x0001","Status":"Err"},{"Addr":"0x0002","Status":"Ok","D_cm":1007,"LPDoA_deg":0.00,"LAoA_deg":0.00,"LFoM":0,"RAoA_deg":0.00,"CFO_100ppm":621}]}
{"Block":613, "results":[{"Addr":"0x0001","Status":"Err"},{"Addr":"0x0002","Status":"Err"}]}
{"Block":614, "results":[{"Addr":"0x0001","Status":"Err"},{"Addr":"0x0002","Status":"Err"}]}
{"Block":615, "results":[{"Addr":"0x0001","Status":"Err"},{"Addr":"0x0002","Status":"Ok","D_cm":1003,"LPDoA_deg":0.00,"LAoA_deg":0.00,"LFoM":0,"RAoA_deg":0.00,"CFO_100ppm":660}]}
{"Block":616, "results":[{"Addr":"0x0001","Status":"Err"},{"Addr":"0x0002","Status":"Ok","D_cm":1000,"LPDoA_deg":0.00,"LAoA_deg":0.00,"LFoM":0,"RAoA_deg":0.00,"CFO_100ppm":610}]}
{"Block":617, "results":[{"Addr":"0x0001","Status":"Err"},{"Addr":"0x0002","Status":"Ok","D_cm":1006,"LPDoA_deg":0.00,"LAoA_deg":0.00,"LFoM":0,"RAoA_deg":0.00,"CFO_100ppm":604}]}
{"Block":618, "results":[{"Addr":"0x0001","Status":"Err"},{"Addr":"0x0002","Status":"Ok","D_cm":998,"LPDoA_deg":0.00,"LAoA_deg":0.00,"LFoM":0,"RAoA_deg":0.00,"CFO_100ppm":597}]}
{"Block":619, "results":[{"Addr":"0x0001","Status":"Err"},{"Addr":"0x0002","Status":"Err"}]}
{"Block":620, "results":[{"Addr":"0x0001","Status":"Err"},{"Addr":"0x0002","Status":"Ok","D_cm":1000,"LPDoA_deg":0.00,"LAoA_deg":0.00,"LFoM":0,"RAoA_deg":0.00,"CFO_100ppm":606}]}
{"Block":621, "results":[{"Addr":"0x0001","Status":"Err"},{"Addr":"0x0002","Status":"Err"}]}
{"Block":622, "results":[{"Addr":"0x0001","Status":"Err"},{"Addr":"0x0002","Status":"Ok","D_cm":1001,"LPDoA_deg":0.00,"LAoA_deg":0.00,"LFoM":0,"RAoA_deg":0.00,"CFO_100ppm":616}]}
{"Block":623, "results":[{"Addr":"0x0001","Status":"Err"},{"Addr":"0x0002","Status":"Err"}]}
{"Block":624, "results":[{"Addr":"0x0001","Status":"Err"},{"Addr":"0x0002","Status":"Err"}]}
{"Block":625, "results":[{"Addr":"0x0001","Status":"Err"},{"Addr":"0x0002","Status":"Err"}]}
{"Block":626, "results":[{"Addr":"0x0001","Status":"Err"},{"Addr":"0x0002","Status":"Ok","D_cm":1008,"LPDoA_deg":0.00,"LAoA_deg":0.00,"LFoM":0,"RAoA_deg":0.00,"CFO_100ppm":619}]}
{"Block":627, "results":[{"Addr":"0x0001","Status":"Err"},{"Addr":"0x0002","Status":"Err"}]}
{"Block":628, "results":[{"Addr":"0x0001","Status":"Err"},{"Addr":"0x0002","Status":"Ok","D_cm":999,"LPDoA_deg":0.00,"LAoA_deg":0.00,"LFoM":0,"RAoA_deg":0.00,"CFO_100ppm":616}]}
{"Block":629, "results":[{"Addr":"0x0001","Status":"Err"},{"Addr":"0x0002","Status":"Err"}]}
{"Block":630, "results":[{"Addr":"0x0001","Status":"Err"},{"Addr":"0x0002","Status":"Ok","D_cm":992,"LPDoA_deg":0.00,"LAoA_deg":0.00,"LFoM":0,"RAoA_deg":0.00,"CFO_100ppm":627}]}
{"Block":631, "results":[{"Addr":"0x0001","Status":"Err"},{"Addr":"0x0002","Status":"Ok","D_cm":1003,"LPDoA_deg":0.00,"LAoA_deg":0.00,"LFoM":0,"RAoA_deg":0.00,"CFO_100ppm":637}]}
{"Block":632, "results":[{"Addr":"0x0001","Status":"Err"},{"Addr":"0x0002","Status":"Ok","D_cm":996,"LPDoA_deg":0.00,"LAoA_deg":0.00,"LFoM":0,"RAoA_deg":0.00,"CFO_100ppm":593}]}
{"Block":633, "results":[{"Addr":"0x0001","Status":"Err"},{"Addr":"0x0002","Status":"Ok","D_cm":1004,"LPDoA_deg":0.00,"LAoA_deg":0.00,"LFoM":0,"RAoA_deg":0.00,"CFO_100ppm":597}]}
{"Block":634, "results":[{"Addr":"0x0001","Status":"Err"},{"Addr":"0x0002","Status":"Ok","D_cm":1006,"LPDoA_deg":0.00,"LAoA_deg":0.00,"LFoM":0,"RAoA_deg":0.00,"CFO_100ppm":578}]}
{"Block":635, "results":[{"Addr":"0x0001","Status":"Err"},{"Addr":"0x0002","Status":"Ok","D_cm":1007,"LPDoA_deg":0.00,"LAoA_deg":0.00,"LFoM":0,"RAoA_deg":0.00,"CFO_100ppm":593}]}
{"Block":636, "results":[{"Addr":"0x0001","Status":"Err"},{"Addr":"0x0002","Status":"Ok","D_cm":1007,"LPDoA_deg":0.00,"LAoA_deg":0.00,"LFoM":0,"RAoA_deg":0.00,"CFO_100ppm":591}]}
{"Block":637, "results":[{"Addr":"0x0001","Status":"Err"},{"Addr":"0x0002","Status":"Ok","D_cm":1004,"LPDoA_deg":0.00,"LAoA_deg":0.00,"LFoM":0,"RAoA_deg":0.00,"CFO_100ppm":590}]}
{"Block":638, "results":[{"Addr":"0x0001","Status":"Err"},{"Addr":"0x0002","Status":"Ok","D_cm":1000,"LPDoA_deg":0.00,"LAoA_deg":0.00,"LFoM":0,"RAoA_deg":0.00,"CFO_100ppm":602}]}
{"Block":639, "results":[{"Addr":"0x0001","Status":"Err"},{"Addr":"0x0002","Status":"Err"}]}
{"Block":640, "results":[{"Addr":"0x0001","Status":"Err"},{"Addr":"0x0002","Status":"Ok","D_cm":1006,"LPDoA_deg":0.00,"LAoA_deg":0.00,"LFoM":0,"RAoA_deg":0.00,"CFO_100ppm":630}]}
{"Block":641, "results":[{"Addr":"0x0001","Status":"Err"},{"Addr":"0x0002","Status":"Err"}]}
{"Block":642, "results":[{"Addr":"0x0001","Status":"Err"},{"Addr":"0x0002","Status":"Err"}]}
{"Block":643, "results":[{"Addr":"0x0001","Status":"Err"},{"Addr":"0x0002","Status":"Ok","D_cm":1003,"LPDoA_deg":0.00,"LAoA_deg":0.00,"LFoM":0,"RAoA_deg":0.00,"CFO_100ppm":575}]}
{"Block":644, "results":[{"Addr":"0x0001","Status":"Err"},{"Addr":"0x0002","Status":"Ok","D_cm":1005,"LPDoA_deg":0.00,"LAoA_deg":0.00,"LFoM":0,"RAoA_deg":0.00,"CFO_100ppm":599}]}
{"Block":645, "results":[{"Addr":"0x0001","Status":"Err"},{"Addr":"0x0002","Status":"Err"}]}
{"Block":646, "results":[{"Addr":"0x0001","Status":"Err"},{"Addr":"0x0002","Status":"Ok","D_cm":1004,"LPDoA_deg":0.00,"LAoA_deg":0.00,"LFoM":0,"RAoA_deg":0.00,"CFO_100ppm":602}]}
{"Block":647, "results":[{"Addr":"0x0001","Status":"Err"},{"Addr":"0x0002","Status":"Err"}]}
{"Block":648, "results":[{"Addr":"0x0001","Status":"Err"},{"Addr":"0x0002","Status":"Ok","D_cm":1000,"LPDoA_deg":0.00,"LAoA_deg":0.00,"LFoM":0,"RAoA_deg":0.00,"CFO_100ppm":627}]}
{"Block":649, "results":[{"Addr":"0x0001","Status":"Err"},{"Addr":"0x0002","Status":"Ok","D_cm":1005,"LPDoA_deg":0.00,"LAoA_deg":0.00,"LFoM":0,"RAoA_deg":0.00,"CFO_100ppm":579}]}
{"Block":650, "results":[{"Addr":"0x0001","Status":"Err"},{"Addr":"0x0002","Status":"Ok","D_cm":1001,"LPDoA_deg":0.00,"LAoA_deg":0.00,"LFoM":0,"RAoA_deg":0.00,"CFO_100ppm":615}]}
{"Block":651, "results":[{"Addr":"0x0001","Status":"Err"},{"Addr":"0x0002","Status":"Err"}]}
{"Block":652, "results":[{"Addr":"0x0001","Status":"Err"},{"Addr":"0x0002","Status":"Ok","D_cm":1005,"LPDoA_deg":0.00,"LAoA_deg":0.00,"LFoM":0,"RAoA_deg":0.00,"CFO_100ppm":596}]}
{"Block":653, "results":[{"Addr":"0x0001","Status":"Err"},{"Addr":"0x0002","Status":"Ok","D_cm":997,"LPDoA_deg":0.00,"LAoA_deg":0.00,"LFoM":0,"RAoA_deg":0.00,"CFO_100ppm":606}]}
{"Block":654, "results":[{"Addr":"0x0001","Status":"Err"},{"Addr":"0x0002","Status":"Err"}]}
{"Block":655, "results":[{"Addr":"0x0001","Status":"Err"},{"Addr":"0x0002","Status":"Ok","D_cm":1003,"LPDoA_deg":0.00,"LAoA_deg":0.00,"LFoM":0,"RAoA_deg":0.00,"CFO_100ppm":618}]}
{"Block":656, "results":[{"Addr":"0x0001","Status":"Err"},{"Addr":"0x0002","Status":"Ok","D_cm":1001,"LPDoA_deg":0.00,"LAoA_deg":0.00,"LFoM":0,"RAoA_deg":0.00,"CFO_100ppm":576}]}
{"Block":657, "results":[{"Addr":"0x0001","Status":"Err"},{"Addr":"0x0002","Status":"Ok","D_cm":1000,"LPDoA_deg":0.00,"LAoA_deg":0.00,"LFoM":0,"RAoA_deg":0.00,"CFO_100ppm":607}]}
{"Block":658, "results":[{"Addr":"0x0001","Status":"Err"},{"Addr":"0x0002","Status":"Ok","D_cm":1002,"LPDoA_deg":0.00,"LAoA_deg":0.00,"LFoM":0,"RAoA_deg":0.00,"CFO_100ppm":631}]}
{"Block":659, "results":[{"Addr":"0x0001","Status":"Err"},{"Addr":"0x0002","Status":"Err"}]}
{"Block":660, "results":[{"Addr":"0x0001","Status":"Err"},{"Addr":"0x0002","Status":"Ok","D_cm":1006,"LPDoA_deg":0.00,"LAoA_deg":0.00,"LFoM":0,"RAoA_deg":0.00,"CFO_100ppm":615}]}
{"Block":661, "results":[{"Addr":"0x0001","Status":"Err"},{"Addr":"0x0002","Status":"Ok","D_cm":1006,"LPDoA_deg":0.00,"LAoA_deg":0.00,"LFoM":0,"RAoA_deg":0.00,"CFO_100ppm":615}]}
{"Block":662, "results":[{"Addr":"0x0001","Status":"Err"},{"Addr":"0x0002","Status":"Err"}]}
{"Block":663, "results":[{"Addr":"0x0001","Status":"Err"},{"Addr":"0x0002","Status":"Ok","D_cm":1005,"LPDoA_deg":0.00,"LAoA_deg":0.00,"LFoM":0,"RAoA_deg":0.00,"CFO_100ppm":599}]}
{"Block":664, "results":[{"Addr":"0x0001","Status":"Err"},{"Addr":"0x0002","Status":"Err"}]}
{"Block":665, "results":[{"Addr":"0x0001","Status":"Err"},{"Addr":"0x0002","Status":"Ok","D_cm":1007,"LPDoA_deg":0.00,"LAoA_deg":0.00,"LFoM":0,"RAoA_deg":0.00,"CFO_100ppm":619}]}
{"Block":666, "results":[{"Addr":"0x0001","Status":"Err"},{"Addr":"0x0002","Status":"Err"}]}
{"Block":667, "results":[{"Addr":"0x0001","Status":"Err"},{"Addr":"0x0002","Status":"Err"}]}
{"Block":668, "results":[{"Addr":"0x0001","Status":"Err"},{"Addr":"0x0002","Status":"Err"}]}
{"Block":669, "results":[{"Addr":"0x0001","Status":"Err"},{"Addr":"0x0002","Status":"Ok","D_cm":997,"LPDoA_deg":0.00,"LAoA_deg":0.00,"LFoM":0,"RAoA_deg":0.00,"CFO_100ppm":600}]}
{"Block":670, "results":[{"Addr":"0x0001","Status":"Err"},{"Addr":"0x0002","Status":"Ok","D_cm":999,"LPDoA_deg":0.00,"LAoA_deg":0.00,"LFoM":0,"RAoA_deg":0.00,"CFO_100ppm":619}]}
{"Block":671, "results":[{"Addr":"0x0001","Status":"Err"},{"Addr":"0x0002","Status":"Ok","D_cm":997,"LPDoA_deg":0.00,"LAoA_deg":0.00,"LFoM":0,"RAoA_deg":0.00,"CFO_100ppm":621}]}
{"Block":672, "results":[{"Addr":"0x0001","Status":"Err"},{"Addr":"0x0002","Status":"Ok","D_cm":1005,"LPDoA_deg":0.00,"LAoA_deg":0.00,"LFoM":0,"RAoA_deg":0.00,"CFO_100ppm":585}]}
{"Block":673, "results":[{"Addr":"0x0001","Status":"Err"},{"Addr":"0x0002","Status":"Err"}]}
{"Block":674, "results":[{"Addr":"0x0001","Status":"Err"},{"Addr":"0x0002","Status":"Err"}]}
{"Block":675, "results":[{"Addr":"0x0001","Status":"Err"},{"Addr":"0x0002","Status":"Ok","D_cm":999,"LPDoA_deg":0.00,"LAoA_deg":0.00,"LFoM":0,"RAoA_deg":0.00,"CFO_100ppm":625}]}
{"Block":676, "results":[{"Addr":"0x0001","Status":"Err"},{"Addr":"0x0002","Status":"Ok","D_cm":1007,"LPDoA_deg":0.00,"LAoA_deg":0.00,"LFoM":0,"RAoA_deg":0.00,"CFO_100ppm":613}]}
{"Block":677, "results":[{"Addr":"0x0001","Status":"Err"},{"Addr":"0x0002","Status":"Err"}]}
{"Block":678, "results":[{"Addr":"0x0001","Status":"Err"},{"Addr":"0x0002","Status":"Err"}]}
{"Block":679, "results":[{"Addr":"0x0001","Status":"Err"},{"Addr":"0x0002","Status":"Err"}]}
s{"Block":680, "results":[{"Addr":"0x0001","Status":"Err"},{"Addr":"0x0002","Status":"Err"}]}
{"Block":681, "results":[{"Addr":"0x0001","Status":"Err"},{"Addr":"0x0002","Status":"Err"}]}
t{"Block":682, "results":[{"Addr":"0x0001","Status":"Err"},{"Addr":"0x0002","Status":"Ok","D_cm":999,"LPDoA_deg":0.00,"LAoA_deg":0.00,"LFoM":0,"RAoA_deg":0.00,"CFO_100ppm":621}]}
{"Block":683, "results":[{"Addr":"0x0001","Status":"Err"},{"Addr":"0x0002","Status":"Err"}]}
o{"Block":684, "results":[{"Addr":"0x0001","Status":"Err"},{"Addr":"0x0002","Status":"Err"}]}
p{"Block":685, "results":[{"Addr":"0x0001","Status":"Err"},{"Addr":"0x0002","Status":"Err"}]}

ok
{"Block":686, "results":[{"Addr":"0x0001","Status":"Err"},{"Addr":"0x0002","Status":"Err"}]}
{"Session Stopped":"Stop request"}
