=~=~=~=~=~=~=~=~=~=~=~= PuTTY log 2024.12.13 12:42:12 =~=~=~=~=~=~=~=~=~=~=~=
SESSION_INFO_NTF: {session_handle=1, sequence_number=275, block_index=275, n_measurements=1

 [mac_address=0x0001, status="RX_TIMEOUT"]}
SESSION_INFO_NTF: {session_handle=1, sequence_number=276, block_index=276, n_measurements=1

 [mac_address=0x0001, status="RX_TIMEOUT"]}
SESSION_INFO_NTF: {session_handle=1, sequence_number=277, block_index=277, n_measurements=1

 [mac_address=0x0001, status="RX_TIMEOUT"]}
SESSION_INFO_NTF: {session_handle=1, sequence_number=278, block_index=278, n_measurements=1

 [mac_address=0x0001, status="RX_TIMEOUT"]}
SESSION_INFO_NTF: {session_handle=1, sequence_number=279, block_index=279, n_measurements=1

 [mac_address=0x0001, status="RX_TIMEOUT"]}
SESSION_INFO_NTF: {session_handle=1, sequence_number=280, block_index=280, n_measurements=1

 [mac_address=0x0001, status="RX_TIMEOUT"]}
SESSION_INFO_NTF: {session_handle=1, sequence_number=281, block_index=281, n_measurements=1

 [mac_address=0x0001, status="RX_TIMEOUT"]}
SESSION_INFO_NTF: {session_handle=1, sequence_number=282, block_index=282, n_measurements=1

 [mac_address=0x0001, status="RX_TIMEOUT"]}
SESSION_INFO_NTF: {session_handle=1, sequence_number=283, block_index=283, n_measurements=1

 [mac_address=0x0001, status="RX_TIMEOUT"]}
SESSION_INFO_NTF: {session_handle=1, sequence_number=284, block_index=284, n_measurements=1

 [mac_address=0x0001, status="RX_TIMEOUT"]}
SESSION_INFO_NTF: {session_handle=1, sequence_number=285, block_index=285, n_measurements=1

 [mac_address=0x0001, status="RX_TIMEOUT"]}
SESSION_INFO_NTF: {session_handle=1, sequence_number=286, block_index=286, n_measurements=1

 [mac_address=0x0001, status="RX_TIMEOUT"]}
SESSION_INFO_NTF: {session_handle=1, sequence_number=287, block_index=287, n_measurements=1

 [mac_address=0x0001, status="RX_TIMEOUT"]}
SESSION_INFO_NTF: {session_handle=1, sequence_number=288, block_index=288, n_measurements=1

 [mac_address=0x0001, status="RX_TIMEOUT"]}
SESSION_INFO_NTF: {session_handle=1, sequence_number=289, block_index=289, n_measurements=1

 [mac_address=0x0001, status="RX_TIMEOUT"]}
SESSION_INFO_NTF: {session_handle=1, sequence_number=290, block_index=290, n_measurements=1

 [mac_address=0x0001, status="RX_TIMEOUT"]}
SESSION_INFO_NTF: {session_handle=1, sequence_number=291, block_index=291, n_measurements=1

 [mac_address=0x0001, status="RX_TIMEOUT"]}
SESSION_INFO_NTF: {session_handle=1, sequence_number=292, block_index=292, n_measurements=1

 [mac_address=0x0001, status="RX_TIMEOUT"]}
SESSION_INFO_NTF: {session_handle=1, sequence_number=293, block_index=293, n_measurements=1

 [mac_address=0x0001, status="RX_TIMEOUT"]}
SESSION_INFO_NTF: {session_handle=1, sequence_number=294, block_index=294, n_measurements=1

 [mac_address=0x0001, status="RX_TIMEOUT"]}
SESSION_INFO_NTF: {session_handle=1, sequence_number=295, block_index=295, n_measurements=1

 [mac_address=0x0001, status="RX_TIMEOUT"]}
SESSION_INFO_NTF: {session_handle=1, sequence_number=296, block_index=296, n_measurements=1

 [mac_address=0x0001, status="RX_TIMEOUT"]}
SESSION_INFO_NTF: {session_handle=1, sequence_number=297, block_index=297, n_measurements=1

 [mac_address=0x0001, status="RX_TIMEOUT"]}
SESSION_INFO_NTF: {session_handle=1, sequence_number=298, block_index=298, n_measurements=1

 [mac_address=0x0001, status="RX_TIMEOUT"]}
SESSION_INFO_NTF: {session_handle=1, sequence_number=299, block_index=299, n_measurements=1

 [mac_address=0x0001, status="RX_TIMEOUT"]}
SESSION_INFO_NTF: {session_handle=1, sequence_number=300, block_index=300, n_measurements=1

 [mac_address=0x0001, status="RX_TIMEOUT"]}
SESSION_INFO_NTF: {session_handle=1, sequence_number=301, block_index=301, n_measurements=1

 [mac_address=0x0001, status="RX_TIMEOUT"]}
SESSION_INFO_NTF: {session_handle=1, sequence_number=302, block_index=302, n_measurements=1

 [mac_address=0x0001, status="RX_TIMEOUT"]}
SESSION_INFO_NTF: {session_handle=1, sequence_number=303, block_index=303, n_measurements=1

 [mac_address=0x0001, status="RX_TIMEOUT"]}
SESSION_INFO_NTF: {session_handle=1, sequence_number=304, block_index=304, n_measurements=1

 [mac_address=0x0001, status="RX_TIMEOUT"]}
SESSION_INFO_NTF: {session_handle=1, sequence_number=305, block_index=305, n_measurements=1

 [mac_address=0x0001, status="RX_TIMEOUT"]}
SESSION_INFO_NTF: {session_handle=1, sequence_number=306, block_index=306, n_measurements=1

 [mac_address=0x0001, status="RX_TIMEOUT"]}
SESSION_INFO_NTF: {session_handle=1, sequence_number=307, block_index=307, n_measurements=1

 [mac_address=0x0001, status="RX_TIMEOUT"]}
SESSION_INFO_NTF: {session_handle=1, sequence_number=308, block_index=308, n_measurements=1

 [mac_address=0x0001, status="RX_TIMEOUT"]}
SESSION_INFO_NTF: {session_handle=1, sequence_number=309, block_index=309, n_measurements=1

 [mac_address=0x0001, status="RX_TIMEOUT"]}
SESSION_INFO_NTF: {session_handle=1, sequence_number=310, block_index=310, n_measurements=1

 [mac_address=0x0001, status="RX_TIMEOUT"]}
SESSION_INFO_NTF: {session_handle=1, sequence_number=311, block_index=311, n_measurements=1

 [mac_address=0x0001, status="RX_TIMEOUT"]}
SESSION_INFO_NTF: {session_handle=1, sequence_number=312, block_index=312, n_measurements=1

 [mac_address=0x0001, status="RX_TIMEOUT"]}
SESSION_INFO_NTF: {session_handle=1, sequence_number=313, block_index=313, n_measurements=1

 [mac_address=0x0001, status="RX_TIMEOUT"]}
SESSION_INFO_NTF: {session_handle=1, sequence_number=314, block_index=314, n_measurements=1

 [mac_address=0x0001, status="RX_TIMEOUT"]}
SESSION_INFO_NTF: {session_handle=1, sequence_number=315, block_index=315, n_measurements=1

 [mac_address=0x0001, status="RX_TIMEOUT"]}
SESSION_INFO_NTF: {session_handle=1, sequence_number=316, block_index=316, n_measurements=1

 [mac_address=0x0001, status="RX_TIMEOUT"]}
SESSION_INFO_NTF: {session_handle=1, sequence_number=317, block_index=317, n_measurements=1

 [mac_address=0x0001, status="RX_TIMEOUT"]}
SESSION_INFO_NTF: {session_handle=1, sequence_number=318, block_index=318, n_measurements=1

 [mac_address=0x0001, status="RX_TIMEOUT"]}
SESSION_INFO_NTF: {session_handle=1, sequence_number=319, block_index=319, n_measurements=1

 [mac_address=0x0001, status="RX_TIMEOUT"]}
SESSION_INFO_NTF: {session_handle=1, sequence_number=320, block_index=320, n_measurements=1

 [mac_address=0x0001, status="RX_TIMEOUT"]}
SESSION_INFO_NTF: {session_handle=1, sequence_number=321, block_index=321, n_measurements=1

 [mac_address=0x0001, status="RX_TIMEOUT"]}
SESSION_INFO_NTF: {session_handle=1, sequence_number=322, block_index=322, n_measurements=1

 [mac_address=0x0001, status="RX_TIMEOUT"]}
SESSION_INFO_NTF: {session_handle=1, sequence_number=323, block_index=323, n_measurements=1

 [mac_address=0x0001, status="RX_TIMEOUT"]}
SESSION_INFO_NTF: {session_handle=1, sequence_number=324, block_index=324, n_measurements=1

 [mac_address=0x0001, status="RX_TIMEOUT"]}
SESSION_INFO_NTF: {session_handle=1, sequence_number=325, block_index=325, n_measurements=1

 [mac_address=0x0001, status="RX_TIMEOUT"]}
SESSION_INFO_NTF: {session_handle=1, sequence_number=326, block_index=326, n_measurements=1

 [mac_address=0x0001, status="RX_TIMEOUT"]}
SESSION_INFO_NTF: {session_handle=1, sequence_number=327, block_index=327, n_measurements=1

 [mac_address=0x0001, status="RX_TIMEOUT"]}
SESSION_INFO_NTF: {session_handle=1, sequence_number=328, block_index=328, n_measurements=1

 [mac_address=0x0001, status="RX_TIMEOUT"]}
SESSION_INFO_NTF: {session_handle=1, sequence_number=329, block_index=329, n_measurements=1

 [mac_address=0x0001, status="RX_TIMEOUT"]}
SESSION_INFO_NTF: {session_handle=1, sequence_number=330, block_index=330, n_measurements=1

 [mac_address=0x0001, status="RX_TIMEOUT"]}
SESSION_INFO_NTF: {session_handle=1, sequence_number=331, block_index=331, n_measurements=1

 [mac_address=0x0001, status="RX_TIMEOUT"]}
SESSION_INFO_NTF: {session_handle=1, sequence_number=332, block_index=332, n_measurements=1

 [mac_address=0x0001, status="RX_TIMEOUT"]}
SESSION_INFO_NTF: {session_handle=1, sequence_number=333, block_index=333, n_measurements=1

 [mac_address=0x0001, status="RX_TIMEOUT"]}
SESSION_INFO_NTF: {session_handle=1, sequence_number=334, block_index=334, n_measurements=1

 [mac_address=0x0001, status="RX_TIMEOUT"]}
SESSION_INFO_NTF: {session_handle=1, sequence_number=335, block_index=335, n_measurements=1

 [mac_address=0x0001, status="RX_TIMEOUT"]}
SESSION_INFO_NTF: {session_handle=1, sequence_number=336, block_index=336, n_measurements=1

 [mac_address=0x0001, status="RX_TIMEOUT"]}
SESSION_INFO_NTF: {session_handle=1, sequence_number=337, block_index=337, n_measurements=1

 [mac_address=0x0001, status="RX_TIMEOUT"]}
SESSION_INFO_NTF: {session_handle=1, sequence_number=338, block_index=338, n_measurements=1

 [mac_address=0x0001, status="RX_TIMEOUT"]}
SESSION_INFO_NTF: {session_handle=1, sequence_number=339, block_index=339, n_measurements=1

 [mac_address=0x0001, status="RX_TIMEOUT"]}
SESSION_INFO_NTF: {session_handle=1, sequence_number=340, block_index=340, n_measurements=1

 [mac_address=0x0001, status="RX_TIMEOUT"]}
SESSION_INFO_NTF: {session_handle=1, sequence_number=341, block_index=341, n_measurements=1

 [mac_address=0x0001, status="RX_TIMEOUT"]}
SESSION_INFO_NTF: {session_handle=1, sequence_number=342, block_index=342, n_measurements=1

 [mac_address=0x0001, status="RX_TIMEOUT"]}
SESSION_INFO_NTF: {session_handle=1, sequence_number=343, block_index=343, n_measurements=1

 [mac_address=0x0001, status="RX_TIMEOUT"]}
SESSION_INFO_NTF: {session_handle=1, sequence_number=344, block_index=344, n_measurements=1

 [mac_address=0x0001, status="RX_TIMEOUT"]}
SESSION_INFO_NTF: {session_handle=1, sequence_number=345, block_index=345, n_measurements=1

 [mac_address=0x0001, status="RX_TIMEOUT"]}
SESSION_INFO_NTF: {session_handle=1, sequence_number=346, block_index=346, n_measurements=1

 [mac_address=0x0001, status="RX_TIMEOUT"]}
SESSION_INFO_NTF: {session_handle=1, sequence_number=347, block_index=347, n_measurements=1

 [mac_address=0x0001, status="RX_TIMEOUT"]}
SESSION_INFO_NTF: {session_handle=1, sequence_number=348, block_index=348, n_measurements=1

 [mac_address=0x0001, status="RX_TIMEOUT"]}
SESSION_INFO_NTF: {session_handle=1, sequence_number=349, block_index=349, n_measurements=1

 [mac_address=0x0001, status="RX_TIMEOUT"]}
SESSION_INFO_NTF: {session_handle=1, sequence_number=350, block_index=350, n_measurements=1

 [mac_address=0x0001, status="RX_TIMEOUT"]}
SESSION_INFO_NTF: {session_handle=1, sequence_number=351, block_index=351, n_measurements=1

 [mac_address=0x0001, status="RX_TIMEOUT"]}
SESSION_INFO_NTF: {session_handle=1, sequence_number=352, block_index=352, n_measurements=1

 [mac_address=0x0001, status="RX_TIMEOUT"]}
SESSION_INFO_NTF: {session_handle=1, sequence_number=353, block_index=353, n_measurements=1

 [mac_address=0x0001, status="RX_TIMEOUT"]}
SESSION_INFO_NTF: {session_handle=1, sequence_number=354, block_index=354, n_measurements=1

 [mac_address=0x0001, status="RX_TIMEOUT"]}
SESSION_INFO_NTF: {session_handle=1, sequence_number=355, block_index=355, n_measurements=1

 [mac_address=0x0001, status="RX_TIMEOUT"]}
SESSION_INFO_NTF: {session_handle=1, sequence_number=356, block_index=356, n_measurements=1

 [mac_address=0x0001, status="RX_TIMEOUT"]}
SESSION_INFO_NTF: {session_handle=1, sequence_number=357, block_index=357, n_measurements=1

 [mac_address=0x0001, status="RX_TIMEOUT"]}
SESSION_INFO_NTF: {session_handle=1, sequence_number=358, block_index=358, n_measurements=1

 [mac_address=0x0001, status="RX_TIMEOUT"]}
SESSION_INFO_NTF: {session_handle=1, sequence_number=359, block_index=359, n_measurements=1

 [mac_address=0x0001, status="RX_TIMEOUT"]}
SESSION_INFO_NTF: {session_handle=1, sequence_number=360, block_index=360, n_measurements=1

 [mac_address=0x0001, status="RX_TIMEOUT"]}
SESSION_INFO_NTF: {session_handle=1, sequence_number=361, block_index=361, n_measurements=1

 [mac_address=0x0001, status="RX_TIMEOUT"]}
SESSION_INFO_NTF: {session_handle=1, sequence_number=362, block_index=362, n_measurements=1

 [mac_address=0x0001, status="RX_TIMEOUT"]}
SESSION_INFO_NTF: {session_handle=1, sequence_number=363, block_index=363, n_measurements=1

 [mac_address=0x0001, status="RX_TIMEOUT"]}
SESSION_INFO_NTF: {session_handle=1, sequence_number=364, block_index=364, n_measurements=1

 [mac_address=0x0001, status="RX_TIMEOUT"]}
SESSION_INFO_NTF: {session_handle=1, sequence_number=365, block_index=365, n_measurements=1

 [mac_address=0x0001, status="RX_TIMEOUT"]}
SESSION_INFO_NTF: {session_handle=1, sequence_number=366, block_index=366, n_measurements=1

 [mac_address=0x0001, status="RX_TIMEOUT"]}
SESSION_INFO_NTF: {session_handle=1, sequence_number=367, block_index=367, n_measurements=1

 [mac_address=0x0001, status="RX_TIMEOUT"]}
SESSION_INFO_NTF: {session_handle=1, sequence_number=368, block_index=368, n_measurements=1

 [mac_address=0x0001, status="RX_TIMEOUT"]}
SESSION_INFO_NTF: {session_handle=1, sequence_number=369, block_index=369, n_measurements=1

 [mac_address=0x0001, status="RX_TIMEOUT"]}
SESSION_INFO_NTF: {session_handle=1, sequence_number=370, block_index=370, n_measurements=1

 [mac_address=0x0001, status="RX_TIMEOUT"]}
SESSION_INFO_NTF: {session_handle=1, sequence_number=371, block_index=371, n_measurements=1

 [mac_address=0x0001, status="RX_TIMEOUT"]}
SESSION_INFO_NTF: {session_handle=1, sequence_number=372, block_index=372, n_measurements=1

 [mac_address=0x0001, status="RX_TIMEOUT"]}
SESSION_INFO_NTF: {session_handle=1, sequence_number=373, block_index=373, n_measurements=1

 [mac_address=0x0001, status="RX_TIMEOUT"]}
SESSION_INFO_NTF: {session_handle=1, sequence_number=374, block_index=374, n_measurements=1

 [mac_address=0x0001, status="RX_TIMEOUT"]}
SESSION_INFO_NTF: {session_handle=1, sequence_number=375, block_index=375, n_measurements=1

 [mac_address=0x0001, status="RX_TIMEOUT"]}
SESSION_INFO_NTF: {session_handle=1, sequence_number=376, block_index=376, n_measurements=1

 [mac_address=0x0001, status="RX_TIMEOUT"]}
SESSION_INFO_NTF: {session_handle=1, sequence_number=377, block_index=377, n_measurements=1

 [mac_address=0x0001, status="RX_TIMEOUT"]}
SESSION_INFO_NTF: {session_handle=1, sequence_number=378, block_index=378, n_measurements=1

 [mac_address=0x0001, status="RX_TIMEOUT"]}
SESSION_INFO_NTF: {session_handle=1, sequence_number=379, block_index=379, n_measurements=1

 [mac_address=0x0001, status="RX_TIMEOUT"]}
SESSION_INFO_NTF: {session_handle=1, sequence_number=380, block_index=380, n_measurements=1

 [mac_address=0x0001, status="RX_TIMEOUT"]}
SESSION_INFO_NTF: {session_handle=1, sequence_number=381, block_index=381, n_measurements=1

 [mac_address=0x0001, status="RX_TIMEOUT"]}
SESSION_INFO_NTF: {session_handle=1, sequence_number=382, block_index=382, n_measurements=1

 [mac_address=0x0001, status="RX_TIMEOUT"]}
SESSION_INFO_NTF: {session_handle=1, sequence_number=383, block_index=383, n_measurements=1

 [mac_address=0x0001, status="RX_TIMEOUT"]}
SESSION_INFO_NTF: {session_handle=1, sequence_number=384, block_index=384, n_measurements=1

 [mac_address=0x0001, status="RX_TIMEOUT"]}
SESSION_INFO_NTF: {session_handle=1, sequence_number=385, block_index=385, n_measurements=1

 [mac_address=0x0001, status="RX_TIMEOUT"]}
SESSION_INFO_NTF: {session_handle=1, sequence_number=386, block_index=386, n_measurements=1

 [mac_address=0x0001, status="RX_TIMEOUT"]}
SESSION_INFO_NTF: {session_handle=1, sequence_number=387, block_index=387, n_measurements=1

 [mac_address=0x0001, status="RX_TIMEOUT"]}
SESSION_INFO_NTF: {session_handle=1, sequence_number=388, block_index=388, n_measurements=1

 [mac_address=0x0001, status="RX_TIMEOUT"]}
SESSION_INFO_NTF: {session_handle=1, sequence_number=389, block_index=389, n_measurements=1

 [mac_address=0x0001, status="RX_TIMEOUT"]}
SESSION_INFO_NTF: {session_handle=1, sequence_number=390, block_index=390, n_measurements=1

 [mac_address=0x0001, status="RX_TIMEOUT"]}
SESSION_INFO_NTF: {session_handle=1, sequence_number=391, block_index=391, n_measurements=1

 [mac_address=0x0001, status="RX_TIMEOUT"]}
SESSION_INFO_NTF: {session_handle=1, sequence_number=392, block_index=392, n_measurements=1

 [mac_address=0x0001, status="RX_TIMEOUT"]}
SESSION_INFO_NTF: {session_handle=1, sequence_number=393, block_index=393, n_measurements=1

 [mac_address=0x0001, status="RX_TIMEOUT"]}
SESSION_INFO_NTF: {session_handle=1, sequence_number=394, block_index=394, n_measurements=1

 [mac_address=0x0001, status="RX_TIMEOUT"]}
SESSION_INFO_NTF: {session_handle=1, sequence_number=395, block_index=395, n_measurements=1

 [mac_address=0x0001, status="RX_TIMEOUT"]}
SESSION_INFO_NTF: {session_handle=1, sequence_number=396, block_index=396, n_measurements=1

 [mac_address=0x0001, status="RX_TIMEOUT"]}
SESSION_INFO_NTF: {session_handle=1, sequence_number=397, block_index=397, n_measurements=1

 [mac_address=0x0001, status="RX_TIMEOUT"]}
SESSION_INFO_NTF: {session_handle=1, sequence_number=398, block_index=398, n_measurements=1

 [mac_address=0x0001, status="RX_TIMEOUT"]}
SESSION_INFO_NTF: {session_handle=1, sequence_number=399, block_index=399, n_measurements=1

 [mac_address=0x0001, status="RX_TIMEOUT"]}
SESSION_INFO_NTF: {session_handle=1, sequence_number=400, block_index=400, n_measurements=1

 [mac_address=0x0001, status="RX_TIMEOUT"]}
SESSION_INFO_NTF: {session_handle=1, sequence_number=401, block_index=401, n_measurements=1

 [mac_address=0x0001, status="RX_TIMEOUT"]}
SESSION_INFO_NTF: {session_handle=1, sequence_number=402, block_index=402, n_measurements=1

 [mac_address=0x0001, status="RX_TIMEOUT"]}
SESSION_INFO_NTF: {session_handle=1, sequence_number=403, block_index=403, n_measurements=1

 [mac_address=0x0001, status="RX_TIMEOUT"]}
SESSION_INFO_NTF: {session_handle=1, sequence_number=404, block_index=404, n_measurements=1

 [mac_address=0x0001, status="RX_TIMEOUT"]}
SESSION_INFO_NTF: {session_handle=1, sequence_number=405, block_index=405, n_measurements=1

 [mac_address=0x0001, status="RX_TIMEOUT"]}
SESSION_INFO_NTF: {session_handle=1, sequence_number=406, block_index=406, n_measurements=1

 [mac_address=0x0001, status="RX_TIMEOUT"]}
SESSION_INFO_NTF: {session_handle=1, sequence_number=407, block_index=407, n_measurements=1

 [mac_address=0x0001, status="RX_TIMEOUT"]}
SESSION_INFO_NTF: {session_handle=1, sequence_number=408, block_index=408, n_measurements=1

 [mac_address=0x0001, status="RX_TIMEOUT"]}
SESSION_INFO_NTF: {session_handle=1, sequence_number=409, block_index=409, n_measurements=1

 [mac_address=0x0001, status="RX_TIMEOUT"]}
SESSION_INFO_NTF: {session_handle=1, sequence_number=410, block_index=410, n_measurements=1

 [mac_address=0x0001, status="RX_TIMEOUT"]}
SESSION_INFO_NTF: {session_handle=1, sequence_number=411, block_index=411, n_measurements=1

 [mac_address=0x0001, status="RX_TIMEOUT"]}
SESSION_INFO_NTF: {session_handle=1, sequence_number=412, block_index=412, n_measurements=1

 [mac_address=0x0001, status="RX_TIMEOUT"]}
SESSION_INFO_NTF: {session_handle=1, sequence_number=413, block_index=413, n_measurements=1

 [mac_address=0x0001, status="RX_TIMEOUT"]}
SESSION_INFO_NTF: {session_handle=1, sequence_number=414, block_index=414, n_measurements=1

 [mac_address=0x0001, status="RX_TIMEOUT"]}
SESSION_INFO_NTF: {session_handle=1, sequence_number=415, block_index=415, n_measurements=1

 [mac_address=0x0001, status="RX_TIMEOUT"]}
SESSION_INFO_NTF: {session_handle=1, sequence_number=416, block_index=416, n_measurements=1

 [mac_address=0x0001, status="RX_TIMEOUT"]}
SESSION_INFO_NTF: {session_handle=1, sequence_number=417, block_index=417, n_measurements=1

 [mac_address=0x0001, status="RX_TIMEOUT"]}
SESSION_INFO_NTF: {session_handle=1, sequence_number=418, block_index=418, n_measurements=1

 [mac_address=0x0001, status="RX_TIMEOUT"]}
SESSION_INFO_NTF: {session_handle=1, sequence_number=419, block_index=419, n_measurements=1

 [mac_address=0x0001, status="RX_TIMEOUT"]}
SESSION_INFO_NTF: {session_handle=1, sequence_number=420, block_index=420, n_measurements=1

 [mac_address=0x0001, status="RX_TIMEOUT"]}
SESSION_INFO_NTF: {session_handle=1, sequence_number=421, block_index=421, n_measurements=1

 [mac_address=0x0001, status="RX_TIMEOUT"]}
SESSION_INFO_NTF: {session_handle=1, sequence_number=422, block_index=422, n_measurements=1

 [mac_address=0x0001, status="RX_TIMEOUT"]}
SESSION_INFO_NTF: {session_handle=1, sequence_number=423, block_index=423, n_measurements=1

 [mac_address=0x0001, status="RX_TIMEOUT"]}
SESSION_INFO_NTF: {session_handle=1, sequence_number=424, block_index=424, n_measurements=1

 [mac_address=0x0001, status="RX_TIMEOUT"]}
SESSION_INFO_NTF: {session_handle=1, sequence_number=425, block_index=425, n_measurements=1

 [mac_address=0x0001, status="RX_TIMEOUT"]}
SESSION_INFO_NTF: {session_handle=1, sequence_number=426, block_index=426, n_measurements=1

 [mac_address=0x0001, status="RX_TIMEOUT"]}
SESSION_INFO_NTF: {session_handle=1, sequence_number=427, block_index=427, n_measurements=1

 [mac_address=0x0001, status="RX_TIMEOUT"]}
SESSION_INFO_NTF: {session_handle=1, sequence_number=428, block_index=428, n_measurements=1

 [mac_address=0x0001, status="RX_TIMEOUT"]}
SESSION_INFO_NTF: {session_handle=1, sequence_number=429, block_index=429, n_measurements=1

 [mac_address=0x0001, status="RX_TIMEOUT"]}
SESSION_INFO_NTF: {session_handle=1, sequence_number=430, block_index=430, n_measurements=1

 [mac_address=0x0001, status="RX_TIMEOUT"]}
SESSION_INFO_NTF: {session_handle=1, sequence_number=431, block_index=431, n_measurements=1

 [mac_address=0x0001, status="RX_TIMEOUT"]}
SESSION_INFO_NTF: {session_handle=1, sequence_number=432, block_index=432, n_measurements=1

 [mac_address=0x0001, status="RX_TIMEOUT"]}
SESSION_INFO_NTF: {session_handle=1, sequence_number=433, block_index=433, n_measurements=1

 [mac_address=0x0001, status="RX_TIMEOUT"]}
SESSION_INFO_NTF: {session_handle=1, sequence_number=434, block_index=434, n_measurements=1

 [mac_address=0x0001, status="RX_TIMEOUT"]}
SESSION_INFO_NTF: {session_handle=1, sequence_number=435, block_index=435, n_measurements=1

 [mac_address=0x0001, status="RX_TIMEOUT"]}
sSESSION_INFO_NTF: {session_handle=1, sequence_number=436, block_index=436, n_measurements=1

 [mac_address=0x0001, status="RX_TIMEOUT"]}
SESSION_INFO_NTF: {session_handle=1, sequence_number=437, block_index=437, n_measurements=1

 [mac_address=0x0001, status="RX_TIMEOUT"]}
tSESSION_INFO_NTF: {session_handle=1, sequence_number=438, block_index=438, n_measurements=1

 [mac_address=0x0001, status="RX_TIMEOUT"]}
oSESSION_INFO_NTF: {session_handle=1, sequence_number=439, block_index=439, n_measurements=1

 [mac_address=0x0001, status="RX_TIMEOUT"]}
pSESSION_INFO_NTF: {session_handle=1, sequence_number=440, block_index=440, n_measurements=1

 [mac_address=0x0001, status="RX_TIMEOUT"]}
SESSION_INFO_NTF: {session_handle=1, sequence_number=441, block_index=441, n_measurements=1

 [mac_address=0x0001, status="RX_TIMEOUT"]}
SESSION_INFO_NTF: {session_handle=1, sequence_number=442, block_index=442, n_measurements=1

 [mac_address=0x0001, status="RX_TIMEOUT"]}
SESSION_INFO_NTF: {session_handle=1, sequence_number=443, block_index=443, n_measurements=1

 [mac_address=0x0001, status="RX_TIMEOUT"]}
SESSION_INFO_NTF: {session_handle=1, sequence_number=444, block_index=444, n_measurements=1

 [mac_address=0x0001, status="RX_TIMEOUT"]}
SESSION_INFO_NTF: {session_handle=1, sequence_number=445, block_index=445, n_measurements=1

 [mac_address=0x0001, status="RX_TIMEOUT"]}
SESSION_INFO_NTF: {session_handle=1, sequence_number=446, block_index=446, n_measurements=1

 [mac_address=0x0001, status="RX_TIMEOUT"]}
SESSION_INFO_NTF: {session_handle=1, sequence_number=447, block_index=447, n_measurements=1

 [mac_address=0x0001, status="RX_TIMEOUT"]}
SESSION_INFO_NTF: {session_handle=1, sequence_number=448, block_index=448, n_measurements=1

 [mac_address=0x0001, status="RX_TIMEOUT"]}
SESSION_INFO_NTF: {session_handle=1, sequence_number=449, block_index=449, n_measurements=1

 [mac_address=0x0001, status="RX_TIMEOUT"]}
SESSION_INFO_NTF: {session_handle=1, sequence_number=450, block_index=450, n_measurements=1

 [mac_address=0x0001, status="RX_TIMEOUT"]}


ok
=~=~=~=~=~=~=~=~=~=~=~= PuTTY log 2024.12.13 12:43:28 =~=~=~=~=~=~=~=~=~=~=~=
iitf
error unknown command
iinitf
error unknown command
initf
FiRa Session Parameters: {
SESSION_ID: 42,
CHANNEL_NUMBER: 9,
DEVICE_ROLE: INITIATOR,
RANGING_ROUND_USAGE: DS_TWR_DEFERRED,
SLOT_DURATION [rstu]: 2400,
RANGING_DURATION [ms]: 200,
SLOTS_PER_RR: 25,
MULTI_NODE_MODE: UNICAST,
HOPPING_MODE: Disabled,
RFRAME_CONFIG: SP3,
SFD_ID: 2,
PREAMBLE_CODE_INDEX: 10,
STATIC_STS_IV: "01:02:03:04:05:06",
VENDOR_ID: "07:08",
DEVICE_MAC_ADDRESS: 0x0000,
DST_MAC_ADDRESS[0]: 0x0001
}
ok
SESSION_STATUS_NTF: {state="INIT", reason="State change with session management commands"}
SESSION_STATUS_NTF: {state="IDLE", reason="State change with session management commands"}
SESSION_STATUS_NTF: {state="ACTIVE", reason="State change with session management commands"}
SESSION_INFO_NTF: {session_handle=1, sequence_number=0, block_index=0, n_measurements=1

 [mac_address=0x0001, status="SUCCESS", distance[cm]=59]}
SESSION_INFO_NTF: {session_handle=1, sequence_number=1, block_index=1, n_measurements=1

 [mac_address=0x0001, status="SUCCESS", distance[cm]=61]}
SESSION_INFO_NTF: {session_handle=1, sequence_number=2, block_index=2, n_measurements=1

 [mac_address=0x0001, status="SUCCESS", distance[cm]=46]}
SESSION_INFO_NTF: {session_handle=1, sequence_number=3, block_index=3, n_measurements=1

 [mac_address=0x0001, status="SUCCESS", distance[cm]=61]}
SESSION_INFO_NTF: {session_handle=1, sequence_number=4, block_index=4, n_measurements=1

 [mac_address=0x0001, status="SUCCESS", distance[cm]=57]}
SESSION_INFO_NTF: {session_handle=1, sequence_number=5, block_index=5, n_measurements=1

 [mac_address=0x0001, status="SUCCESS", distance[cm]=60]}
SESSION_INFO_NTF: {session_handle=1, sequence_number=6, block_index=6, n_measurements=1

 [mac_address=0x0001, status="SUCCESS", distance[cm]=55]}
SESSION_INFO_NTF: {session_handle=1, sequence_number=7, block_index=7, n_measurements=1

 [mac_address=0x0001, status="SUCCESS", distance[cm]=53]}
SESSION_INFO_NTF: {session_handle=1, sequence_number=8, block_index=8, n_measurements=1

 [mac_address=0x0001, status="SUCCESS", distance[cm]=55]}
SESSION_INFO_NTF: {session_handle=1, sequence_number=9, block_index=9, n_measurements=1

 [mac_address=0x0001, status="SUCCESS", distance[cm]=61]}
SESSION_INFO_NTF: {session_handle=1, sequence_number=10, block_index=10, n_measurements=1

 [mac_address=0x0001, status="SUCCESS", distance[cm]=59]}
SESSION_INFO_NTF: {session_handle=1, sequence_number=11, block_index=11, n_measurements=1

 [mac_address=0x0001, status="SUCCESS", distance[cm]=64]}
SESSION_INFO_NTF: {session_handle=1, sequence_number=12, block_index=12, n_measurements=1

 [mac_address=0x0001, status="SUCCESS", distance[cm]=61]}
SESSION_INFO_NTF: {session_handle=1, sequence_number=13, block_index=13, n_measurements=1

 [mac_address=0x0001, status="SUCCESS", distance[cm]=63]}
SESSION_INFO_NTF: {session_handle=1, sequence_number=14, block_index=14, n_measurements=1

 [mac_address=0x0001, status="SUCCESS", distance[cm]=61]}
SESSION_INFO_NTF: {session_handle=1, sequence_number=15, block_index=15, n_measurements=1

 [mac_address=0x0001, status="SUCCESS", distance[cm]=60]}
SESSION_INFO_NTF: {session_handle=1, sequence_number=16, block_index=16, n_measurements=1

 [mac_address=0x0001, status="SUCCESS", distance[cm]=55]}
SESSION_INFO_NTF: {session_handle=1, sequence_number=17, block_index=17, n_measurements=1

 [mac_address=0x0001, status="SUCCESS", distance[cm]=59]}
SESSION_INFO_NTF: {session_handle=1, sequence_number=18, block_index=18, n_measurements=1

 [mac_address=0x0001, status="SUCCESS", distance[cm]=59]}
SESSION_INFO_NTF: {session_handle=1, sequence_number=19, block_index=19, n_measurements=1

 [mac_address=0x0001, status="SUCCESS", distance[cm]=58]}
SESSION_INFO_NTF: {session_handle=1, sequence_number=20, block_index=20, n_measurements=1

 [mac_address=0x0001, status="SUCCESS", distance[cm]=50]}
SESSION_INFO_NTF: {session_handle=1, sequence_number=21, block_index=21, n_measurements=1

 [mac_address=0x0001, status="SUCCESS", distance[cm]=52]}
SESSION_INFO_NTF: {session_handle=1, sequence_number=22, block_index=22, n_measurements=1

 [mac_address=0x0001, status="SUCCESS", distance[cm]=60]}
SESSION_INFO_NTF: {session_handle=1, sequence_number=23, block_index=23, n_measurements=1

 [mac_address=0x0001, status="SUCCESS", distance[cm]=52]}
SESSION_INFO_NTF: {session_handle=1, sequence_number=24, block_index=24, n_measurements=1

 [mac_address=0x0001, status="SUCCESS", distance[cm]=55]}
SESSION_INFO_NTF: {session_handle=1, sequence_number=25, block_index=25, n_measurements=1

 [mac_address=0x0001, status="SUCCESS", distance[cm]=54]}
SESSION_INFO_NTF: {session_handle=1, sequence_number=26, block_index=26, n_measurements=1

 [mac_address=0x0001, status="SUCCESS", distance[cm]=45]}
SESSION_INFO_NTF: {session_handle=1, sequence_number=27, block_index=27, n_measurements=1

 [mac_address=0x0001, status="SUCCESS", distance[cm]=52]}
SESSION_INFO_NTF: {session_handle=1, sequence_number=28, block_index=28, n_measurements=1

 [mac_address=0x0001, status="SUCCESS", distance[cm]=52]}
SESSION_INFO_NTF: {session_handle=1, sequence_number=29, block_index=29, n_measurements=1

 [mac_address=0x0001, status="SUCCESS", distance[cm]=54]}
SESSION_INFO_NTF: {session_handle=1, sequence_number=30, block_index=30, n_measurements=1

 [mac_address=0x0001, status="SUCCESS", distance[cm]=46]}
SESSION_INFO_NTF: {session_handle=1, sequence_number=31, block_index=31, n_measurements=1

 [mac_address=0x0001, status="SUCCESS", distance[cm]=56]}
SESSION_INFO_NTF: {session_handle=1, sequence_number=32, block_index=32, n_measurements=1

 [mac_address=0x0001, status="SUCCESS", distance[cm]=57]}
SESSION_INFO_NTF: {session_handle=1, sequence_number=33, block_index=33, n_measurements=1

 [mac_address=0x0001, status="SUCCESS", distance[cm]=60]}
SESSION_INFO_NTF: {session_handle=1, sequence_number=34, block_index=34, n_measurements=1

 [mac_address=0x0001, status="SUCCESS", distance[cm]=56]}
SESSION_INFO_NTF: {session_handle=1, sequence_number=35, block_index=35, n_measurements=1

 [mac_address=0x0001, status="SUCCESS", distance[cm]=58]}
SESSION_INFO_NTF: {session_handle=1, sequence_number=36, block_index=36, n_measurements=1

 [mac_address=0x0001, status="SUCCESS", distance[cm]=58]}
SESSION_INFO_NTF: {session_handle=1, sequence_number=37, block_index=37, n_measurements=1

 [mac_address=0x0001, status="SUCCESS", distance[cm]=61]}
SESSION_INFO_NTF: {session_handle=1, sequence_number=38, block_index=38, n_measurements=1

 [mac_address=0x0001, status="SUCCESS", distance[cm]=58]}
SESSION_INFO_NTF: {session_handle=1, sequence_number=39, block_index=39, n_measurements=1

 [mac_address=0x0001, status="SUCCESS", distance[cm]=63]}
SESSION_INFO_NTF: {session_handle=1, sequence_number=40, block_index=40, n_measurements=1

 [mac_address=0x0001, status="SUCCESS", distance[cm]=58]}
SESSION_INFO_NTF: {session_handle=1, sequence_number=41, block_index=41, n_measurements=1

 [mac_address=0x0001, status="SUCCESS", distance[cm]=56]}
SESSION_INFO_NTF: {session_handle=1, sequence_number=42, block_index=42, n_measurements=1

 [mac_address=0x0001, status="SUCCESS", distance[cm]=57]}
SESSION_INFO_NTF: {session_handle=1, sequence_number=43, block_index=43, n_measurements=1

 [mac_address=0x0001, status="SUCCESS", distance[cm]=56]}
SESSION_INFO_NTF: {session_handle=1, sequence_number=44, block_index=44, n_measurements=1

 [mac_address=0x0001, status="SUCCESS", distance[cm]=60]}
SESSION_INFO_NTF: {session_handle=1, sequence_number=45, block_index=45, n_measurements=1

 [mac_address=0x0001, status="SUCCESS", distance[cm]=56]}
SESSION_INFO_NTF: {session_handle=1, sequence_number=46, block_index=46, n_measurements=1

 [mac_address=0x0001, status="SUCCESS", distance[cm]=55]}
SESSION_INFO_NTF: {session_handle=1, sequence_number=47, block_index=47, n_measurements=1

 [mac_address=0x0001, status="SUCCESS", distance[cm]=58]}
SESSION_INFO_NTF: {session_handle=1, sequence_number=48, block_index=48, n_measurements=1

 [mac_address=0x0001, status="SUCCESS", distance[cm]=61]}
SESSION_INFO_NTF: {session_handle=1, sequence_number=49, block_index=49, n_measurements=1

 [mac_address=0x0001, status="SUCCESS", distance[cm]=59]}
SESSION_INFO_NTF: {session_handle=1, sequence_number=50, block_index=50, n_measurements=1

 [mac_address=0x0001, status="SUCCESS", distance[cm]=63]}
SESSION_INFO_NTF: {session_handle=1, sequence_number=51, block_index=51, n_measurements=1

 [mac_address=0x0001, status="SUCCESS", distance[cm]=58]}
SESSION_INFO_NTF: {session_handle=1, sequence_number=52, block_index=52, n_measurements=1

 [mac_address=0x0001, status="SUCCESS", distance[cm]=55]}
SESSION_INFO_NTF: {session_handle=1, sequence_number=53, block_index=53, n_measurements=1

 [mac_address=0x0001, status="SUCCESS", distance[cm]=56]}
SESSION_INFO_NTF: {session_handle=1, sequence_number=54, block_index=54, n_measurements=1

 [mac_address=0x0001, status="SUCCESS", distance[cm]=56]}
SESSION_INFO_NTF: {session_handle=1, sequence_number=55, block_index=55, n_measurements=1

 [mac_address=0x0001, status="SUCCESS", distance[cm]=53]}
SESSION_INFO_NTF: {session_handle=1, sequence_number=56, block_index=56, n_measurements=1

 [mac_address=0x0001, status="SUCCESS", distance[cm]=59]}
SESSION_INFO_NTF: {session_handle=1, sequence_number=57, block_index=57, n_measurements=1

 [mac_address=0x0001, status="SUCCESS", distance[cm]=57]}
SESSION_INFO_NTF: {session_handle=1, sequence_number=58, block_index=58, n_measurements=1

 [mac_address=0x0001, status="SUCCESS", distance[cm]=54]}
SESSION_INFO_NTF: {session_handle=1, sequence_number=59, block_index=59, n_measurements=1

 [mac_address=0x0001, status="SUCCESS", distance[cm]=59]}
SESSION_INFO_NTF: {session_handle=1, sequence_number=60, block_index=60, n_measurements=1

 [mac_address=0x0001, status="SUCCESS", distance[cm]=60]}
SESSION_INFO_NTF: {session_handle=1, sequence_number=61, block_index=61, n_measurements=1

 [mac_address=0x0001, status="SUCCESS", distance[cm]=61]}
SESSION_INFO_NTF: {session_handle=1, sequence_number=62, block_index=62, n_measurements=1

 [mac_address=0x0001, status="SUCCESS", distance[cm]=55]}
SESSION_INFO_NTF: {session_handle=1, sequence_number=63, block_index=63, n_measurements=1

 [mac_address=0x0001, status="SUCCESS", distance[cm]=59]}
SESSION_INFO_NTF: {session_handle=1, sequence_number=64, block_index=64, n_measurements=1

 [mac_address=0x0001, status="SUCCESS", distance[cm]=59]}
SESSION_INFO_NTF: {session_handle=1, sequence_number=65, block_index=65, n_measurements=1

 [mac_address=0x0001, status="SUCCESS", distance[cm]=60]}
SESSION_INFO_NTF: {session_handle=1, sequence_number=66, block_index=66, n_measurements=1

 [mac_address=0x0001, status="SUCCESS", distance[cm]=59]}
SESSION_INFO_NTF: {session_handle=1, sequence_number=67, block_index=67, n_measurements=1

 [mac_address=0x0001, status="SUCCESS", distance[cm]=59]}
SESSION_INFO_NTF: {session_handle=1, sequence_number=68, block_index=68, n_measurements=1

 [mac_address=0x0001, status="SUCCESS", distance[cm]=59]}
SESSION_INFO_NTF: {session_handle=1, sequence_number=69, block_index=69, n_measurements=1

 [mac_address=0x0001, status="SUCCESS", distance[cm]=57]}
SESSION_INFO_NTF: {session_handle=1, sequence_number=70, block_index=70, n_measurements=1

 [mac_address=0x0001, status="SUCCESS", distance[cm]=51]}
SESSION_INFO_NTF: {session_handle=1, sequence_number=71, block_index=71, n_measurements=1

 [mac_address=0x0001, status="SUCCESS", distance[cm]=54]}
SESSION_INFO_NTF: {session_handle=1, sequence_number=72, block_index=72, n_measurements=1

 [mac_address=0x0001, status="SUCCESS", distance[cm]=54]}
SESSION_INFO_NTF: {session_handle=1, sequence_number=73, block_index=73, n_measurements=1

 [mac_address=0x0001, status="SUCCESS", distance[cm]=52]}
SESSION_INFO_NTF: {session_handle=1, sequence_number=74, block_index=74, n_measurements=1

 [mac_address=0x0001, status="SUCCESS", distance[cm]=59]}
SESSION_INFO_NTF: {session_handle=1, sequence_number=75, block_index=75, n_measurements=1

 [mac_address=0x0001, status="SUCCESS", distance[cm]=56]}
SESSION_INFO_NTF: {session_handle=1, sequence_number=76, block_index=76, n_measurements=1

 [mac_address=0x0001, status="SUCCESS", distance[cm]=58]}
SESSION_INFO_NTF: {session_handle=1, sequence_number=77, block_index=77, n_measurements=1

 [mac_address=0x0001, status="SUCCESS", distance[cm]=59]}
SESSION_INFO_NTF: {session_handle=1, sequence_number=78, block_index=78, n_measurements=1

 [mac_address=0x0001, status="SUCCESS", distance[cm]=56]}
SESSION_INFO_NTF: {session_handle=1, sequence_number=79, block_index=79, n_measurements=1

 [mac_address=0x0001, status="SUCCESS", distance[cm]=61]}
SESSION_INFO_NTF: {session_handle=1, sequence_number=80, block_index=80, n_measurements=1

 [mac_address=0x0001, status="SUCCESS", distance[cm]=61]}
SESSION_INFO_NTF: {session_handle=1, sequence_number=81, block_index=81, n_measurements=1

 [mac_address=0x0001, status="SUCCESS", distance[cm]=55]}
SESSION_INFO_NTF: {session_handle=1, sequence_number=82, block_index=82, n_measurements=1

 [mac_address=0x0001, status="SUCCESS", distance[cm]=57]}
SESSION_INFO_NTF: {session_handle=1, sequence_number=83, block_index=83, n_measurements=1

 [mac_address=0x0001, status="SUCCESS", distance[cm]=55]}
SESSION_INFO_NTF: {session_handle=1, sequence_number=84, block_index=84, n_measurements=1

 [mac_address=0x0001, status="SUCCESS", distance[cm]=53]}
SESSION_INFO_NTF: {session_handle=1, sequence_number=85, block_index=85, n_measurements=1

 [mac_address=0x0001, status="SUCCESS", distance[cm]=58]}
SESSION_INFO_NTF: {session_handle=1, sequence_number=86, block_index=86, n_measurements=1

 [mac_address=0x0001, status="SUCCESS", distance[cm]=59]}
SESSION_INFO_NTF: {session_handle=1, sequence_number=87, block_index=87, n_measurements=1

 [mac_address=0x0001, status="SUCCESS", distance[cm]=57]}
SESSION_INFO_NTF: {session_handle=1, sequence_number=88, block_index=88, n_measurements=1

 [mac_address=0x0001, status="SUCCESS", distance[cm]=58]}
SESSION_INFO_NTF: {session_handle=1, sequence_number=89, block_index=89, n_measurements=1

 [mac_address=0x0001, status="SUCCESS", distance[cm]=58]}
SESSION_INFO_NTF: {session_handle=1, sequence_number=90, block_index=90, n_measurements=1

 [mac_address=0x0001, status="SUCCESS", distance[cm]=58]}
SESSION_INFO_NTF: {session_handle=1, sequence_number=91, block_index=91, n_measurements=1

 [mac_address=0x0001, status="SUCCESS", distance[cm]=57]}
SESSION_INFO_NTF: {session_handle=1, sequence_number=92, block_index=92, n_measurements=1

 [mac_address=0x0001, status="SUCCESS", distance[cm]=61]}
SESSION_INFO_NTF: {session_handle=1, sequence_number=93, block_index=93, n_measurements=1

 [mac_address=0x0001, status="SUCCESS", distance[cm]=57]}
SESSION_INFO_NTF: {session_handle=1, sequence_number=94, block_index=94, n_measurements=1

 [mac_address=0x0001, status="SUCCESS", distance[cm]=57]}
SESSION_INFO_NTF: {session_handle=1, sequence_number=95, block_index=95, n_measurements=1

 [mac_address=0x0001, status="SUCCESS", distance[cm]=57]}
SESSION_INFO_NTF: {session_handle=1, sequence_number=96, block_index=96, n_measurements=1

 [mac_address=0x0001, status="SUCCESS", distance[cm]=57]}
SESSION_INFO_NTF: {session_handle=1, sequence_number=97, block_index=97, n_measurements=1

 [mac_address=0x0001, status="SUCCESS", distance[cm]=56]}
SESSION_INFO_NTF: {session_handle=1, sequence_number=98, block_index=98, n_measurements=1

 [mac_address=0x0001, status="SUCCESS", distance[cm]=57]}
SESSION_INFO_NTF: {session_handle=1, sequence_number=99, block_index=99, n_measurements=1

 [mac_address=0x0001, status="SUCCESS", distance[cm]=58]}
SESSION_INFO_NTF: {session_handle=1, sequence_number=100, block_index=100, n_measurements=1

 [mac_address=0x0001, status="SUCCESS", distance[cm]=62]}
SESSION_INFO_NTF: {session_handle=1, sequence_number=101, block_index=101, n_measurements=1

 [mac_address=0x0001, status="SUCCESS", distance[cm]=60]}
SESSION_INFO_NTF: {session_handle=1, sequence_number=102, block_index=102, n_measurements=1

 [mac_address=0x0001, status="SUCCESS", distance[cm]=63]}
SESSION_INFO_NTF: {session_handle=1, sequence_number=103, block_index=103, n_measurements=1

 [mac_address=0x0001, status="SUCCESS", distance[cm]=60]}
SESSION_INFO_NTF: {session_handle=1, sequence_number=104, block_index=104, n_measurements=1

 [mac_address=0x0001, status="SUCCESS", distance[cm]=62]}
SESSION_INFO_NTF: {session_handle=1, sequence_number=105, block_index=105, n_measurements=1

 [mac_address=0x0001, status="SUCCESS", distance[cm]=62]}
SESSION_INFO_NTF: {session_handle=1, sequence_number=106, block_index=106, n_measurements=1

 [mac_address=0x0001, status="SUCCESS", distance[cm]=56]}
SESSION_INFO_NTF: {session_handle=1, sequence_number=107, block_index=107, n_measurements=1

 [mac_address=0x0001, status="SUCCESS", distance[cm]=58]}
SESSION_INFO_NTF: {session_handle=1, sequence_number=108, block_index=108, n_measurements=1

 [mac_address=0x0001, status="SUCCESS", distance[cm]=62]}
SESSION_INFO_NTF: {session_handle=1, sequence_number=109, block_index=109, n_measurements=1

 [mac_address=0x0001, status="SUCCESS", distance[cm]=64]}
SESSION_INFO_NTF: {session_handle=1, sequence_number=110, block_index=110, n_measurements=1

 [mac_address=0x0001, status="SUCCESS", distance[cm]=62]}
SESSION_INFO_NTF: {session_handle=1, sequence_number=111, block_index=111, n_measurements=1

 [mac_address=0x0001, status="SUCCESS", distance[cm]=61]}
SESSION_INFO_NTF: {session_handle=1, sequence_number=112, block_index=112, n_measurements=1

 [mac_address=0x0001, status="SUCCESS", distance[cm]=58]}
SESSION_INFO_NTF: {session_handle=1, sequence_number=113, block_index=113, n_measurements=1

 [mac_address=0x0001, status="SUCCESS", distance[cm]=62]}
SESSION_INFO_NTF: {session_handle=1, sequence_number=114, block_index=114, n_measurements=1

 [mac_address=0x0001, status="SUCCESS", distance[cm]=61]}
SESSION_INFO_NTF: {session_handle=1, sequence_number=115, block_index=115, n_measurements=1

 [mac_address=0x0001, status="SUCCESS", distance[cm]=61]}
SESSION_INFO_NTF: {session_handle=1, sequence_number=116, block_index=116, n_measurements=1

 [mac_address=0x0001, status="SUCCESS", distance[cm]=61]}
SESSION_INFO_NTF: {session_handle=1, sequence_number=117, block_index=117, n_measurements=1

 [mac_address=0x0001, status="SUCCESS", distance[cm]=63]}
SESSION_INFO_NTF: {session_handle=1, sequence_number=118, block_index=118, n_measurements=1

 [mac_address=0x0001, status="SUCCESS", distance[cm]=65]}
SESSION_INFO_NTF: {session_handle=1, sequence_number=119, block_index=119, n_measurements=1

 [mac_address=0x0001, status="SUCCESS", distance[cm]=62]}
SESSION_INFO_NTF: {session_handle=1, sequence_number=120, block_index=120, n_measurements=1

 [mac_address=0x0001, status="SUCCESS", distance[cm]=61]}
SESSION_INFO_NTF: {session_handle=1, sequence_number=121, block_index=121, n_measurements=1

 [mac_address=0x0001, status="SUCCESS", distance[cm]=62]}
SESSION_INFO_NTF: {session_handle=1, sequence_number=122, block_index=122, n_measurements=1

 [mac_address=0x0001, status="SUCCESS", distance[cm]=61]}
SESSION_INFO_NTF: {session_handle=1, sequence_number=123, block_index=123, n_measurements=1

 [mac_address=0x0001, status="SUCCESS", distance[cm]=64]}
SESSION_INFO_NTF: {session_handle=1, sequence_number=124, block_index=124, n_measurements=1

 [mac_address=0x0001, status="SUCCESS", distance[cm]=63]}
SESSION_INFO_NTF: {session_handle=1, sequence_number=125, block_index=125, n_measurements=1

 [mac_address=0x0001, status="SUCCESS", distance[cm]=63]}
SESSION_INFO_NTF: {session_handle=1, sequence_number=126, block_index=126, n_measurements=1

 [mac_address=0x0001, status="SUCCESS", distance[cm]=63]}
SESSION_INFO_NTF: {session_handle=1, sequence_number=127, block_index=127, n_measurements=1

 [mac_address=0x0001, status="SUCCESS", distance[cm]=68]}
SESSION_INFO_NTF: {session_handle=1, sequence_number=128, block_index=128, n_measurements=1

 [mac_address=0x0001, status="SUCCESS", distance[cm]=64]}
SESSION_INFO_NTF: {session_handle=1, sequence_number=129, block_index=129, n_measurements=1

 [mac_address=0x0001, status="SUCCESS", distance[cm]=64]}
SESSION_INFO_NTF: {session_handle=1, sequence_number=130, block_index=130, n_measurements=1

 [mac_address=0x0001, status="SUCCESS", distance[cm]=68]}
SESSION_INFO_NTF: {session_handle=1, sequence_number=131, block_index=131, n_measurements=1

 [mac_address=0x0001, status="SUCCESS", distance[cm]=64]}
SESSION_INFO_NTF: {session_handle=1, sequence_number=132, block_index=132, n_measurements=1

 [mac_address=0x0001, status="SUCCESS", distance[cm]=65]}
SESSION_INFO_NTF: {session_handle=1, sequence_number=133, block_index=133, n_measurements=1

 [mac_address=0x0001, status="SUCCESS", distance[cm]=65]}
SESSION_INFO_NTF: {session_handle=1, sequence_number=134, block_index=134, n_measurements=1

 [mac_address=0x0001, status="SUCCESS", distance[cm]=68]}
SESSION_INFO_NTF: {session_handle=1, sequence_number=135, block_index=135, n_measurements=1

 [mac_address=0x0001, status="SUCCESS", distance[cm]=67]}
SESSION_INFO_NTF: {session_handle=1, sequence_number=136, block_index=136, n_measurements=1

 [mac_address=0x0001, status="SUCCESS", distance[cm]=68]}
SESSION_INFO_NTF: {session_handle=1, sequence_number=137, block_index=137, n_measurements=1

 [mac_address=0x0001, status="SUCCESS", distance[cm]=67]}
SESSION_INFO_NTF: {session_handle=1, sequence_number=138, block_index=138, n_measurements=1

 [mac_address=0x0001, status="SUCCESS", distance[cm]=65]}
SESSION_INFO_NTF: {session_handle=1, sequence_number=139, block_index=139, n_measurements=1

 [mac_address=0x0001, status="SUCCESS", distance[cm]=65]}
SESSION_INFO_NTF: {session_handle=1, sequence_number=140, block_index=140, n_measurements=1

 [mac_address=0x0001, status="SUCCESS", distance[cm]=68]}
SESSION_INFO_NTF: {session_handle=1, sequence_number=141, block_index=141, n_measurements=1

 [mac_address=0x0001, status="SUCCESS", distance[cm]=65]}
SESSION_INFO_NTF: {session_handle=1, sequence_number=142, block_index=142, n_measurements=1

 [mac_address=0x0001, status="SUCCESS", distance[cm]=66]}
SESSION_INFO_NTF: {session_handle=1, sequence_number=143, block_index=143, n_measurements=1

 [mac_address=0x0001, status="SUCCESS", distance[cm]=61]}
SESSION_INFO_NTF: {session_handle=1, sequence_number=144, block_index=144, n_measurements=1

 [mac_address=0x0001, status="SUCCESS", distance[cm]=63]}
SESSION_INFO_NTF: {session_handle=1, sequence_number=145, block_index=145, n_measurements=1

 [mac_address=0x0001, status="SUCCESS", distance[cm]=64]}
SESSION_INFO_NTF: {session_handle=1, sequence_number=146, block_index=146, n_measurements=1

 [mac_address=0x0001, status="SUCCESS", distance[cm]=64]}
SESSION_INFO_NTF: {session_handle=1, sequence_number=147, block_index=147, n_measurements=1

 [mac_address=0x0001, status="SUCCESS", distance[cm]=68]}
SESSION_INFO_NTF: {session_handle=1, sequence_number=148, block_index=148, n_measurements=1

 [mac_address=0x0001, status="SUCCESS", distance[cm]=68]}
SESSION_INFO_NTF: {session_handle=1, sequence_number=149, block_index=149, n_measurements=1

 [mac_address=0x0001, status="SUCCESS", distance[cm]=68]}
SESSION_INFO_NTF: {session_handle=1, sequence_number=150, block_index=150, n_measurements=1

 [mac_address=0x0001, status="SUCCESS", distance[cm]=70]}
SESSION_INFO_NTF: {session_handle=1, sequence_number=151, block_index=151, n_measurements=1

 [mac_address=0x0001, status="SUCCESS", distance[cm]=70]}
SESSION_INFO_NTF: {session_handle=1, sequence_number=152, block_index=152, n_measurements=1

 [mac_address=0x0001, status="SUCCESS", distance[cm]=68]}
SESSION_INFO_NTF: {session_handle=1, sequence_number=153, block_index=153, n_measurements=1

 [mac_address=0x0001, status="SUCCESS", distance[cm]=69]}
SESSION_INFO_NTF: {session_handle=1, sequence_number=154, block_index=154, n_measurements=1

 [mac_address=0x0001, status="SUCCESS", distance[cm]=66]}
SESSION_INFO_NTF: {session_handle=1, sequence_number=155, block_index=155, n_measurements=1

 [mac_address=0x0001, status="SUCCESS", distance[cm]=64]}
SESSION_INFO_NTF: {session_handle=1, sequence_number=156, block_index=156, n_measurements=1

 [mac_address=0x0001, status="SUCCESS", distance[cm]=64]}
SESSION_INFO_NTF: {session_handle=1, sequence_number=157, block_index=157, n_measurements=1

 [mac_address=0x0001, status="SUCCESS", distance[cm]=66]}
SESSION_INFO_NTF: {session_handle=1, sequence_number=158, block_index=158, n_measurements=1

 [mac_address=0x0001, status="SUCCESS", distance[cm]=69]}
SESSION_INFO_NTF: {session_handle=1, sequence_number=159, block_index=159, n_measurements=1

 [mac_address=0x0001, status="SUCCESS", distance[cm]=74]}
SESSION_INFO_NTF: {session_handle=1, sequence_number=160, block_index=160, n_measurements=1

 [mac_address=0x0001, status="SUCCESS", distance[cm]=73]}
SESSION_INFO_NTF: {session_handle=1, sequence_number=161, block_index=161, n_measurements=1

 [mac_address=0x0001, status="SUCCESS", distance[cm]=81]}
SESSION_INFO_NTF: {session_handle=1, sequence_number=162, block_index=162, n_measurements=1

 [mac_address=0x0001, status="SUCCESS", distance[cm]=80]}
SESSION_INFO_NTF: {session_handle=1, sequence_number=163, block_index=163, n_measurements=1

 [mac_address=0x0001, status="SUCCESS", distance[cm]=78]}
SESSION_INFO_NTF: {session_handle=1, sequence_number=164, block_index=164, n_measurements=1

 [mac_address=0x0001, status="SUCCESS", distance[cm]=78]}
SESSION_INFO_NTF: {session_handle=1, sequence_number=165, block_index=165, n_measurements=1

 [mac_address=0x0001, status="SUCCESS", distance[cm]=77]}
SESSION_INFO_NTF: {session_handle=1, sequence_number=166, block_index=166, n_measurements=1

 [mac_address=0x0001, status="SUCCESS", distance[cm]=81]}
SESSION_INFO_NTF: {session_handle=1, sequence_number=167, block_index=167, n_measurements=1

 [mac_address=0x0001, status="SUCCESS", distance[cm]=79]}
SESSION_INFO_NTF: {session_handle=1, sequence_number=168, block_index=168, n_measurements=1

 [mac_address=0x0001, status="SUCCESS", distance[cm]=77]}
SESSION_INFO_NTF: {session_handle=1, sequence_number=169, block_index=169, n_measurements=1

 [mac_address=0x0001, status="SUCCESS", distance[cm]=77]}
SESSION_INFO_NTF: {session_handle=1, sequence_number=170, block_index=170, n_measurements=1

 [mac_address=0x0001, status="SUCCESS", distance[cm]=88]}
SESSION_INFO_NTF: {session_handle=1, sequence_number=171, block_index=171, n_measurements=1

 [mac_address=0x0001, status="SUCCESS", distance[cm]=104]}
SESSION_INFO_NTF: {session_handle=1, sequence_number=172, block_index=172, n_measurements=1

 [mac_address=0x0001, status="SUCCESS", distance[cm]=106]}
SESSION_INFO_NTF: {session_handle=1, sequence_number=173, block_index=173, n_measurements=1

 [mac_address=0x0001, status="SUCCESS", distance[cm]=89]}
SESSION_INFO_NTF: {session_handle=1, sequence_number=174, block_index=174, n_measurements=1

 [mac_address=0x0001, status="SUCCESS", distance[cm]=99]}
SESSION_INFO_NTF: {session_handle=1, sequence_number=175, block_index=175, n_measurements=1

 [mac_address=0x0001, status="SUCCESS", distance[cm]=129]}
SESSION_INFO_NTF: {session_handle=1, sequence_number=176, block_index=176, n_measurements=1

 [mac_address=0x0001, status="SUCCESS", distance[cm]=135]}
SESSION_INFO_NTF: {session_handle=1, sequence_number=177, block_index=177, n_measurements=1

 [mac_address=0x0001, status="SUCCESS", distance[cm]=74]}
SESSION_INFO_NTF: {session_handle=1, sequence_number=178, block_index=178, n_measurements=1

 [mac_address=0x0001, status="SUCCESS", distance[cm]=76]}
SESSION_INFO_NTF: {session_handle=1, sequence_number=179, block_index=179, n_measurements=1

 [mac_address=0x0001, status="SUCCESS", distance[cm]=54]}
SESSION_INFO_NTF: {session_handle=1, sequence_number=180, block_index=180, n_measurements=1

 [mac_address=0x0001, status="SUCCESS", distance[cm]=61]}
SESSION_INFO_NTF: {session_handle=1, sequence_number=181, block_index=181, n_measurements=1

 [mac_address=0x0001, status="SUCCESS", distance[cm]=64]}
SESSION_INFO_NTF: {session_handle=1, sequence_number=182, block_index=182, n_measurements=1

 [mac_address=0x0001, status="SUCCESS", distance[cm]=54]}
SESSION_INFO_NTF: {session_handle=1, sequence_number=183, block_index=183, n_measurements=1

 [mac_address=0x0001, status="SUCCESS", distance[cm]=61]}
SESSION_INFO_NTF: {session_handle=1, sequence_number=184, block_index=184, n_measurements=1

 [mac_address=0x0001, status="SUCCESS", distance[cm]=63]}
SESSION_INFO_NTF: {session_handle=1, sequence_number=185, block_index=185, n_measurements=1

 [mac_address=0x0001, status="SUCCESS", distance[cm]=66]}
SESSION_INFO_NTF: {session_handle=1, sequence_number=186, block_index=186, n_measurements=1

 [mac_address=0x0001, status="SUCCESS", distance[cm]=64]}
SESSION_INFO_NTF: {session_handle=1, sequence_number=187, block_index=187, n_measurements=1

 [mac_address=0x0001, status="SUCCESS", distance[cm]=60]}
SESSION_INFO_NTF: {session_handle=1, sequence_number=188, block_index=188, n_measurements=1

 [mac_address=0x0001, status="SUCCESS", distance[cm]=62]}
SESSION_INFO_NTF: {session_handle=1, sequence_number=189, block_index=189, n_measurements=1

 [mac_address=0x0001, status="SUCCESS", distance[cm]=63]}
SESSION_INFO_NTF: {session_handle=1, sequence_number=190, block_index=190, n_measurements=1

 [mac_address=0x0001, status="SUCCESS", distance[cm]=61]}
SESSION_INFO_NTF: {session_handle=1, sequence_number=191, block_index=191, n_measurements=1

 [mac_address=0x0001, status="SUCCESS", distance[cm]=58]}
SESSION_INFO_NTF: {session_handle=1, sequence_number=192, block_index=192, n_measurements=1

 [mac_address=0x0001, status="SUCCESS", distance[cm]=62]}
SESSION_INFO_NTF: {session_handle=1, sequence_number=193, block_index=193, n_measurements=1

 [mac_address=0x0001, status="SUCCESS", distance[cm]=61]}
SESSION_INFO_NTF: {session_handle=1, sequence_number=194, block_index=194, n_measurements=1

 [mac_address=0x0001, status="SUCCESS", distance[cm]=58]}
SESSION_INFO_NTF: {session_handle=1, sequence_number=195, block_index=195, n_measurements=1

 [mac_address=0x0001, status="SUCCESS", distance[cm]=61]}
SESSION_INFO_NTF: {session_handle=1, sequence_number=196, block_index=196, n_measurements=1

 [mac_address=0x0001, status="SUCCESS", distance[cm]=58]}
SESSION_INFO_NTF: {session_handle=1, sequence_number=197, block_index=197, n_measurements=1

 [mac_address=0x0001, status="SUCCESS", distance[cm]=56]}
SESSION_INFO_NTF: {session_handle=1, sequence_number=198, block_index=198, n_measurements=1

 [mac_address=0x0001, status="SUCCESS", distance[cm]=60]}
SESSION_INFO_NTF: {session_handle=1, sequence_number=199, block_index=199, n_measurements=1

 [mac_address=0x0001, status="SUCCESS", distance[cm]=57]}
SESSION_INFO_NTF: {session_handle=1, sequence_number=200, block_index=200, n_measurements=1

 [mac_address=0x0001, status="SUCCESS", distance[cm]=54]}
SESSION_INFO_NTF: {session_handle=1, sequence_number=201, block_index=201, n_measurements=1

 [mac_address=0x0001, status="SUCCESS", distance[cm]=57]}
SESSION_INFO_NTF: {session_handle=1, sequence_number=202, block_index=202, n_measurements=1

 [mac_address=0x0001, status="SUCCESS", distance[cm]=58]}
SESSION_INFO_NTF: {session_handle=1, sequence_number=203, block_index=203, n_measurements=1

 [mac_address=0x0001, status="SUCCESS", distance[cm]=56]}
SESSION_INFO_NTF: {session_handle=1, sequence_number=204, block_index=204, n_measurements=1

 [mac_address=0x0001, status="SUCCESS", distance[cm]=57]}
SESSION_INFO_NTF: {session_handle=1, sequence_number=205, block_index=205, n_measurements=1

 [mac_address=0x0001, status="SUCCESS", distance[cm]=55]}
SESSION_INFO_NTF: {session_handle=1, sequence_number=206, block_index=206, n_measurements=1

 [mac_address=0x0001, status="SUCCESS", distance[cm]=55]}
SESSION_INFO_NTF: {session_handle=1, sequence_number=207, block_index=207, n_measurements=1

 [mac_address=0x0001, status="SUCCESS", distance[cm]=56]}
SESSION_INFO_NTF: {session_handle=1, sequence_number=208, block_index=208, n_measurements=1

 [mac_address=0x0001, status="SUCCESS", distance[cm]=56]}
SESSION_INFO_NTF: {session_handle=1, sequence_number=209, block_index=209, n_measurements=1

 [mac_address=0x0001, status="SUCCESS", distance[cm]=56]}
SESSION_INFO_NTF: {session_handle=1, sequence_number=210, block_index=210, n_measurements=1

 [mac_address=0x0001, status="SUCCESS", distance[cm]=57]}
SESSION_INFO_NTF: {session_handle=1, sequence_number=211, block_index=211, n_measurements=1

 [mac_address=0x0001, status="SUCCESS", distance[cm]=58]}
SESSION_INFO_NTF: {session_handle=1, sequence_number=212, block_index=212, n_measurements=1

 [mac_address=0x0001, status="SUCCESS", distance[cm]=57]}
SESSION_INFO_NTF: {session_handle=1, sequence_number=213, block_index=213, n_measurements=1

 [mac_address=0x0001, status="SUCCESS", distance[cm]=55]}
SESSION_INFO_NTF: {session_handle=1, sequence_number=214, block_index=214, n_measurements=1

 [mac_address=0x0001, status="SUCCESS", distance[cm]=59]}
SESSION_INFO_NTF: {session_handle=1, sequence_number=215, block_index=215, n_measurements=1

 [mac_address=0x0001, status="SUCCESS", distance[cm]=59]}
SESSION_INFO_NTF: {session_handle=1, sequence_number=216, block_index=216, n_measurements=1

 [mac_address=0x0001, status="SUCCESS", distance[cm]=60]}
SESSION_INFO_NTF: {session_handle=1, sequence_number=217, block_index=217, n_measurements=1

 [mac_address=0x0001, status="SUCCESS", distance[cm]=57]}
SESSION_INFO_NTF: {session_handle=1, sequence_number=218, block_index=218, n_measurements=1

 [mac_address=0x0001, status="SUCCESS", distance[cm]=60]}
SESSION_INFO_NTF: {session_handle=1, sequence_number=219, block_index=219, n_measurements=1

 [mac_address=0x0001, status="SUCCESS", distance[cm]=56]}
SESSION_INFO_NTF: {session_handle=1, sequence_number=220, block_index=220, n_measurements=1

 [mac_address=0x0001, status="SUCCESS", distance[cm]=58]}
SESSION_INFO_NTF: {session_handle=1, sequence_number=221, block_index=221, n_measurements=1

 [mac_address=0x0001, status="SUCCESS", distance[cm]=59]}
SESSION_INFO_NTF: {session_handle=1, sequence_number=222, block_index=222, n_measurements=1

 [mac_address=0x0001, status="SUCCESS", distance[cm]=58]}
SESSION_INFO_NTF: {session_handle=1, sequence_number=223, block_index=223, n_measurements=1

 [mac_address=0x0001, status="SUCCESS", distance[cm]=59]}
SESSION_INFO_NTF: {session_handle=1, sequence_number=224, block_index=224, n_measurements=1

 [mac_address=0x0001, status="SUCCESS", distance[cm]=59]}
SESSION_INFO_NTF: {session_handle=1, sequence_number=225, block_index=225, n_measurements=1

 [mac_address=0x0001, status="SUCCESS", distance[cm]=59]}
SESSION_INFO_NTF: {session_handle=1, sequence_number=226, block_index=226, n_measurements=1

 [mac_address=0x0001, status="SUCCESS", distance[cm]=58]}
SESSION_INFO_NTF: {session_handle=1, sequence_number=227, block_index=227, n_measurements=1

 [mac_address=0x0001, status="SUCCESS", distance[cm]=58]}
SESSION_INFO_NTF: {session_handle=1, sequence_number=228, block_index=228, n_measurements=1

 [mac_address=0x0001, status="SUCCESS", distance[cm]=62]}
SESSION_INFO_NTF: {session_handle=1, sequence_number=229, block_index=229, n_measurements=1

 [mac_address=0x0001, status="SUCCESS", distance[cm]=57]}
SESSION_INFO_NTF: {session_handle=1, sequence_number=230, block_index=230, n_measurements=1

 [mac_address=0x0001, status="SUCCESS", distance[cm]=57]}
SESSION_INFO_NTF: {session_handle=1, sequence_number=231, block_index=231, n_measurements=1

 [mac_address=0x0001, status="SUCCESS", distance[cm]=57]}
SESSION_INFO_NTF: {session_handle=1, sequence_number=232, block_index=232, n_measurements=1

 [mac_address=0x0001, status="SUCCESS", distance[cm]=56]}
SESSION_INFO_NTF: {session_handle=1, sequence_number=233, block_index=233, n_measurements=1

 [mac_address=0x0001, status="SUCCESS", distance[cm]=58]}
SESSION_INFO_NTF: {session_handle=1, sequence_number=234, block_index=234, n_measurements=1

 [mac_address=0x0001, status="SUCCESS", distance[cm]=59]}
SESSION_INFO_NTF: {session_handle=1, sequence_number=235, block_index=235, n_measurements=1

 [mac_address=0x0001, status="SUCCESS", distance[cm]=56]}
SESSION_INFO_NTF: {session_handle=1, sequence_number=236, block_index=236, n_measurements=1

 [mac_address=0x0001, status="SUCCESS", distance[cm]=58]}
SESSION_INFO_NTF: {session_handle=1, sequence_number=237, block_index=237, n_measurements=1

 [mac_address=0x0001, status="SUCCESS", distance[cm]=58]}
SESSION_INFO_NTF: {session_handle=1, sequence_number=238, block_index=238, n_measurements=1

 [mac_address=0x0001, status="SUCCESS", distance[cm]=58]}
SESSION_INFO_NTF: {session_handle=1, sequence_number=239, block_index=239, n_measurements=1

 [mac_address=0x0001, status="SUCCESS", distance[cm]=56]}
SESSION_INFO_NTF: {session_handle=1, sequence_number=240, block_index=240, n_measurements=1

 [mac_address=0x0001, status="SUCCESS", distance[cm]=59]}
SESSION_INFO_NTF: {session_handle=1, sequence_number=241, block_index=241, n_measurements=1

 [mac_address=0x0001, status="SUCCESS", distance[cm]=61]}
SESSION_INFO_NTF: {session_handle=1, sequence_number=242, block_index=242, n_measurements=1

 [mac_address=0x0001, status="SUCCESS", distance[cm]=61]}
SESSION_INFO_NTF: {session_handle=1, sequence_number=243, block_index=243, n_measurements=1

 [mac_address=0x0001, status="SUCCESS", distance[cm]=65]}
SESSION_INFO_NTF: {session_handle=1, sequence_number=244, block_index=244, n_measurements=1

 [mac_address=0x0001, status="SUCCESS", distance[cm]=65]}
SESSION_INFO_NTF: {session_handle=1, sequence_number=245, block_index=245, n_measurements=1

 [mac_address=0x0001, status="SUCCESS", distance[cm]=66]}
SESSION_INFO_NTF: {session_handle=1, sequence_number=246, block_index=246, n_measurements=1

 [mac_address=0x0001, status="SUCCESS", distance[cm]=60]}
SESSION_INFO_NTF: {session_handle=1, sequence_number=247, block_index=247, n_measurements=1

 [mac_address=0x0001, status="SUCCESS", distance[cm]=64]}
SESSION_INFO_NTF: {session_handle=1, sequence_number=248, block_index=248, n_measurements=1

 [mac_address=0x0001, status="SUCCESS", distance[cm]=63]}
SESSION_INFO_NTF: {session_handle=1, sequence_number=249, block_index=249, n_measurements=1

 [mac_address=0x0001, status="SUCCESS", distance[cm]=63]}
SESSION_INFO_NTF: {session_handle=1, sequence_number=250, block_index=250, n_measurements=1

 [mac_address=0x0001, status="SUCCESS", distance[cm]=61]}
SESSION_INFO_NTF: {session_handle=1, sequence_number=251, block_index=251, n_measurements=1

 [mac_address=0x0001, status="SUCCESS", distance[cm]=63]}
SESSION_INFO_NTF: {session_handle=1, sequence_number=252, block_index=252, n_measurements=1

 [mac_address=0x0001, status="SUCCESS", distance[cm]=65]}
SESSION_INFO_NTF: {session_handle=1, sequence_number=253, block_index=253, n_measurements=1

 [mac_address=0x0001, status="SUCCESS", distance[cm]=68]}
SESSION_INFO_NTF: {session_handle=1, sequence_number=254, block_index=254, n_measurements=1

 [mac_address=0x0001, status="SUCCESS", distance[cm]=63]}
SESSION_INFO_NTF: {session_handle=1, sequence_number=255, block_index=255, n_measurements=1

 [mac_address=0x0001, status="SUCCESS", distance[cm]=66]}
SESSION_INFO_NTF: {session_handle=1, sequence_number=256, block_index=256, n_measurements=1

 [mac_address=0x0001, status="SUCCESS", distance[cm]=66]}
SESSION_INFO_NTF: {session_handle=1, sequence_number=257, block_index=257, n_measurements=1

 [mac_address=0x0001, status="SUCCESS", distance[cm]=65]}
SESSION_INFO_NTF: {session_handle=1, sequence_number=258, block_index=258, n_measurements=1

 [mac_address=0x0001, status="SUCCESS", distance[cm]=63]}
SESSION_INFO_NTF: {session_handle=1, sequence_number=259, block_index=259, n_measurements=1

 [mac_address=0x0001, status="SUCCESS", distance[cm]=66]}
SESSION_INFO_NTF: {session_handle=1, sequence_number=260, block_index=260, n_measurements=1

 [mac_address=0x0001, status="SUCCESS", distance[cm]=68]}
SESSION_INFO_NTF: {session_handle=1, sequence_number=261, block_index=261, n_measurements=1

 [mac_address=0x0001, status="SUCCESS", distance[cm]=74]}
SESSION_INFO_NTF: {session_handle=1, sequence_number=262, block_index=262, n_measurements=1

 [mac_address=0x0001, status="SUCCESS", distance[cm]=85]}
SESSION_INFO_NTF: {session_handle=1, sequence_number=263, block_index=263, n_measurements=1

 [mac_address=0x0001, status="SUCCESS", distance[cm]=59]}
SESSION_INFO_NTF: {session_handle=1, sequence_number=264, block_index=264, n_measurements=1

 [mac_address=0x0001, status="RX_TIMEOUT"]}
SESSION_INFO_NTF: {session_handle=1, sequence_number=265, block_index=265, n_measurements=1

 [mac_address=0x0001, status="SUCCESS", distance[cm]=49]}
SESSION_INFO_NTF: {session_handle=1, sequence_number=266, block_index=266, n_measurements=1

 [mac_address=0x0001, status="SUCCESS", distance[cm]=50]}
SESSION_INFO_NTF: {session_handle=1, sequence_number=267, block_index=267, n_measurements=1

 [mac_address=0x0001, status="SUCCESS", distance[cm]=61]}
SESSION_INFO_NTF: {session_handle=1, sequence_number=268, block_index=268, n_measurements=1

 [mac_address=0x0001, status="RX_TIMEOUT"]}
SESSION_INFO_NTF: {session_handle=1, sequence_number=269, block_index=269, n_measurements=1

 [mac_address=0x0001, status="SUCCESS", distance[cm]=56]}
SESSION_INFO_NTF: {session_handle=1, sequence_number=270, block_index=270, n_measurements=1

 [mac_address=0x0001, status="SUCCESS", distance[cm]=60]}
SESSION_INFO_NTF: {session_handle=1, sequence_number=271, block_index=271, n_measurements=1

 [mac_address=0x0001, status="SUCCESS", distance[cm]=63]}
SESSION_INFO_NTF: {session_handle=1, sequence_number=272, block_index=272, n_measurements=1

 [mac_address=0x0001, status="SUCCESS", distance[cm]=63]}
SESSION_INFO_NTF: {session_handle=1, sequence_number=273, block_index=273, n_measurements=1

 [mac_address=0x0001, status="SUCCESS", distance[cm]=61]}
SESSION_INFO_NTF: {session_handle=1, sequence_number=274, block_index=274, n_measurements=1

 [mac_address=0x0001, status="SUCCESS", distance[cm]=57]}
SESSION_INFO_NTF: {session_handle=1, sequence_number=275, block_index=275, n_measurements=1

 [mac_address=0x0001, status="RX_TIMEOUT"]}
SESSION_INFO_NTF: {session_handle=1, sequence_number=276, block_index=276, n_measurements=1

 [mac_address=0x0001, status="SUCCESS", distance[cm]=60]}
SESSION_INFO_NTF: {session_handle=1, sequence_number=277, block_index=277, n_measurements=1

 [mac_address=0x0001, status="RX_TIMEOUT"]}
SESSION_INFO_NTF: {session_handle=1, sequence_number=278, block_index=278, n_measurements=1

 [mac_address=0x0001, status="SUCCESS", distance[cm]=57]}
SESSION_INFO_NTF: {session_handle=1, sequence_number=279, block_index=279, n_measurements=1

 [mac_address=0x0001, status="SUCCESS", distance[cm]=53]}
SESSION_INFO_NTF: {session_handle=1, sequence_number=280, block_index=280, n_measurements=1

 [mac_address=0x0001, status="SUCCESS", distance[cm]=59]}
SESSION_INFO_NTF: {session_handle=1, sequence_number=281, block_index=281, n_measurements=1

 [mac_address=0x0001, status="SUCCESS", distance[cm]=59]}
SESSION_INFO_NTF: {session_handle=1, sequence_number=282, block_index=282, n_measurements=1

 [mac_address=0x0001, status="RX_TIMEOUT"]}
SESSION_INFO_NTF: {session_handle=1, sequence_number=283, block_index=283, n_measurements=1

 [mac_address=0x0001, status="SUCCESS", distance[cm]=56]}
SESSION_INFO_NTF: {session_handle=1, sequence_number=284, block_index=284, n_measurements=1

 [mac_address=0x0001, status="SUCCESS", distance[cm]=58]}
SESSION_INFO_NTF: {session_handle=1, sequence_number=285, block_index=285, n_measurements=1

 [mac_address=0x0001, status="SUCCESS", distance[cm]=55]}
SESSION_INFO_NTF: {session_handle=1, sequence_number=286, block_index=286, n_measurements=1

 [mac_address=0x0001, status="SUCCESS", distance[cm]=56]}
SESSION_INFO_NTF: {session_handle=1, sequence_number=287, block_index=287, n_measurements=1

 [mac_address=0x0001, status="SUCCESS", distance[cm]=58]}
SESSION_INFO_NTF: {session_handle=1, sequence_number=288, block_index=288, n_measurements=1

 [mac_address=0x0001, status="SUCCESS", distance[cm]=55]}
SESSION_INFO_NTF: {session_handle=1, sequence_number=289, block_index=289, n_measurements=1

 [mac_address=0x0001, status="SUCCESS", distance[cm]=57]}
SESSION_INFO_NTF: {session_handle=1, sequence_number=290, block_index=290, n_measurements=1

 [mac_address=0x0001, status="SUCCESS", distance[cm]=55]}
SESSION_INFO_NTF: {session_handle=1, sequence_number=291, block_index=291, n_measurements=1

 [mac_address=0x0001, status="SUCCESS", distance[cm]=85]}
SESSION_INFO_NTF: {session_handle=1, sequence_number=292, block_index=292, n_measurements=1

 [mac_address=0x0001, status="SUCCESS", distance[cm]=75]}
SESSION_INFO_NTF: {session_handle=1, sequence_number=293, block_index=293, n_measurements=1

 [mac_address=0x0001, status="SUCCESS", distance[cm]=63]}
SESSION_INFO_NTF: {session_handle=1, sequence_number=294, block_index=294, n_measurements=1

 [mac_address=0x0001, status="SUCCESS", distance[cm]=67]}
SESSION_INFO_NTF: {session_handle=1, sequence_number=295, block_index=295, n_measurements=1

 [mac_address=0x0001, status="SUCCESS", distance[cm]=69]}
SESSION_INFO_NTF: {session_handle=1, sequence_number=296, block_index=296, n_measurements=1

 [mac_address=0x0001, status="SUCCESS", distance[cm]=86]}
SESSION_INFO_NTF: {session_handle=1, sequence_number=297, block_index=297, n_measurements=1

 [mac_address=0x0001, status="SUCCESS", distance[cm]=67]}
SESSION_INFO_NTF: {session_handle=1, sequence_number=298, block_index=298, n_measurements=1

 [mac_address=0x0001, status="SUCCESS", distance[cm]=63]}
SESSION_INFO_NTF: {session_handle=1, sequence_number=299, block_index=299, n_measurements=1

 [mac_address=0x0001, status="SUCCESS", distance[cm]=68]}
SESSION_INFO_NTF: {session_handle=1, sequence_number=300, block_index=300, n_measurements=1

 [mac_address=0x0001, status="SUCCESS", distance[cm]=69]}
SESSION_INFO_NTF: {session_handle=1, sequence_number=301, block_index=301, n_measurements=1

 [mac_address=0x0001, status="SUCCESS", distance[cm]=69]}
SESSION_INFO_NTF: {session_handle=1, sequence_number=302, block_index=302, n_measurements=1

 [mac_address=0x0001, status="SUCCESS", distance[cm]=69]}
SESSION_INFO_NTF: {session_handle=1, sequence_number=303, block_index=303, n_measurements=1

 [mac_address=0x0001, status="SUCCESS", distance[cm]=69]}
SESSION_INFO_NTF: {session_handle=1, sequence_number=304, block_index=304, n_measurements=1

 [mac_address=0x0001, status="SUCCESS", distance[cm]=75]}
SESSION_INFO_NTF: {session_handle=1, sequence_number=305, block_index=305, n_measurements=1

 [mac_address=0x0001, status="SUCCESS", distance[cm]=80]}
SESSION_INFO_NTF: {session_handle=1, sequence_number=306, block_index=306, n_measurements=1

 [mac_address=0x0001, status="SUCCESS", distance[cm]=75]}
SESSION_INFO_NTF: {session_handle=1, sequence_number=307, block_index=307, n_measurements=1

 [mac_address=0x0001, status="SUCCESS", distance[cm]=70]}
SESSION_INFO_NTF: {session_handle=1, sequence_number=308, block_index=308, n_measurements=1

 [mac_address=0x0001, status="SUCCESS", distance[cm]=68]}
SESSION_INFO_NTF: {session_handle=1, sequence_number=309, block_index=309, n_measurements=1

 [mac_address=0x0001, status="SUCCESS", distance[cm]=69]}
SESSION_INFO_NTF: {session_handle=1, sequence_number=310, block_index=310, n_measurements=1

 [mac_address=0x0001, status="SUCCESS", distance[cm]=65]}
SESSION_INFO_NTF: {session_handle=1, sequence_number=311, block_index=311, n_measurements=1

 [mac_address=0x0001, status="SUCCESS", distance[cm]=60]}
SESSION_INFO_NTF: {session_handle=1, sequence_number=312, block_index=312, n_measurements=1

 [mac_address=0x0001, status="SUCCESS", distance[cm]=57]}
SESSION_INFO_NTF: {session_handle=1, sequence_number=313, block_index=313, n_measurements=1

 [mac_address=0x0001, status="SUCCESS", distance[cm]=58]}
SESSION_INFO_NTF: {session_handle=1, sequence_number=314, block_index=314, n_measurements=1

 [mac_address=0x0001, status="SUCCESS", distance[cm]=55]}
SESSION_INFO_NTF: {session_handle=1, sequence_number=315, block_index=315, n_measurements=1

 [mac_address=0x0001, status="SUCCESS", distance[cm]=59]}
SESSION_INFO_NTF: {session_handle=1, sequence_number=316, block_index=316, n_measurements=1

 [mac_address=0x0001, status="SUCCESS", distance[cm]=62]}
SESSION_INFO_NTF: {session_handle=1, sequence_number=317, block_index=317, n_measurements=1

 [mac_address=0x0001, status="SUCCESS", distance[cm]=62]}
SESSION_INFO_NTF: {session_handle=1, sequence_number=318, block_index=318, n_measurements=1

 [mac_address=0x0001, status="SUCCESS", distance[cm]=62]}
SESSION_INFO_NTF: {session_handle=1, sequence_number=319, block_index=319, n_measurements=1

 [mac_address=0x0001, status="SUCCESS", distance[cm]=65]}
SESSION_INFO_NTF: {session_handle=1, sequence_number=320, block_index=320, n_measurements=1

 [mac_address=0x0001, status="SUCCESS", distance[cm]=60]}
SESSION_INFO_NTF: {session_handle=1, sequence_number=321, block_index=321, n_measurements=1

 [mac_address=0x0001, status="SUCCESS", distance[cm]=62]}
SESSION_INFO_NTF: {session_handle=1, sequence_number=322, block_index=322, n_measurements=1

 [mac_address=0x0001, status="SUCCESS", distance[cm]=62]}
SESSION_INFO_NTF: {session_handle=1, sequence_number=323, block_index=323, n_measurements=1

 [mac_address=0x0001, status="SUCCESS", distance[cm]=65]}
SESSION_INFO_NTF: {session_handle=1, sequence_number=324, block_index=324, n_measurements=1

 [mac_address=0x0001, status="SUCCESS", distance[cm]=65]}
SESSION_INFO_NTF: {session_handle=1, sequence_number=325, block_index=325, n_measurements=1

 [mac_address=0x0001, status="SUCCESS", distance[cm]=60]}
SESSION_INFO_NTF: {session_handle=1, sequence_number=326, block_index=326, n_measurements=1

 [mac_address=0x0001, status="SUCCESS", distance[cm]=63]}
SESSION_INFO_NTF: {session_handle=1, sequence_number=327, block_index=327, n_measurements=1

 [mac_address=0x0001, status="SUCCESS", distance[cm]=58]}
SESSION_INFO_NTF: {session_handle=1, sequence_number=328, block_index=328, n_measurements=1

 [mac_address=0x0001, status="SUCCESS", distance[cm]=66]}
SESSION_INFO_NTF: {session_handle=1, sequence_number=329, block_index=329, n_measurements=1

 [mac_address=0x0001, status="SUCCESS", distance[cm]=57]}
SESSION_INFO_NTF: {session_handle=1, sequence_number=330, block_index=330, n_measurements=1

 [mac_address=0x0001, status="SUCCESS", distance[cm]=61]}
SESSION_INFO_NTF: {session_handle=1, sequence_number=331, block_index=331, n_measurements=1

 [mac_address=0x0001, status="SUCCESS", distance[cm]=63]}
SESSION_INFO_NTF: {session_handle=1, sequence_number=332, block_index=332, n_measurements=1

 [mac_address=0x0001, status="SUCCESS", distance[cm]=62]}
SESSION_INFO_NTF: {session_handle=1, sequence_number=333, block_index=333, n_measurements=1

 [mac_address=0x0001, status="SUCCESS", distance[cm]=60]}
SESSION_INFO_NTF: {session_handle=1, sequence_number=334, block_index=334, n_measurements=1

 [mac_address=0x0001, status="SUCCESS", distance[cm]=59]}
SESSION_INFO_NTF: {session_handle=1, sequence_number=335, block_index=335, n_measurements=1

 [mac_address=0x0001, status="SUCCESS", distance[cm]=61]}
SESSION_INFO_NTF: {session_handle=1, sequence_number=336, block_index=336, n_measurements=1

 [mac_address=0x0001, status="SUCCESS", distance[cm]=57]}
SESSION_INFO_NTF: {session_handle=1, sequence_number=337, block_index=337, n_measurements=1

 [mac_address=0x0001, status="SUCCESS", distance[cm]=61]}
SESSION_INFO_NTF: {session_handle=1, sequence_number=338, block_index=338, n_measurements=1

 [mac_address=0x0001, status="SUCCESS", distance[cm]=61]}
SESSION_INFO_NTF: {session_handle=1, sequence_number=339, block_index=339, n_measurements=1

 [mac_address=0x0001, status="SUCCESS", distance[cm]=59]}
SESSION_INFO_NTF: {session_handle=1, sequence_number=340, block_index=340, n_measurements=1

 [mac_address=0x0001, status="SUCCESS", distance[cm]=60]}
SESSION_INFO_NTF: {session_handle=1, sequence_number=341, block_index=341, n_measurements=1

 [mac_address=0x0001, status="SUCCESS", distance[cm]=62]}
SESSION_INFO_NTF: {session_handle=1, sequence_number=342, block_index=342, n_measurements=1

 [mac_address=0x0001, status="SUCCESS", distance[cm]=63]}
SESSION_INFO_NTF: {session_handle=1, sequence_number=343, block_index=343, n_measurements=1

 [mac_address=0x0001, status="SUCCESS", distance[cm]=63]}
SESSION_INFO_NTF: {session_handle=1, sequence_number=344, block_index=344, n_measurements=1

 [mac_address=0x0001, status="SUCCESS", distance[cm]=66]}
SESSION_INFO_NTF: {session_handle=1, sequence_number=345, block_index=345, n_measurements=1

 [mac_address=0x0001, status="SUCCESS", distance[cm]=61]}
SESSION_INFO_NTF: {session_handle=1, sequence_number=346, block_index=346, n_measurements=1

 [mac_address=0x0001, status="SUCCESS", distance[cm]=66]}
SESSION_INFO_NTF: {session_handle=1, sequence_number=347, block_index=347, n_measurements=1

 [mac_address=0x0001, status="SUCCESS", distance[cm]=61]}
SESSION_INFO_NTF: {session_handle=1, sequence_number=348, block_index=348, n_measurements=1

 [mac_address=0x0001, status="SUCCESS", distance[cm]=67]}
SESSION_INFO_NTF: {session_handle=1, sequence_number=349, block_index=349, n_measurements=1

 [mac_address=0x0001, status="SUCCESS", distance[cm]=69]}
SESSION_INFO_NTF: {session_handle=1, sequence_number=350, block_index=350, n_measurements=1

 [mac_address=0x0001, status="SUCCESS", distance[cm]=65]}
SESSION_INFO_NTF: {session_handle=1, sequence_number=351, block_index=351, n_measurements=1

 [mac_address=0x0001, status="SUCCESS", distance[cm]=63]}
SESSION_INFO_NTF: {session_handle=1, sequence_number=352, block_index=352, n_measurements=1

 [mac_address=0x0001, status="SUCCESS", distance[cm]=64]}
SESSION_INFO_NTF: {session_handle=1, sequence_number=353, block_index=353, n_measurements=1

 [mac_address=0x0001, status="SUCCESS", distance[cm]=63]}
SESSION_INFO_NTF: {session_handle=1, sequence_number=354, block_index=354, n_measurements=1

 [mac_address=0x0001, status="SUCCESS", distance[cm]=69]}
SESSION_INFO_NTF: {session_handle=1, sequence_number=355, block_index=355, n_measurements=1

 [mac_address=0x0001, status="SUCCESS", distance[cm]=63]}
SESSION_INFO_NTF: {session_handle=1, sequence_number=356, block_index=356, n_measurements=1

 [mac_address=0x0001, status="SUCCESS", distance[cm]=62]}
SESSION_INFO_NTF: {session_handle=1, sequence_number=357, block_index=357, n_measurements=1

 [mac_address=0x0001, status="SUCCESS", distance[cm]=62]}
SESSION_INFO_NTF: {session_handle=1, sequence_number=358, block_index=358, n_measurements=1

 [mac_address=0x0001, status="SUCCESS", distance[cm]=67]}
SESSION_INFO_NTF: {session_handle=1, sequence_number=359, block_index=359, n_measurements=1

 [mac_address=0x0001, status="SUCCESS", distance[cm]=67]}
SESSION_INFO_NTF: {session_handle=1, sequence_number=360, block_index=360, n_measurements=1

 [mac_address=0x0001, status="SUCCESS", distance[cm]=69]}
SESSION_INFO_NTF: {session_handle=1, sequence_number=361, block_index=361, n_measurements=1

 [mac_address=0x0001, status="SUCCESS", distance[cm]=68]}
SESSION_INFO_NTF: {session_handle=1, sequence_number=362, block_index=362, n_measurements=1

 [mac_address=0x0001, status="SUCCESS", distance[cm]=67]}
SESSION_INFO_NTF: {session_handle=1, sequence_number=363, block_index=363, n_measurements=1

 [mac_address=0x0001, status="SUCCESS", distance[cm]=64]}
SESSION_INFO_NTF: {session_handle=1, sequence_number=364, block_index=364, n_measurements=1

 [mac_address=0x0001, status="SUCCESS", distance[cm]=60]}
SESSION_INFO_NTF: {session_handle=1, sequence_number=365, block_index=365, n_measurements=1

 [mac_address=0x0001, status="SUCCESS", distance[cm]=59]}
SESSION_INFO_NTF: {session_handle=1, sequence_number=366, block_index=366, n_measurements=1

 [mac_address=0x0001, status="SUCCESS", distance[cm]=62]}
SESSION_INFO_NTF: {session_handle=1, sequence_number=367, block_index=367, n_measurements=1

 [mac_address=0x0001, status="SUCCESS", distance[cm]=60]}
SESSION_INFO_NTF: {session_handle=1, sequence_number=368, block_index=368, n_measurements=1

 [mac_address=0x0001, status="SUCCESS", distance[cm]=61]}
SESSION_INFO_NTF: {session_handle=1, sequence_number=369, block_index=369, n_measurements=1

 [mac_address=0x0001, status="SUCCESS", distance[cm]=59]}
SESSION_INFO_NTF: {session_handle=1, sequence_number=370, block_index=370, n_measurements=1

 [mac_address=0x0001, status="SUCCESS", distance[cm]=61]}
SESSION_INFO_NTF: {session_handle=1, sequence_number=371, block_index=371, n_measurements=1

 [mac_address=0x0001, status="SUCCESS", distance[cm]=58]}
SESSION_INFO_NTF: {session_handle=1, sequence_number=372, block_index=372, n_measurements=1

 [mac_address=0x0001, status="SUCCESS", distance[cm]=56]}
SESSION_INFO_NTF: {session_handle=1, sequence_number=373, block_index=373, n_measurements=1

 [mac_address=0x0001, status="SUCCESS", distance[cm]=55]}
SESSION_INFO_NTF: {session_handle=1, sequence_number=374, block_index=374, n_measurements=1

 [mac_address=0x0001, status="SUCCESS", distance[cm]=59]}
SESSION_INFO_NTF: {session_handle=1, sequence_number=375, block_index=375, n_measurements=1

 [mac_address=0x0001, status="SUCCESS", distance[cm]=58]}
SESSION_INFO_NTF: {session_handle=1, sequence_number=376, block_index=376, n_measurements=1

 [mac_address=0x0001, status="SUCCESS", distance[cm]=58]}
SESSION_INFO_NTF: {session_handle=1, sequence_number=377, block_index=377, n_measurements=1

 [mac_address=0x0001, status="SUCCESS", distance[cm]=56]}
SESSION_INFO_NTF: {session_handle=1, sequence_number=378, block_index=378, n_measurements=1

 [mac_address=0x0001, status="SUCCESS", distance[cm]=55]}
SESSION_INFO_NTF: {session_handle=1, sequence_number=379, block_index=379, n_measurements=1

 [mac_address=0x0001, status="SUCCESS", distance[cm]=52]}
SESSION_INFO_NTF: {session_handle=1, sequence_number=380, block_index=380, n_measurements=1

 [mac_address=0x0001, status="SUCCESS", distance[cm]=54]}
SESSION_INFO_NTF: {session_handle=1, sequence_number=381, block_index=381, n_measurements=1

 [mac_address=0x0001, status="SUCCESS", distance[cm]=56]}
SESSION_INFO_NTF: {session_handle=1, sequence_number=382, block_index=382, n_measurements=1

 [mac_address=0x0001, status="SUCCESS", distance[cm]=56]}
SESSION_INFO_NTF: {session_handle=1, sequence_number=383, block_index=383, n_measurements=1

 [mac_address=0x0001, status="SUCCESS", distance[cm]=54]}
SESSION_INFO_NTF: {session_handle=1, sequence_number=384, block_index=384, n_measurements=1

 [mac_address=0x0001, status="SUCCESS", distance[cm]=56]}
SESSION_INFO_NTF: {session_handle=1, sequence_number=385, block_index=385, n_measurements=1

 [mac_address=0x0001, status="SUCCESS", distance[cm]=57]}
SESSION_INFO_NTF: {session_handle=1, sequence_number=386, block_index=386, n_measurements=1

 [mac_address=0x0001, status="SUCCESS", distance[cm]=55]}
SESSION_INFO_NTF: {session_handle=1, sequence_number=387, block_index=387, n_measurements=1

 [mac_address=0x0001, status="SUCCESS", distance[cm]=56]}
SESSION_INFO_NTF: {session_handle=1, sequence_number=388, block_index=388, n_measurements=1

 [mac_address=0x0001, status="SUCCESS", distance[cm]=57]}
SESSION_INFO_NTF: {session_handle=1, sequence_number=389, block_index=389, n_measurements=1

 [mac_address=0x0001, status="SUCCESS", distance[cm]=61]}
SESSION_INFO_NTF: {session_handle=1, sequence_number=390, block_index=390, n_measurements=1

 [mac_address=0x0001, status="SUCCESS", distance[cm]=64]}
SESSION_INFO_NTF: {session_handle=1, sequence_number=391, block_index=391, n_measurements=1

 [mac_address=0x0001, status="SUCCESS", distance[cm]=62]}
SESSION_INFO_NTF: {session_handle=1, sequence_number=392, block_index=392, n_measurements=1

 [mac_address=0x0001, status="SUCCESS", distance[cm]=58]}
SESSION_INFO_NTF: {session_handle=1, sequence_number=393, block_index=393, n_measurements=1

 [mac_address=0x0001, status="SUCCESS", distance[cm]=60]}
SESSION_INFO_NTF: {session_handle=1, sequence_number=394, block_index=394, n_measurements=1

 [mac_address=0x0001, status="SUCCESS", distance[cm]=59]}
SESSION_INFO_NTF: {session_handle=1, sequence_number=395, block_index=395, n_measurements=1

 [mac_address=0x0001, status="SUCCESS", distance[cm]=58]}
SESSION_INFO_NTF: {session_handle=1, sequence_number=396, block_index=396, n_measurements=1

 [mac_address=0x0001, status="SUCCESS", distance[cm]=55]}
SESSION_INFO_NTF: {session_handle=1, sequence_number=397, block_index=397, n_measurements=1

 [mac_address=0x0001, status="SUCCESS", distance[cm]=55]}
SESSION_INFO_NTF: {session_handle=1, sequence_number=398, block_index=398, n_measurements=1

 [mac_address=0x0001, status="SUCCESS", distance[cm]=59]}
SESSION_INFO_NTF: {session_handle=1, sequence_number=399, block_index=399, n_measurements=1

 [mac_address=0x0001, status="SUCCESS", distance[cm]=55]}
SESSION_INFO_NTF: {session_handle=1, sequence_number=400, block_index=400, n_measurements=1

 [mac_address=0x0001, status="SUCCESS", distance[cm]=58]}
SESSION_INFO_NTF: {session_handle=1, sequence_number=401, block_index=401, n_measurements=1

 [mac_address=0x0001, status="SUCCESS", distance[cm]=57]}
SESSION_INFO_NTF: {session_handle=1, sequence_number=402, block_index=402, n_measurements=1

 [mac_address=0x0001, status="SUCCESS", distance[cm]=58]}
SESSION_INFO_NTF: {session_handle=1, sequence_number=403, block_index=403, n_measurements=1

 [mac_address=0x0001, status="SUCCESS", distance[cm]=56]}
SESSION_INFO_NTF: {session_handle=1, sequence_number=404, block_index=404, n_measurements=1

 [mac_address=0x0001, status="SUCCESS", distance[cm]=54]}
SESSION_INFO_NTF: {session_handle=1, sequence_number=405, block_index=405, n_measurements=1

 [mac_address=0x0001, status="SUCCESS", distance[cm]=51]}
SESSION_INFO_NTF: {session_handle=1, sequence_number=406, block_index=406, n_measurements=1

 [mac_address=0x0001, status="SUCCESS", distance[cm]=72]}
SESSION_INFO_NTF: {session_handle=1, sequence_number=407, block_index=407, n_measurements=1

 [mac_address=0x0001, status="SUCCESS", distance[cm]=71]}
sSESSION_INFO_NTF: {session_handle=1, sequence_number=408, block_index=408, n_measurements=1

 [mac_address=0x0001, status="SUCCESS", distance[cm]=74]}
tSESSION_INFO_NTF: {session_handle=1, sequence_number=409, block_index=409, n_measurements=1

 [mac_address=0x0001, status="SUCCESS", distance[cm]=84]}
SESSION_INFO_NTF: {session_handle=1, sequence_number=410, block_index=410, n_measurements=1

 [mac_address=0x0001, status="SUCCESS", distance[cm]=75]}
oSESSION_INFO_NTF: {session_handle=1, sequence_number=411, block_index=411, n_measurements=1

 [mac_address=0x0001, status="SUCCESS", distance[cm]=59]}
pSESSION_INFO_NTF: {session_handle=1, sequence_number=412, block_index=412, n_measurements=1

 [mac_address=0x0001, status="SUCCESS", distance[cm]=54]}
SESSION_INFO_NTF: {session_handle=1, sequence_number=413, block_index=413, n_measurements=1

 [mac_address=0x0001, status="SUCCESS", distance[cm]=58]}


ok
