=~=~=~=~=~=~=~=~=~=~=~= PuTTY log 2024.12.15 11:46:33 =~=~=~=~=~=~=~=~=~=~=~=
initf 4 2400 200 25 2 42 01:02:03:04:05:06:07:08 1 0 0 1 2JS0153{"F PARAMS":{
"SLOT, rstu":2400,
"Ranging Period, ms":200,
"Ranging round, slots":25,
"Ranging round usage (Unicast,SS,DS)":2,
"Session_ID":42,
"RFRAME":3,
"SFD ID":2,
"Multi node mode":1,
"Round hopping":0,
"Vupper64":"0102030405060708",
"Initiator Addr":"0x0000",
"Responder[0] Addr":"0x0001",
"Responder[1] Addr":"0x0002"
}}
ok
{"Block":0, "results":[{"Addr":"0x0001","Status":"Err"},{"Addr":"0x0002","Status":"Ok","D_cm":166,"LPDoA_deg":0.00,"LAoA_deg":0.00,"LFoM":0,"RAoA_deg":0.00,"CFO_100ppm":676}]}
{"Block":1, "results":[{"Addr":"0x0001","Status":"Err"},{"Addr":"0x0002","Status":"Ok","D_cm":171,"LPDoA_deg":0.00,"LAoA_deg":0.00,"LFoM":0,"RAoA_deg":0.00,"CFO_100ppm":669}]}
{"Block":2, "results":[{"Addr":"0x0001","Status":"Err"},{"Addr":"0x0002","Status":"Ok","D_cm":189,"LPDoA_deg":0.00,"LAoA_deg":0.00,"LFoM":0,"RAoA_deg":0.00,"CFO_100ppm":675}]}
{"Block":3, "results":[{"Addr":"0x0001","Status":"Err"},{"Addr":"0x0002","Status":"Ok","D_cm":192,"LPDoA_deg":0.00,"LAoA_deg":0.00,"LFoM":0,"RAoA_deg":0.00,"CFO_100ppm":689}]}
{"Block":4, "results":[{"Addr":"0x0001","Status":"Err"},{"Addr":"0x0002","Status":"Ok","D_cm":174,"LPDoA_deg":0.00,"LAoA_deg":0.00,"LFoM":0,"RAoA_deg":0.00,"CFO_100ppm":697}]}
{"Block":5, "results":[{"Addr":"0x0001","Status":"Err"},{"Addr":"0x0002","Status":"Ok","D_cm":179,"LPDoA_deg":0.00,"LAoA_deg":0.00,"LFoM":0,"RAoA_deg":0.00,"CFO_100ppm":657}]}
{"Block":6, "results":[{"Addr":"0x0001","Status":"Err"},{"Addr":"0x0002","Status":"Ok","D_cm":174,"LPDoA_deg":0.00,"LAoA_deg":0.00,"LFoM":0,"RAoA_deg":0.00,"CFO_100ppm":688}]}
{"Block":7, "results":[{"Addr":"0x0001","Status":"Err"},{"Addr":"0x0002","Status":"Ok","D_cm":171,"LPDoA_deg":0.00,"LAoA_deg":0.00,"LFoM":0,"RAoA_deg":0.00,"CFO_100ppm":669}]}
{"Block":8, "results":[{"Addr":"0x0001","Status":"Err"},{"Addr":"0x0002","Status":"Ok","D_cm":174,"LPDoA_deg":0.00,"LAoA_deg":0.00,"LFoM":0,"RAoA_deg":0.00,"CFO_100ppm":709}]}
{"Block":9, "results":[{"Addr":"0x0001","Status":"Err"},{"Addr":"0x0002","Status":"Ok","D_cm":178,"LPDoA_deg":0.00,"LAoA_deg":0.00,"LFoM":0,"RAoA_deg":0.00,"CFO_100ppm":683}]}
{"Block":10, "results":[{"Addr":"0x0001","Status":"Err"},{"Addr":"0x0002","Status":"Ok","D_cm":174,"LPDoA_deg":0.00,"LAoA_deg":0.00,"LFoM":0,"RAoA_deg":0.00,"CFO_100ppm":682}]}
{"Block":11, "results":[{"Addr":"0x0001","Status":"Err"},{"Addr":"0x0002","Status":"Ok","D_cm":168,"LPDoA_deg":0.00,"LAoA_deg":0.00,"LFoM":0,"RAoA_deg":0.00,"CFO_100ppm":689}]}
{"Block":12, "results":[{"Addr":"0x0001","Status":"Err"},{"Addr":"0x0002","Status":"Ok","D_cm":163,"LPDoA_deg":0.00,"LAoA_deg":0.00,"LFoM":0,"RAoA_deg":0.00,"CFO_100ppm":599}]}
{"Block":13, "results":[{"Addr":"0x0001","Status":"Err"},{"Addr":"0x0002","Status":"Ok","D_cm":161,"LPDoA_deg":0.00,"LAoA_deg":0.00,"LFoM":0,"RAoA_deg":0.00,"CFO_100ppm":588}]}
{"Block":14, "results":[{"Addr":"0x0001","Status":"Err"},{"Addr":"0x0002","Status":"Ok","D_cm":163,"LPDoA_deg":0.00,"LAoA_deg":0.00,"LFoM":0,"RAoA_deg":0.00,"CFO_100ppm":631}]}
{"Block":15, "results":[{"Addr":"0x0001","Status":"Err"},{"Addr":"0x0002","Status":"Ok","D_cm":161,"LPDoA_deg":0.00,"LAoA_deg":0.00,"LFoM":0,"RAoA_deg":0.00,"CFO_100ppm":639}]}
{"Block":16, "results":[{"Addr":"0x0001","Status":"Err"},{"Addr":"0x0002","Status":"Ok","D_cm":160,"LPDoA_deg":0.00,"LAoA_deg":0.00,"LFoM":0,"RAoA_deg":0.00,"CFO_100ppm":612}]}
{"Block":17, "results":[{"Addr":"0x0001","Status":"Err"},{"Addr":"0x0002","Status":"Ok","D_cm":159,"LPDoA_deg":0.00,"LAoA_deg":0.00,"LFoM":0,"RAoA_deg":0.00,"CFO_100ppm":625}]}
{"Block":18, "results":[{"Addr":"0x0001","Status":"Err"},{"Addr":"0x0002","Status":"Ok","D_cm":158,"LPDoA_deg":0.00,"LAoA_deg":0.00,"LFoM":0,"RAoA_deg":0.00,"CFO_100ppm":621}]}
{"Block":19, "results":[{"Addr":"0x0001","Status":"Err"},{"Addr":"0x0002","Status":"Ok","D_cm":161,"LPDoA_deg":0.00,"LAoA_deg":0.00,"LFoM":0,"RAoA_deg":0.00,"CFO_100ppm":633}]}
{"Block":20, "results":[{"Addr":"0x0001","Status":"Err"},{"Addr":"0x0002","Status":"Ok","D_cm":165,"LPDoA_deg":0.00,"LAoA_deg":0.00,"LFoM":0,"RAoA_deg":0.00,"CFO_100ppm":627}]}
{"Block":21, "results":[{"Addr":"0x0001","Status":"Err"},{"Addr":"0x0002","Status":"Ok","D_cm":160,"LPDoA_deg":0.00,"LAoA_deg":0.00,"LFoM":0,"RAoA_deg":0.00,"CFO_100ppm":619}]}
{"Block":22, "results":[{"Addr":"0x0001","Status":"Err"},{"Addr":"0x0002","Status":"Ok","D_cm":164,"LPDoA_deg":0.00,"LAoA_deg":0.00,"LFoM":0,"RAoA_deg":0.00,"CFO_100ppm":619}]}
{"Block":23, "results":[{"Addr":"0x0001","Status":"Err"},{"Addr":"0x0002","Status":"Ok","D_cm":164,"LPDoA_deg":0.00,"LAoA_deg":0.00,"LFoM":0,"RAoA_deg":0.00,"CFO_100ppm":619}]}
{"Block":24, "results":[{"Addr":"0x0001","Status":"Err"},{"Addr":"0x0002","Status":"Ok","D_cm":161,"LPDoA_deg":0.00,"LAoA_deg":0.00,"LFoM":0,"RAoA_deg":0.00,"CFO_100ppm":596}]}
{"Block":25, "results":[{"Addr":"0x0001","Status":"Err"},{"Addr":"0x0002","Status":"Ok","D_cm":160,"LPDoA_deg":0.00,"LAoA_deg":0.00,"LFoM":0,"RAoA_deg":0.00,"CFO_100ppm":634}]}
{"Block":26, "results":[{"Addr":"0x0001","Status":"Err"},{"Addr":"0x0002","Status":"Ok","D_cm":168,"LPDoA_deg":0.00,"LAoA_deg":0.00,"LFoM":0,"RAoA_deg":0.00,"CFO_100ppm":643}]}
{"Block":27, "results":[{"Addr":"0x0001","Status":"Err"},{"Addr":"0x0002","Status":"Ok","D_cm":164,"LPDoA_deg":0.00,"LAoA_deg":0.00,"LFoM":0,"RAoA_deg":0.00,"CFO_100ppm":642}]}
{"Block":28, "results":[{"Addr":"0x0001","Status":"Err"},{"Addr":"0x0002","Status":"Ok","D_cm":168,"LPDoA_deg":0.00,"LAoA_deg":0.00,"LFoM":0,"RAoA_deg":0.00,"CFO_100ppm":642}]}
{"Block":29, "results":[{"Addr":"0x0001","Status":"Err"},{"Addr":"0x0002","Status":"Ok","D_cm":165,"LPDoA_deg":0.00,"LAoA_deg":0.00,"LFoM":0,"RAoA_deg":0.00,"CFO_100ppm":630}]}
{"Block":30, "results":[{"Addr":"0x0001","Status":"Err"},{"Addr":"0x0002","Status":"Ok","D_cm":170,"LPDoA_deg":0.00,"LAoA_deg":0.00,"LFoM":0,"RAoA_deg":0.00,"CFO_100ppm":631}]}
{"Block":31, "results":[{"Addr":"0x0001","Status":"Err"},{"Addr":"0x0002","Status":"Ok","D_cm":169,"LPDoA_deg":0.00,"LAoA_deg":0.00,"LFoM":0,"RAoA_deg":0.00,"CFO_100ppm":643}]}
{"Block":32, "results":[{"Addr":"0x0001","Status":"Err"},{"Addr":"0x0002","Status":"Ok","D_cm":173,"LPDoA_deg":0.00,"LAoA_deg":0.00,"LFoM":0,"RAoA_deg":0.00,"CFO_100ppm":634}]}
{"Block":33, "results":[{"Addr":"0x0001","Status":"Err"},{"Addr":"0x0002","Status":"Ok","D_cm":172,"LPDoA_deg":0.00,"LAoA_deg":0.00,"LFoM":0,"RAoA_deg":0.00,"CFO_100ppm":645}]}
{"Block":34, "results":[{"Addr":"0x0001","Status":"Err"},{"Addr":"0x0002","Status":"Ok","D_cm":175,"LPDoA_deg":0.00,"LAoA_deg":0.00,"LFoM":0,"RAoA_deg":0.00,"CFO_100ppm":615}]}
{"Block":35, "results":[{"Addr":"0x0001","Status":"Err"},{"Addr":"0x0002","Status":"Ok","D_cm":180,"LPDoA_deg":0.00,"LAoA_deg":0.00,"LFoM":0,"RAoA_deg":0.00,"CFO_100ppm":612}]}
{"Block":36, "results":[{"Addr":"0x0001","Status":"Err"},{"Addr":"0x0002","Status":"Ok","D_cm":175,"LPDoA_deg":0.00,"LAoA_deg":0.00,"LFoM":0,"RAoA_deg":0.00,"CFO_100ppm":630}]}
{"Block":37, "results":[{"Addr":"0x0001","Status":"Err"},{"Addr":"0x0002","Status":"Ok","D_cm":185,"LPDoA_deg":0.00,"LAoA_deg":0.00,"LFoM":0,"RAoA_deg":0.00,"CFO_100ppm":618}]}
{"Block":38, "results":[{"Addr":"0x0001","Status":"Err"},{"Addr":"0x0002","Status":"Ok","D_cm":173,"LPDoA_deg":0.00,"LAoA_deg":0.00,"LFoM":0,"RAoA_deg":0.00,"CFO_100ppm":634}]}
{"Block":39, "results":[{"Addr":"0x0001","Status":"Err"},{"Addr":"0x0002","Status":"Ok","D_cm":174,"LPDoA_deg":0.00,"LAoA_deg":0.00,"LFoM":0,"RAoA_deg":0.00,"CFO_100ppm":664}]}
{"Block":40, "results":[{"Addr":"0x0001","Status":"Err"},{"Addr":"0x0002","Status":"Ok","D_cm":174,"LPDoA_deg":0.00,"LAoA_deg":0.00,"LFoM":0,"RAoA_deg":0.00,"CFO_100ppm":643}]}
{"Block":41, "results":[{"Addr":"0x0001","Status":"Err"},{"Addr":"0x0002","Status":"Ok","D_cm":181,"LPDoA_deg":0.00,"LAoA_deg":0.00,"LFoM":0,"RAoA_deg":0.00,"CFO_100ppm":630}]}
{"Block":42, "results":[{"Addr":"0x0001","Status":"Err"},{"Addr":"0x0002","Status":"Ok","D_cm":177,"LPDoA_deg":0.00,"LAoA_deg":0.00,"LFoM":0,"RAoA_deg":0.00,"CFO_100ppm":618}]}
{"Block":43, "results":[{"Addr":"0x0001","Status":"Err"},{"Addr":"0x0002","Status":"Ok","D_cm":178,"LPDoA_deg":0.00,"LAoA_deg":0.00,"LFoM":0,"RAoA_deg":0.00,"CFO_100ppm":646}]}
{"Block":44, "results":[{"Addr":"0x0001","Status":"Err"},{"Addr":"0x0002","Status":"Ok","D_cm":184,"LPDoA_deg":0.00,"LAoA_deg":0.00,"LFoM":0,"RAoA_deg":0.00,"CFO_100ppm":619}]}
{"Block":45, "results":[{"Addr":"0x0001","Status":"Err"},{"Addr":"0x0002","Status":"Ok","D_cm":177,"LPDoA_deg":0.00,"LAoA_deg":0.00,"LFoM":0,"RAoA_deg":0.00,"CFO_100ppm":630}]}
{"Block":46, "results":[{"Addr":"0x0001","Status":"Err"},{"Addr":"0x0002","Status":"Ok","D_cm":169,"LPDoA_deg":0.00,"LAoA_deg":0.00,"LFoM":0,"RAoA_deg":0.00,"CFO_100ppm":639}]}
{"Block":47, "results":[{"Addr":"0x0001","Status":"Err"},{"Addr":"0x0002","Status":"Ok","D_cm":175,"LPDoA_deg":0.00,"LAoA_deg":0.00,"LFoM":0,"RAoA_deg":0.00,"CFO_100ppm":652}]}
{"Block":48, "results":[{"Addr":"0x0001","Status":"Err"},{"Addr":"0x0002","Status":"Ok","D_cm":170,"LPDoA_deg":0.00,"LAoA_deg":0.00,"LFoM":0,"RAoA_deg":0.00,"CFO_100ppm":646}]}
{"Block":49, "results":[{"Addr":"0x0001","Status":"Err"},{"Addr":"0x0002","Status":"Ok","D_cm":170,"LPDoA_deg":0.00,"LAoA_deg":0.00,"LFoM":0,"RAoA_deg":0.00,"CFO_100ppm":612}]}
{"Block":50, "results":[{"Addr":"0x0001","Status":"Err"},{"Addr":"0x0002","Status":"Ok","D_cm":179,"LPDoA_deg":0.00,"LAoA_deg":0.00,"LFoM":0,"RAoA_deg":0.00,"CFO_100ppm":643}]}
{"Block":51, "results":[{"Addr":"0x0001","Status":"Err"},{"Addr":"0x0002","Status":"Ok","D_cm":169,"LPDoA_deg":0.00,"LAoA_deg":0.00,"LFoM":0,"RAoA_deg":0.00,"CFO_100ppm":639}]}
{"Block":52, "results":[{"Addr":"0x0001","Status":"Err"},{"Addr":"0x0002","Status":"Ok","D_cm":172,"LPDoA_deg":0.00,"LAoA_deg":0.00,"LFoM":0,"RAoA_deg":0.00,"CFO_100ppm":654}]}
{"Block":53, "results":[{"Addr":"0x0001","Status":"Err"},{"Addr":"0x0002","Status":"Ok","D_cm":171,"LPDoA_deg":0.00,"LAoA_deg":0.00,"LFoM":0,"RAoA_deg":0.00,"CFO_100ppm":642}]}
{"Block":54, "results":[{"Addr":"0x0001","Status":"Err"},{"Addr":"0x0002","Status":"Ok","D_cm":171,"LPDoA_deg":0.00,"LAoA_deg":0.00,"LFoM":0,"RAoA_deg":0.00,"CFO_100ppm":649}]}
{"Block":55, "results":[{"Addr":"0x0001","Status":"Err"},{"Addr":"0x0002","Status":"Ok","D_cm":172,"LPDoA_deg":0.00,"LAoA_deg":0.00,"LFoM":0,"RAoA_deg":0.00,"CFO_100ppm":648}]}
{"Block":56, "results":[{"Addr":"0x0001","Status":"Err"},{"Addr":"0x0002","Status":"Ok","D_cm":171,"LPDoA_deg":0.00,"LAoA_deg":0.00,"LFoM":0,"RAoA_deg":0.00,"CFO_100ppm":652}]}
{"Block":57, "results":[{"Addr":"0x0001","Status":"Err"},{"Addr":"0x0002","Status":"Ok","D_cm":171,"LPDoA_deg":0.00,"LAoA_deg":0.00,"LFoM":0,"RAoA_deg":0.00,"CFO_100ppm":646}]}
{"Block":58, "results":[{"Addr":"0x0001","Status":"Err"},{"Addr":"0x0002","Status":"Ok","D_cm":172,"LPDoA_deg":0.00,"LAoA_deg":0.00,"LFoM":0,"RAoA_deg":0.00,"CFO_100ppm":645}]}
{"Block":59, "results":[{"Addr":"0x0001","Status":"Err"},{"Addr":"0x0002","Status":"Ok","D_cm":172,"LPDoA_deg":0.00,"LAoA_deg":0.00,"LFoM":0,"RAoA_deg":0.00,"CFO_100ppm":639}]}
{"Block":60, "results":[{"Addr":"0x0001","Status":"Err"},{"Addr":"0x0002","Status":"Ok","D_cm":174,"LPDoA_deg":0.00,"LAoA_deg":0.00,"LFoM":0,"RAoA_deg":0.00,"CFO_100ppm":651}]}
{"Block":61, "results":[{"Addr":"0x0001","Status":"Err"},{"Addr":"0x0002","Status":"Ok","D_cm":177,"LPDoA_deg":0.00,"LAoA_deg":0.00,"LFoM":0,"RAoA_deg":0.00,"CFO_100ppm":652}]}
{"Block":62, "results":[{"Addr":"0x0001","Status":"Err"},{"Addr":"0x0002","Status":"Ok","D_cm":177,"LPDoA_deg":0.00,"LAoA_deg":0.00,"LFoM":0,"RAoA_deg":0.00,"CFO_100ppm":630}]}
{"Block":63, "results":[{"Addr":"0x0001","Status":"Err"},{"Addr":"0x0002","Status":"Ok","D_cm":174,"LPDoA_deg":0.00,"LAoA_deg":0.00,"LFoM":0,"RAoA_deg":0.00,"CFO_100ppm":661}]}
{"Block":64, "results":[{"Addr":"0x0001","Status":"Err"},{"Addr":"0x0002","Status":"Ok","D_cm":174,"LPDoA_deg":0.00,"LAoA_deg":0.00,"LFoM":0,"RAoA_deg":0.00,"CFO_100ppm":660}]}
{"Block":65, "results":[{"Addr":"0x0001","Status":"Err"},{"Addr":"0x0002","Status":"Ok","D_cm":175,"LPDoA_deg":0.00,"LAoA_deg":0.00,"LFoM":0,"RAoA_deg":0.00,"CFO_100ppm":637}]}
{"Block":66, "results":[{"Addr":"0x0001","Status":"Err"},{"Addr":"0x0002","Status":"Ok","D_cm":172,"LPDoA_deg":0.00,"LAoA_deg":0.00,"LFoM":0,"RAoA_deg":0.00,"CFO_100ppm":648}]}
{"Block":67, "results":[{"Addr":"0x0001","Status":"Err"},{"Addr":"0x0002","Status":"Ok","D_cm":175,"LPDoA_deg":0.00,"LAoA_deg":0.00,"LFoM":0,"RAoA_deg":0.00,"CFO_100ppm":609}]}
{"Block":68, "results":[{"Addr":"0x0001","Status":"Err"},{"Addr":"0x0002","Status":"Ok","D_cm":172,"LPDoA_deg":0.00,"LAoA_deg":0.00,"LFoM":0,"RAoA_deg":0.00,"CFO_100ppm":634}]}
{"Block":69, "results":[{"Addr":"0x0001","Status":"Err"},{"Addr":"0x0002","Status":"Ok","D_cm":173,"LPDoA_deg":0.00,"LAoA_deg":0.00,"LFoM":0,"RAoA_deg":0.00,"CFO_100ppm":622}]}
{"Block":70, "results":[{"Addr":"0x0001","Status":"Err"},{"Addr":"0x0002","Status":"Ok","D_cm":171,"LPDoA_deg":0.00,"LAoA_deg":0.00,"LFoM":0,"RAoA_deg":0.00,"CFO_100ppm":666}]}
{"Block":71, "results":[{"Addr":"0x0001","Status":"Err"},{"Addr":"0x0002","Status":"Ok","D_cm":175,"LPDoA_deg":0.00,"LAoA_deg":0.00,"LFoM":0,"RAoA_deg":0.00,"CFO_100ppm":675}]}
{"Block":72, "results":[{"Addr":"0x0001","Status":"Err"},{"Addr":"0x0002","Status":"Ok","D_cm":173,"LPDoA_deg":0.00,"LAoA_deg":0.00,"LFoM":0,"RAoA_deg":0.00,"CFO_100ppm":646}]}
{"Block":73, "results":[{"Addr":"0x0001","Status":"Err"},{"Addr":"0x0002","Status":"Ok","D_cm":175,"LPDoA_deg":0.00,"LAoA_deg":0.00,"LFoM":0,"RAoA_deg":0.00,"CFO_100ppm":643}]}
{"Block":74, "results":[{"Addr":"0x0001","Status":"Err"},{"Addr":"0x0002","Status":"Ok","D_cm":172,"LPDoA_deg":0.00,"LAoA_deg":0.00,"LFoM":0,"RAoA_deg":0.00,"CFO_100ppm":640}]}
{"Block":75, "results":[{"Addr":"0x0001","Status":"Err"},{"Addr":"0x0002","Status":"Ok","D_cm":170,"LPDoA_deg":0.00,"LAoA_deg":0.00,"LFoM":0,"RAoA_deg":0.00,"CFO_100ppm":648}]}
{"Block":76, "results":[{"Addr":"0x0001","Status":"Err"},{"Addr":"0x0002","Status":"Ok","D_cm":174,"LPDoA_deg":0.00,"LAoA_deg":0.00,"LFoM":0,"RAoA_deg":0.00,"CFO_100ppm":643}]}
{"Block":77, "results":[{"Addr":"0x0001","Status":"Err"},{"Addr":"0x0002","Status":"Ok","D_cm":172,"LPDoA_deg":0.00,"LAoA_deg":0.00,"LFoM":0,"RAoA_deg":0.00,"CFO_100ppm":628}]}
{"Block":78, "results":[{"Addr":"0x0001","Status":"Err"},{"Addr":"0x0002","Status":"Ok","D_cm":174,"LPDoA_deg":0.00,"LAoA_deg":0.00,"LFoM":0,"RAoA_deg":0.00,"CFO_100ppm":643}]}
{"Block":79, "results":[{"Addr":"0x0001","Status":"Err"},{"Addr":"0x0002","Status":"Ok","D_cm":175,"LPDoA_deg":0.00,"LAoA_deg":0.00,"LFoM":0,"RAoA_deg":0.00,"CFO_100ppm":619}]}
{"Block":80, "results":[{"Addr":"0x0001","Status":"Err"},{"Addr":"0x0002","Status":"Ok","D_cm":175,"LPDoA_deg":0.00,"LAoA_deg":0.00,"LFoM":0,"RAoA_deg":0.00,"CFO_100ppm":661}]}
{"Block":81, "results":[{"Addr":"0x0001","Status":"Err"},{"Addr":"0x0002","Status":"Ok","D_cm":177,"LPDoA_deg":0.00,"LAoA_deg":0.00,"LFoM":0,"RAoA_deg":0.00,"CFO_100ppm":643}]}
{"Block":82, "results":[{"Addr":"0x0001","Status":"Err"},{"Addr":"0x0002","Status":"Ok","D_cm":175,"LPDoA_deg":0.00,"LAoA_deg":0.00,"LFoM":0,"RAoA_deg":0.00,"CFO_100ppm":669}]}
{"Block":83, "results":[{"Addr":"0x0001","Status":"Err"},{"Addr":"0x0002","Status":"Ok","D_cm":174,"LPDoA_deg":0.00,"LAoA_deg":0.00,"LFoM":0,"RAoA_deg":0.00,"CFO_100ppm":628}]}
{"Block":84, "results":[{"Addr":"0x0001","Status":"Err"},{"Addr":"0x0002","Status":"Ok","D_cm":172,"LPDoA_deg":0.00,"LAoA_deg":0.00,"LFoM":0,"RAoA_deg":0.00,"CFO_100ppm":639}]}
{"Block":85, "results":[{"Addr":"0x0001","Status":"Err"},{"Addr":"0x0002","Status":"Ok","D_cm":176,"LPDoA_deg":0.00,"LAoA_deg":0.00,"LFoM":0,"RAoA_deg":0.00,"CFO_100ppm":658}]}
{"Block":86, "results":[{"Addr":"0x0001","Status":"Err"},{"Addr":"0x0002","Status":"Ok","D_cm":178,"LPDoA_deg":0.00,"LAoA_deg":0.00,"LFoM":0,"RAoA_deg":0.00,"CFO_100ppm":661}]}
{"Block":87, "results":[{"Addr":"0x0001","Status":"Err"},{"Addr":"0x0002","Status":"Ok","D_cm":189,"LPDoA_deg":0.00,"LAoA_deg":0.00,"LFoM":0,"RAoA_deg":0.00,"CFO_100ppm":648}]}
{"Block":88, "results":[{"Addr":"0x0001","Status":"Err"},{"Addr":"0x0002","Status":"Ok","D_cm":183,"LPDoA_deg":0.00,"LAoA_deg":0.00,"LFoM":0,"RAoA_deg":0.00,"CFO_100ppm":609}]}
{"Block":89, "results":[{"Addr":"0x0001","Status":"Err"},{"Addr":"0x0002","Status":"Ok","D_cm":176,"LPDoA_deg":0.00,"LAoA_deg":0.00,"LFoM":0,"RAoA_deg":0.00,"CFO_100ppm":646}]}
{"Block":90, "results":[{"Addr":"0x0001","Status":"Err"},{"Addr":"0x0002","Status":"Ok","D_cm":174,"LPDoA_deg":0.00,"LAoA_deg":0.00,"LFoM":0,"RAoA_deg":0.00,"CFO_100ppm":648}]}
{"Block":91, "results":[{"Addr":"0x0001","Status":"Err"},{"Addr":"0x0002","Status":"Ok","D_cm":175,"LPDoA_deg":0.00,"LAoA_deg":0.00,"LFoM":0,"RAoA_deg":0.00,"CFO_100ppm":658}]}
{"Block":92, "results":[{"Addr":"0x0001","Status":"Err"},{"Addr":"0x0002","Status":"Ok","D_cm":182,"LPDoA_deg":0.00,"LAoA_deg":0.00,"LFoM":0,"RAoA_deg":0.00,"CFO_100ppm":651}]}
{"Block":93, "results":[{"Addr":"0x0001","Status":"Err"},{"Addr":"0x0002","Status":"Ok","D_cm":171,"LPDoA_deg":0.00,"LAoA_deg":0.00,"LFoM":0,"RAoA_deg":0.00,"CFO_100ppm":666}]}
{"Block":94, "results":[{"Addr":"0x0001","Status":"Err"},{"Addr":"0x0002","Status":"Ok","D_cm":181,"LPDoA_deg":0.00,"LAoA_deg":0.00,"LFoM":0,"RAoA_deg":0.00,"CFO_100ppm":648}]}
{"Block":95, "results":[{"Addr":"0x0001","Status":"Err"},{"Addr":"0x0002","Status":"Ok","D_cm":178,"LPDoA_deg":0.00,"LAoA_deg":0.00,"LFoM":0,"RAoA_deg":0.00,"CFO_100ppm":672}]}
{"Block":96, "results":[{"Addr":"0x0001","Status":"Err"},{"Addr":"0x0002","Status":"Ok","D_cm":172,"LPDoA_deg":0.00,"LAoA_deg":0.00,"LFoM":0,"RAoA_deg":0.00,"CFO_100ppm":634}]}
{"Block":97, "results":[{"Addr":"0x0001","Status":"Err"},{"Addr":"0x0002","Status":"Ok","D_cm":176,"LPDoA_deg":0.00,"LAoA_deg":0.00,"LFoM":0,"RAoA_deg":0.00,"CFO_100ppm":654}]}
{"Block":98, "results":[{"Addr":"0x0001","Status":"Err"},{"Addr":"0x0002","Status":"Ok","D_cm":174,"LPDoA_deg":0.00,"LAoA_deg":0.00,"LFoM":0,"RAoA_deg":0.00,"CFO_100ppm":654}]}
{"Block":99, "results":[{"Addr":"0x0001","Status":"Err"},{"Addr":"0x0002","Status":"Ok","D_cm":172,"LPDoA_deg":0.00,"LAoA_deg":0.00,"LFoM":0,"RAoA_deg":0.00,"CFO_100ppm":663}]}
{"Block":100, "results":[{"Addr":"0x0001","Status":"Err"},{"Addr":"0x0002","Status":"Ok","D_cm":170,"LPDoA_deg":0.00,"LAoA_deg":0.00,"LFoM":0,"RAoA_deg":0.00,"CFO_100ppm":666}]}
{"Block":101, "results":[{"Addr":"0x0001","Status":"Err"},{"Addr":"0x0002","Status":"Ok","D_cm":172,"LPDoA_deg":0.00,"LAoA_deg":0.00,"LFoM":0,"RAoA_deg":0.00,"CFO_100ppm":648}]}
{"Block":102, "results":[{"Addr":"0x0001","Status":"Err"},{"Addr":"0x0002","Status":"Ok","D_cm":174,"LPDoA_deg":0.00,"LAoA_deg":0.00,"LFoM":0,"RAoA_deg":0.00,"CFO_100ppm":646}]}
{"Block":103, "results":[{"Addr":"0x0001","Status":"Err"},{"Addr":"0x0002","Status":"Ok","D_cm":180,"LPDoA_deg":0.00,"LAoA_deg":0.00,"LFoM":0,"RAoA_deg":0.00,"CFO_100ppm":651}]}
{"Block":104, "results":[{"Addr":"0x0001","Status":"Err"},{"Addr":"0x0002","Status":"Ok","D_cm":171,"LPDoA_deg":0.00,"LAoA_deg":0.00,"LFoM":0,"RAoA_deg":0.00,"CFO_100ppm":651}]}
{"Block":105, "results":[{"Addr":"0x0001","Status":"Err"},{"Addr":"0x0002","Status":"Ok","D_cm":174,"LPDoA_deg":0.00,"LAoA_deg":0.00,"LFoM":0,"RAoA_deg":0.00,"CFO_100ppm":646}]}
{"Block":106, "results":[{"Addr":"0x0001","Status":"Err"},{"Addr":"0x0002","Status":"Ok","D_cm":177,"LPDoA_deg":0.00,"LAoA_deg":0.00,"LFoM":0,"RAoA_deg":0.00,"CFO_100ppm":637}]}
{"Block":107, "results":[{"Addr":"0x0001","Status":"Err"},{"Addr":"0x0002","Status":"Ok","D_cm":174,"LPDoA_deg":0.00,"LAoA_deg":0.00,"LFoM":0,"RAoA_deg":0.00,"CFO_100ppm":642}]}
{"Block":108, "results":[{"Addr":"0x0001","Status":"Err"},{"Addr":"0x0002","Status":"Ok","D_cm":179,"LPDoA_deg":0.00,"LAoA_deg":0.00,"LFoM":0,"RAoA_deg":0.00,"CFO_100ppm":657}]}
{"Block":109, "results":[{"Addr":"0x0001","Status":"Err"},{"Addr":"0x0002","Status":"Ok","D_cm":176,"LPDoA_deg":0.00,"LAoA_deg":0.00,"LFoM":0,"RAoA_deg":0.00,"CFO_100ppm":654}]}
{"Block":110, "results":[{"Addr":"0x0001","Status":"Err"},{"Addr":"0x0002","Status":"Ok","D_cm":180,"LPDoA_deg":0.00,"LAoA_deg":0.00,"LFoM":0,"RAoA_deg":0.00,"CFO_100ppm":657}]}
{"Block":111, "results":[{"Addr":"0x0001","Status":"Err"},{"Addr":"0x0002","Status":"Ok","D_cm":170,"LPDoA_deg":0.00,"LAoA_deg":0.00,"LFoM":0,"RAoA_deg":0.00,"CFO_100ppm":657}]}
{"Block":112, "results":[{"Addr":"0x0001","Status":"Err"},{"Addr":"0x0002","Status":"Ok","D_cm":174,"LPDoA_deg":0.00,"LAoA_deg":0.00,"LFoM":0,"RAoA_deg":0.00,"CFO_100ppm":667}]}
{"Block":113, "results":[{"Addr":"0x0001","Status":"Err"},{"Addr":"0x0002","Status":"Ok","D_cm":170,"LPDoA_deg":0.00,"LAoA_deg":0.00,"LFoM":0,"RAoA_deg":0.00,"CFO_100ppm":645}]}
{"Block":114, "results":[{"Addr":"0x0001","Status":"Err"},{"Addr":"0x0002","Status":"Ok","D_cm":176,"LPDoA_deg":0.00,"LAoA_deg":0.00,"LFoM":0,"RAoA_deg":0.00,"CFO_100ppm":657}]}
{"Block":115, "results":[{"Addr":"0x0001","Status":"Err"},{"Addr":"0x0002","Status":"Ok","D_cm":173,"LPDoA_deg":0.00,"LAoA_deg":0.00,"LFoM":0,"RAoA_deg":0.00,"CFO_100ppm":660}]}
{"Block":116, "results":[{"Addr":"0x0001","Status":"Err"},{"Addr":"0x0002","Status":"Ok","D_cm":174,"LPDoA_deg":0.00,"LAoA_deg":0.00,"LFoM":0,"RAoA_deg":0.00,"CFO_100ppm":660}]}
{"Block":117, "results":[{"Addr":"0x0001","Status":"Err"},{"Addr":"0x0002","Status":"Ok","D_cm":181,"LPDoA_deg":0.00,"LAoA_deg":0.00,"LFoM":0,"RAoA_deg":0.00,"CFO_100ppm":654}]}
{"Block":118, "results":[{"Addr":"0x0001","Status":"Err"},{"Addr":"0x0002","Status":"Ok","D_cm":171,"LPDoA_deg":0.00,"LAoA_deg":0.00,"LFoM":0,"RAoA_deg":0.00,"CFO_100ppm":630}]}
{"Block":119, "results":[{"Addr":"0x0001","Status":"Err"},{"Addr":"0x0002","Status":"Ok","D_cm":171,"LPDoA_deg":0.00,"LAoA_deg":0.00,"LFoM":0,"RAoA_deg":0.00,"CFO_100ppm":627}]}
{"Block":120, "results":[{"Addr":"0x0001","Status":"Err"},{"Addr":"0x0002","Status":"Ok","D_cm":177,"LPDoA_deg":0.00,"LAoA_deg":0.00,"LFoM":0,"RAoA_deg":0.00,"CFO_100ppm":657}]}
{"Block":121, "results":[{"Addr":"0x0001","Status":"Err"},{"Addr":"0x0002","Status":"Ok","D_cm":174,"LPDoA_deg":0.00,"LAoA_deg":0.00,"LFoM":0,"RAoA_deg":0.00,"CFO_100ppm":648}]}
{"Block":122, "results":[{"Addr":"0x0001","Status":"Err"},{"Addr":"0x0002","Status":"Ok","D_cm":170,"LPDoA_deg":0.00,"LAoA_deg":0.00,"LFoM":0,"RAoA_deg":0.00,"CFO_100ppm":639}]}
{"Block":123, "results":[{"Addr":"0x0001","Status":"Err"},{"Addr":"0x0002","Status":"Ok","D_cm":173,"LPDoA_deg":0.00,"LAoA_deg":0.00,"LFoM":0,"RAoA_deg":0.00,"CFO_100ppm":678}]}
{"Block":124, "results":[{"Addr":"0x0001","Status":"Err"},{"Addr":"0x0002","Status":"Ok","D_cm":174,"LPDoA_deg":0.00,"LAoA_deg":0.00,"LFoM":0,"RAoA_deg":0.00,"CFO_100ppm":643}]}
{"Block":125, "results":[{"Addr":"0x0001","Status":"Err"},{"Addr":"0x0002","Status":"Ok","D_cm":173,"LPDoA_deg":0.00,"LAoA_deg":0.00,"LFoM":0,"RAoA_deg":0.00,"CFO_100ppm":649}]}
{"Block":126, "results":[{"Addr":"0x0001","Status":"Err"},{"Addr":"0x0002","Status":"Ok","D_cm":175,"LPDoA_deg":0.00,"LAoA_deg":0.00,"LFoM":0,"RAoA_deg":0.00,"CFO_100ppm":678}]}
{"Block":127, "results":[{"Addr":"0x0001","Status":"Err"},{"Addr":"0x0002","Status":"Ok","D_cm":181,"LPDoA_deg":0.00,"LAoA_deg":0.00,"LFoM":0,"RAoA_deg":0.00,"CFO_100ppm":649}]}
{"Block":128, "results":[{"Addr":"0x0001","Status":"Err"},{"Addr":"0x0002","Status":"Ok","D_cm":176,"LPDoA_deg":0.00,"LAoA_deg":0.00,"LFoM":0,"RAoA_deg":0.00,"CFO_100ppm":691}]}
{"Block":129, "results":[{"Addr":"0x0001","Status":"Err"},{"Addr":"0x0002","Status":"Ok","D_cm":181,"LPDoA_deg":0.00,"LAoA_deg":0.00,"LFoM":0,"RAoA_deg":0.00,"CFO_100ppm":680}]}
{"Block":130, "results":[{"Addr":"0x0001","Status":"Err"},{"Addr":"0x0002","Status":"Ok","D_cm":177,"LPDoA_deg":0.00,"LAoA_deg":0.00,"LFoM":0,"RAoA_deg":0.00,"CFO_100ppm":651}]}
{"Block":131, "results":[{"Addr":"0x0001","Status":"Err"},{"Addr":"0x0002","Status":"Ok","D_cm":181,"LPDoA_deg":0.00,"LAoA_deg":0.00,"LFoM":0,"RAoA_deg":0.00,"CFO_100ppm":639}]}
{"Block":132, "results":[{"Addr":"0x0001","Status":"Err"},{"Addr":"0x0002","Status":"Ok","D_cm":171,"LPDoA_deg":0.00,"LAoA_deg":0.00,"LFoM":0,"RAoA_deg":0.00,"CFO_100ppm":634}]}
{"Block":133, "results":[{"Addr":"0x0001","Status":"Err"},{"Addr":"0x0002","Status":"Ok","D_cm":170,"LPDoA_deg":0.00,"LAoA_deg":0.00,"LFoM":0,"RAoA_deg":0.00,"CFO_100ppm":651}]}
{"Block":134, "results":[{"Addr":"0x0001","Status":"Err"},{"Addr":"0x0002","Status":"Ok","D_cm":178,"LPDoA_deg":0.00,"LAoA_deg":0.00,"LFoM":0,"RAoA_deg":0.00,"CFO_100ppm":654}]}
{"Block":135, "results":[{"Addr":"0x0001","Status":"Err"},{"Addr":"0x0002","Status":"Ok","D_cm":178,"LPDoA_deg":0.00,"LAoA_deg":0.00,"LFoM":0,"RAoA_deg":0.00,"CFO_100ppm":655}]}
{"Block":136, "results":[{"Addr":"0x0001","Status":"Err"},{"Addr":"0x0002","Status":"Ok","D_cm":174,"LPDoA_deg":0.00,"LAoA_deg":0.00,"LFoM":0,"RAoA_deg":0.00,"CFO_100ppm":648}]}
{"Block":137, "results":[{"Addr":"0x0001","Status":"Err"},{"Addr":"0x0002","Status":"Ok","D_cm":185,"LPDoA_deg":0.00,"LAoA_deg":0.00,"LFoM":0,"RAoA_deg":0.00,"CFO_100ppm":655}]}
{"Block":138, "results":[{"Addr":"0x0001","Status":"Err"},{"Addr":"0x0002","Status":"Ok","D_cm":170,"LPDoA_deg":0.00,"LAoA_deg":0.00,"LFoM":0,"RAoA_deg":0.00,"CFO_100ppm":643}]}
{"Block":139, "results":[{"Addr":"0x0001","Status":"Err"},{"Addr":"0x0002","Status":"Ok","D_cm":174,"LPDoA_deg":0.00,"LAoA_deg":0.00,"LFoM":0,"RAoA_deg":0.00,"CFO_100ppm":678}]}
{"Block":140, "results":[{"Addr":"0x0001","Status":"Err"},{"Addr":"0x0002","Status":"Ok","D_cm":167,"LPDoA_deg":0.00,"LAoA_deg":0.00,"LFoM":0,"RAoA_deg":0.00,"CFO_100ppm":642}]}
{"Block":141, "results":[{"Addr":"0x0001","Status":"Err"},{"Addr":"0x0002","Status":"Ok","D_cm":165,"LPDoA_deg":0.00,"LAoA_deg":0.00,"LFoM":0,"RAoA_deg":0.00,"CFO_100ppm":663}]}
{"Block":142, "results":[{"Addr":"0x0001","Status":"Err"},{"Addr":"0x0002","Status":"Ok","D_cm":171,"LPDoA_deg":0.00,"LAoA_deg":0.00,"LFoM":0,"RAoA_deg":0.00,"CFO_100ppm":680}]}
{"Block":143, "results":[{"Addr":"0x0001","Status":"Err"},{"Addr":"0x0002","Status":"Ok","D_cm":172,"LPDoA_deg":0.00,"LAoA_deg":0.00,"LFoM":0,"RAoA_deg":0.00,"CFO_100ppm":652}]}
{"Block":144, "results":[{"Addr":"0x0001","Status":"Err"},{"Addr":"0x0002","Status":"Ok","D_cm":179,"LPDoA_deg":0.00,"LAoA_deg":0.00,"LFoM":0,"RAoA_deg":0.00,"CFO_100ppm":648}]}
{"Block":145, "results":[{"Addr":"0x0001","Status":"Err"},{"Addr":"0x0002","Status":"Ok","D_cm":178,"LPDoA_deg":0.00,"LAoA_deg":0.00,"LFoM":0,"RAoA_deg":0.00,"CFO_100ppm":646}]}
{"Block":146, "results":[{"Addr":"0x0001","Status":"Err"},{"Addr":"0x0002","Status":"Ok","D_cm":176,"LPDoA_deg":0.00,"LAoA_deg":0.00,"LFoM":0,"RAoA_deg":0.00,"CFO_100ppm":666}]}
{"Block":147, "results":[{"Addr":"0x0001","Status":"Err"},{"Addr":"0x0002","Status":"Ok","D_cm":179,"LPDoA_deg":0.00,"LAoA_deg":0.00,"LFoM":0,"RAoA_deg":0.00,"CFO_100ppm":651}]}
{"Block":148, "results":[{"Addr":"0x0001","Status":"Err"},{"Addr":"0x0002","Status":"Ok","D_cm":173,"LPDoA_deg":0.00,"LAoA_deg":0.00,"LFoM":0,"RAoA_deg":0.00,"CFO_100ppm":666}]}
{"Block":149, "results":[{"Addr":"0x0001","Status":"Err"},{"Addr":"0x0002","Status":"Ok","D_cm":168,"LPDoA_deg":0.00,"LAoA_deg":0.00,"LFoM":0,"RAoA_deg":0.00,"CFO_100ppm":657}]}
{"Block":150, "results":[{"Addr":"0x0001","Status":"Err"},{"Addr":"0x0002","Status":"Ok","D_cm":170,"LPDoA_deg":0.00,"LAoA_deg":0.00,"LFoM":0,"RAoA_deg":0.00,"CFO_100ppm":661}]}
{"Block":151, "results":[{"Addr":"0x0001","Status":"Err"},{"Addr":"0x0002","Status":"Ok","D_cm":168,"LPDoA_deg":0.00,"LAoA_deg":0.00,"LFoM":0,"RAoA_deg":0.00,"CFO_100ppm":643}]}
{"Block":152, "results":[{"Addr":"0x0001","Status":"Err"},{"Addr":"0x0002","Status":"Ok","D_cm":172,"LPDoA_deg":0.00,"LAoA_deg":0.00,"LFoM":0,"RAoA_deg":0.00,"CFO_100ppm":642}]}
{"Block":153, "results":[{"Addr":"0x0001","Status":"Err"},{"Addr":"0x0002","Status":"Ok","D_cm":175,"LPDoA_deg":0.00,"LAoA_deg":0.00,"LFoM":0,"RAoA_deg":0.00,"CFO_100ppm":660}]}
{"Block":154, "results":[{"Addr":"0x0001","Status":"Err"},{"Addr":"0x0002","Status":"Ok","D_cm":178,"LPDoA_deg":0.00,"LAoA_deg":0.00,"LFoM":0,"RAoA_deg":0.00,"CFO_100ppm":683}]}
{"Block":155, "results":[{"Addr":"0x0001","Status":"Err"},{"Addr":"0x0002","Status":"Ok","D_cm":179,"LPDoA_deg":0.00,"LAoA_deg":0.00,"LFoM":0,"RAoA_deg":0.00,"CFO_100ppm":654}]}
{"Block":156, "results":[{"Addr":"0x0001","Status":"Err"},{"Addr":"0x0002","Status":"Ok","D_cm":182,"LPDoA_deg":0.00,"LAoA_deg":0.00,"LFoM":0,"RAoA_deg":0.00,"CFO_100ppm":637}]}
{"Block":157, "results":[{"Addr":"0x0001","Status":"Err"},{"Addr":"0x0002","Status":"Ok","D_cm":177,"LPDoA_deg":0.00,"LAoA_deg":0.00,"LFoM":0,"RAoA_deg":0.00,"CFO_100ppm":661}]}
{"Block":158, "results":[{"Addr":"0x0001","Status":"Err"},{"Addr":"0x0002","Status":"Ok","D_cm":174,"LPDoA_deg":0.00,"LAoA_deg":0.00,"LFoM":0,"RAoA_deg":0.00,"CFO_100ppm":676}]}
{"Block":159, "results":[{"Addr":"0x0001","Status":"Err"},{"Addr":"0x0002","Status":"Ok","D_cm":172,"LPDoA_deg":0.00,"LAoA_deg":0.00,"LFoM":0,"RAoA_deg":0.00,"CFO_100ppm":670}]}
{"Block":160, "results":[{"Addr":"0x0001","Status":"Err"},{"Addr":"0x0002","Status":"Ok","D_cm":181,"LPDoA_deg":0.00,"LAoA_deg":0.00,"LFoM":0,"RAoA_deg":0.00,"CFO_100ppm":657}]}
{"Block":161, "results":[{"Addr":"0x0001","Status":"Err"},{"Addr":"0x0002","Status":"Ok","D_cm":175,"LPDoA_deg":0.00,"LAoA_deg":0.00,"LFoM":0,"RAoA_deg":0.00,"CFO_100ppm":670}]}
{"Block":162, "results":[{"Addr":"0x0001","Status":"Err"},{"Addr":"0x0002","Status":"Ok","D_cm":181,"LPDoA_deg":0.00,"LAoA_deg":0.00,"LFoM":0,"RAoA_deg":0.00,"CFO_100ppm":673}]}
{"Block":163, "results":[{"Addr":"0x0001","Status":"Err"},{"Addr":"0x0002","Status":"Ok","D_cm":173,"LPDoA_deg":0.00,"LAoA_deg":0.00,"LFoM":0,"RAoA_deg":0.00,"CFO_100ppm":639}]}
{"Block":164, "results":[{"Addr":"0x0001","Status":"Err"},{"Addr":"0x0002","Status":"Ok","D_cm":171,"LPDoA_deg":0.00,"LAoA_deg":0.00,"LFoM":0,"RAoA_deg":0.00,"CFO_100ppm":676}]}
{"Block":165, "results":[{"Addr":"0x0001","Status":"Err"},{"Addr":"0x0002","Status":"Ok","D_cm":172,"LPDoA_deg":0.00,"LAoA_deg":0.00,"LFoM":0,"RAoA_deg":0.00,"CFO_100ppm":663}]}
{"Block":166, "results":[{"Addr":"0x0001","Status":"Err"},{"Addr":"0x0002","Status":"Ok","D_cm":171,"LPDoA_deg":0.00,"LAoA_deg":0.00,"LFoM":0,"RAoA_deg":0.00,"CFO_100ppm":655}]}
{"Block":167, "results":[{"Addr":"0x0001","Status":"Err"},{"Addr":"0x0002","Status":"Ok","D_cm":174,"LPDoA_deg":0.00,"LAoA_deg":0.00,"LFoM":0,"RAoA_deg":0.00,"CFO_100ppm":661}]}
{"Block":168, "results":[{"Addr":"0x0001","Status":"Err"},{"Addr":"0x0002","Status":"Ok","D_cm":164,"LPDoA_deg":0.00,"LAoA_deg":0.00,"LFoM":0,"RAoA_deg":0.00,"CFO_100ppm":661}]}
{"Block":169, "results":[{"Addr":"0x0001","Status":"Err"},{"Addr":"0x0002","Status":"Ok","D_cm":164,"LPDoA_deg":0.00,"LAoA_deg":0.00,"LFoM":0,"RAoA_deg":0.00,"CFO_100ppm":648}]}
{"Block":170, "results":[{"Addr":"0x0001","Status":"Err"},{"Addr":"0x0002","Status":"Ok","D_cm":164,"LPDoA_deg":0.00,"LAoA_deg":0.00,"LFoM":0,"RAoA_deg":0.00,"CFO_100ppm":660}]}
{"Block":171, "results":[{"Addr":"0x0001","Status":"Err"},{"Addr":"0x0002","Status":"Ok","D_cm":168,"LPDoA_deg":0.00,"LAoA_deg":0.00,"LFoM":0,"RAoA_deg":0.00,"CFO_100ppm":655}]}
{"Block":172, "results":[{"Addr":"0x0001","Status":"Err"},{"Addr":"0x0002","Status":"Ok","D_cm":164,"LPDoA_deg":0.00,"LAoA_deg":0.00,"LFoM":0,"RAoA_deg":0.00,"CFO_100ppm":661}]}
{"Block":173, "results":[{"Addr":"0x0001","Status":"Err"},{"Addr":"0x0002","Status":"Ok","D_cm":162,"LPDoA_deg":0.00,"LAoA_deg":0.00,"LFoM":0,"RAoA_deg":0.00,"CFO_100ppm":666}]}
{"Block":174, "results":[{"Addr":"0x0001","Status":"Err"},{"Addr":"0x0002","Status":"Ok","D_cm":163,"LPDoA_deg":0.00,"LAoA_deg":0.00,"LFoM":0,"RAoA_deg":0.00,"CFO_100ppm":670}]}
{"Block":175, "results":[{"Addr":"0x0001","Status":"Err"},{"Addr":"0x0002","Status":"Ok","D_cm":165,"LPDoA_deg":0.00,"LAoA_deg":0.00,"LFoM":0,"RAoA_deg":0.00,"CFO_100ppm":630}]}
{"Block":176, "results":[{"Addr":"0x0001","Status":"Err"},{"Addr":"0x0002","Status":"Ok","D_cm":170,"LPDoA_deg":0.00,"LAoA_deg":0.00,"LFoM":0,"RAoA_deg":0.00,"CFO_100ppm":664}]}
{"Block":177, "results":[{"Addr":"0x0001","Status":"Err"},{"Addr":"0x0002","Status":"Ok","D_cm":171,"LPDoA_deg":0.00,"LAoA_deg":0.00,"LFoM":0,"RAoA_deg":0.00,"CFO_100ppm":682}]}
{"Block":178, "results":[{"Addr":"0x0001","Status":"Err"},{"Addr":"0x0002","Status":"Ok","D_cm":159,"LPDoA_deg":0.00,"LAoA_deg":0.00,"LFoM":0,"RAoA_deg":0.00,"CFO_100ppm":637}]}
s{"Block":179, "results":[{"Addr":"0x0001","Status":"Err"},{"Addr":"0x0002","Status":"Ok","D_cm":169,"LPDoA_deg":0.00,"LAoA_deg":0.00,"LFoM":0,"RAoA_deg":0.00,"CFO_100ppm":660}]}
{"Block":180, "results":[{"Addr":"0x0001","Status":"Err"},{"Addr":"0x0002","Status":"Ok","D_cm":158,"LPDoA_deg":0.00,"LAoA_deg":0.00,"LFoM":0,"RAoA_deg":0.00,"CFO_100ppm":676}]}
t{"Block":181, "results":[{"Addr":"0x0001","Status":"Err"},{"Addr":"0x0002","Status":"Ok","D_cm":152,"LPDoA_deg":0.00,"LAoA_deg":0.00,"LFoM":0,"RAoA_deg":0.00,"CFO_100ppm":645}]}
{"Block":182, "results":[{"Addr":"0x0001","Status":"Err"},{"Addr":"0x0002","Status":"Ok","D_cm":173,"LPDoA_deg":0.00,"LAoA_deg":0.00,"LFoM":0,"RAoA_deg":0.00,"CFO_100ppm":652}]}
o{"Block":183, "results":[{"Addr":"0x0001","Status":"Err"},{"Addr":"0x0002","Status":"Ok","D_cm":166,"LPDoA_deg":0.00,"LAoA_deg":0.00,"LFoM":0,"RAoA_deg":0.00,"CFO_100ppm":678}]}
p{"Block":184, "results":[{"Addr":"0x0001","Status":"Err"},{"Addr":"0x0002","Status":"Ok","D_cm":165,"LPDoA_deg":0.00,"LAoA_deg":0.00,"LFoM":0,"RAoA_deg":0.00,"CFO_100ppm":639}]}
{"Block":185, "results":[{"Addr":"0x0001","Status":"Err"},{"Addr":"0x0002","Status":"Ok","D_cm":164,"LPDoA_deg":0.00,"LAoA_deg":0.00,"LFoM":0,"RAoA_deg":0.00,"CFO_100ppm":654}]}

ok
{"Block":186, "results":[{"Addr":"0x0001","Status":"Err"},{"Addr":"0x0002","Status":"Ok","D_cm":168,"LPDoA_deg":0.00,"LAoA_deg":0.00,"LFoM":0,"RAoA_deg":0.00,"CFO_100ppm":663}]}
{"Session Stopped":"Stop request"}
